# Legend:
# AKXD origin = AKR/J x DBA/2J
# A = AKR/J
# D = DBA/2J
# . = untyped
# Z = heterozygous
# X = new allele
# ? = ambigous typing
# * = inconsistent typing
#
# field 1: RI set designation
# field 2: chromosome
# field 3: cM  (-1.0 = syntenic)
# field 4: marker symbol
# field 5: marker ID
# field 6: allele symbol
# field 7-25: 1 2 3 6 7 8 9 10 11 12 13 14 15 16 17 18 20 21 22 23 24 25 26 27 28
# field 26: reference
# field 27: reference citation
#
AKXD	1	-1.0	Amh-rs1	MGI:88007		A	D	D	D	D	D	A	A	A	A	A	D	D	D	A	A	A	D	A	A	D	.	A	D	A	J:3252	King TR, Genomics 1991 Oct;11(2):273-83	
AKXD	1	-1.0	Cryg	MGI:88520		A	D	D	D	D	A	A	A	A	A	A	D	D	D	A	A	D	D	A	A	D	A	A	A	A	J:9121	Skow LC, Genomics 1987 Nov;1(3):283-6	J:3252	King TR, Genomics 1991 Oct;11(2):273-83	
AKXD	1	-1.0	D1Bir3	MGI:91362		A	D	A	D	D	A	A	D	A	D	A	A	A	D	D	A	D	A	A	A	A	D	A	A	A	J:3011	Birkenmeier EH, Mamm Genome 1992;3(10):537-45	
AKXD	1	-1.0	Gas10	MGI:95656		A	D	D	D	D	D	A	A	A	A	A	D	D	D	.	A	A	D	A	A	D	D	A	D	A	J:2945	Colombo MP, Mamm Genome 1992;2(2):130-4	
AKXD	1	-1.0	Len1	MGI:96771		A	D	D	D	D	A	A	A	A	A	A	D	D	D	A	A	D	D	A	A	D	.	A	A	A	J:3252	King TR, Genomics 1991 Oct;11(2):273-83	
AKXD	1	-1.0	Lmyc2	MGI:96800		D	D	D	D	A	D	A	D	A	A	A	A	D	D	A	A	A	A	A	A	A	D	A	D	A	J:9772	Campbell GR, Oncogene Res 1989;4(1):47-54	
AKXD	1	-1.0	Mpmv22	MGI:97091		A	D	A	D	A	A	A	A	A	D	A	D	D	A	A	A	A	A	A	A	D	D	A	D	D	J:10331	Frankel WN, Genetics 1990 Feb;124(2):221-36	
AKXD	1	-1.0	Mpmv25	MGI:97094		A	D	A	D	A	A	A	A	A	D	A	D	A	D	A	A	A	A	A	A	D	A	A	D	D	J:10331	Frankel WN, Genetics 1990 Feb;124(2):221-36	
AKXD	1	-1.0	Odc-rs1	MGI:97403		A	D	A	D	D	A	D	D	A	D	A	A	A	D	A	A	D	A	D	D	A	D	A	A	D	J:953	Richards-Smith BA, Mamm Genome 1992;2(4):215-32	J:7978	Elliott RW, In Vitro Cell Dev Biol 1985 Aug;21(8):477-84	
AKXD	1	-1.0	Odc-rs10	MGI:97404		D	D	D	D	D	D	D	D	D	A	A	D	D	D	A	D	D	D	A	D	A	A	A	D	A	J:953	Richards-Smith BA, Mamm Genome 1992;2(4):215-32	
AKXD	1	-1.0	Xmmv9	MGI:99053		A	D	A	D	D	A	A	D	A	D	A	A	A	D	D	A	D	A	A	A	A	D	A	A	A	J:7348	Wejman JC, J Virol 1984 Apr;50(1):237-47	J:7978	Elliott RW, In Vitro Cell Dev Biol 1985 Aug;21(8):477-84	
AKXD	1	-1.0	Xmv21	MGI:99068		A	D	A	D	D	A	D	D	A	D	A	A	A	D	.	A	D	A	D	D	A	D	A	A	D	J:9678	Frankel WN, J Virol 1989 Apr;63(4):1763-74	J:10699	Francke U, Am J Hum Genet 1990 Sep;47(3):483-92	
AKXD	1	-1.0	Xmv32	MGI:99080		A	D	A	D	D	A	A	D	A	D	A	A	A	D	.	A	D	A	A	A	A	D	A	A	A	J:9678	Frankel WN, J Virol 1989 Apr;63(4):1763-74	
AKXD	1	28.86	Aox1	MGI:88035		A	D	D	D	A	D	A	A	A	A	A	D	D	D	A	A	A	D	A	A	D	A	A	D	A	J:9121	Skow LC, Genomics 1987 Nov;1(3):283-6	J:3252	King TR, Genomics 1991 Oct;11(2):273-83	
AKXD	1	36.05	Fn1	MGI:95566		A	D	D	D	D	A	A	A	A	A	A	D	D	A	A	A	D	D	A	A	D	D	A	A	A	J:9121	Skow LC, Genomics 1987 Nov;1(3):283-6	J:3252	King TR, Genomics 1991 Oct;11(2):273-83	J:22188	White RA, Mamm Genome 1994 Dec;5(12):827-9	
AKXD	1	39.16	Slc4a3	MGI:109350		A	D	D	D	D	A	A	A	A	A	A	D	A	A	.	A	D	D	A	A	D	D	A	A	A	J:22188	White RA, Mamm Genome 1994 Dec;5(12):827-9	
AKXD	1	43.94	Ncl	MGI:97286		D	A	D	D	D	A	A	A	A	A	A	D	A	A	.	A	D	D	A	D	D	D	A	A	A	J:452	Aitman TJ, Mamm Genome 1991;1(4):206-10	
AKXD	1	50.84	D1Nds2	MGI:91836		.	D	A	D	D	A	A	A	A	A	A	D	A	D	.	A	D	D	A	D	D	D	A	A	A	J:11484	Cornall RJ, Genomics 1991 Aug;10(4):874-81	
AKXD	1	65.05	Ncf2	MGI:97284		A	D	A	D	D	A	D	D	A	D	A	.	A	D	.	A	D	A	D	D	A	D	A	A	D	J:10699	Francke U, Am J Hum Genet 1990 Sep;47(3):483-92	
AKXD	1	65.3	Lamc1	MGI:99914		A	D	A	D	D	A	D	.	.	D	A	A	A	D	.	D	D	A	D	D	.	D	.	A	.	J:9230	Seldin MF, Genomics 1988 Jan;2(1):48-56	J:7978	Elliott RW, In Vitro Cell Dev Biol 1985 Aug;21(8):477-84	
AKXD	1	69.75	Serpinc1	MGI:88095		A	D	A	D	D	A	A	D	A	D	A	A	A	D	D	A	D	A	A	A	A	D	A	A	A	J:9230	Seldin MF, Genomics 1988 Jan;2(1):48-56	
AKXD	1	71.37	Sell	MGI:98279		A	D	A	D	D	A	A	D	A	D	A	A	A	D	D	A	D	A	A	A	A	D	A	A	A	J:14246	Tada N, Mouse News Lett 1989;84():59-71	J:7348	Wejman JC, J Virol 1984 Apr;50(1):237-47	J:11049	Dowbenko DJ, Genomics 1991 Feb;9(2):270-7	J:10521	Siegelman MH, Cell 1990 May 18;61(4):611-22	
AKXD	1	78.8	Fcgr3	MGI:95500		A	D	A	D	A	A	A	D	A	D	A	D	A	D	A	A	A	A	D	A	D	D	A	D	D	J:9230	Seldin MF, Genomics 1988 Jan;2(1):48-56	J:9984	Maruyama N, Biochem Genet 1989 Apr;27(3-4):229-37	
AKXD	1	79.22	Apoa2	MGI:88050		A	D	A	D	A	A	A	D	A	D	A	A	A	D	A	A	A	A	D	A	D	D	A	D	D	J:9230	Seldin MF, Genomics 1988 Jan;2(1):48-56	
AKXD	1	80.33	Apcs	MGI:98229		A	D	A	D	A	A	A	.	.	D	A	A	A	D	.	A	A	A	D	A	.	D	.	D	.	J:9984	Maruyama N, Biochem Genet 1989 Apr;27(3-4):229-37	
AKXD	10	-1.0	D10Bir3	MGI:88696		D	A	A	A	A	A	A	D	D	A	D	A	D	D	D	D	A	A	A	D	A	A	D	D	D	J:3011	Birkenmeier EH, Mamm Genome 1992;3(10):537-45	
AKXD	10	-1.0	D10Mit51	MGI:88835		A	A	A	A	A	A	A	D	D	A	D	A	D	D	.	D	A	A	A	D	A	A	D	D	D	J:28086	Taylor BA, Mamm Genome 1995 Aug;6(8):493-8	
AKXD	10	-1.0	D10Mit75	MGI:88860		D	A	A	A	A	D	A	D	D	A	D	A	D	D	.	D	A	A	A	D	A	A	D	D	D	J:28086	Taylor BA, Mamm Genome 1995 Aug;6(8):493-8	
AKXD	10	-1.0	D10Nds1	MGI:88923		D	A	A	A	A	A	A	D	D	A	D	A	D	D	.	D	A	A	A	D	A	A	D	D	D	J:11484	Cornall RJ, Genomics 1991 Aug;10(4):874-81	
AKXD	10	-1.0	Mpmv12	MGI:97080		A	A	A	A	A	A	A	D	D	A	D	A	D	D	D	D	D	D	A	D	D	A	A	D	D	J:10331	Frankel WN, Genetics 1990 Feb;124(2):221-36	J:25176	Chakravarti S, Mamm Genome 1995 May;6(5):367-8	
AKXD	10	-1.0	Xmv31	MGI:99079		A	D	A	A	A	D	D	A	A	A	D	A	A	A	.	A	A	D	A	D	D	A	A	D	D	J:9678	Frankel WN, J Virol 1989 Apr;63(4):1763-74	
AKXD	10	3.04	D10Mit28	MGI:88811		D	A	A	A	A	A	A	D	D	A	D	A	D	D	.	D	A	A	A	D	A	A	D	D	D	J:28086	Taylor BA, Mamm Genome 1995 Aug;6(8):493-8	
AKXD	10	11.67	D10Mit106	MGI:88722		A	A	A	A	A	A	A	D	D	A	D	A	D	D	.	D	D	A	A	D	D	A	A	D	D	J:28086	Taylor BA, Mamm Genome 1995 Aug;6(8):493-8	
AKXD	10	34.72	D10Mit130	MGI:88749		A	D	.	D	A	A	D	A	D	A	D	A	D	D	.	D	A	A	D	D	D	D	A	A	D	J:28086	Taylor BA, Mamm Genome 1995 Aug;6(8):493-8	
AKXD	10	38.58	D10Mit158	MGI:88778		A	D	A	D	D	A	D	A	A	A	D	A	D	A	.	D	A	D	D	D	D	D	A	A	D	J:28086	Taylor BA, Mamm Genome 1995 Aug;6(8):493-8	
AKXD	10	47.06	D10Mit95	MGI:88882		D	D	A	A	D	A	D	A	D	A	D	A	A	A	.	D	A	D	A	D	D	D	A	A	D	J:28086	Taylor BA, Mamm Genome 1995 Aug;6(8):493-8	
AKXD	10	50.32	Lum	MGI:109347		D	D	D	A	A	D	D	A	D	A	D	A	A	A	.	D	A	D	A	D	D	A	A	A	D	J:25176	Chakravarti S, Mamm Genome 1995 May;6(5):367-8	
AKXD	10	51.14	Gad1-ps	MGI:95633		D	D	D	A	A	D	D	A	D	A	D	A	A	A	A	A	A	D	A	D	D	A	A	A	D	J:10302	Brilliant MH, Genomics 1990 Jan;6(1):115-22	J:25176	Chakravarti S, Mamm Genome 1995 May;6(5):367-8	
AKXD	10	55.13	D10Nds2	MGI:88924		A	D	D	A	A	D	D	A	D	A	D	A	A	A	.	A	A	D	A	D	D	A	A	A	D	J:11484	Cornall RJ, Genomics 1991 Aug;10(4):874-81	J:25176	Chakravarti S, Mamm Genome 1995 May;6(5):367-8	
AKXD	10	60.3	Kcnc2	MGI:96668		D	D	A	A	A	.	D	A	D	.	D	A	A	A	.	A	D	D	A	D	D	A	.	A	.	J:16048	Haas M, Mamm Genome 1993 Dec;4(12):711-5	
AKXD	10	65.36	D10Mit179	MGI:88801		A	D	A	D	A	D	D	A	A	A	A	D	A	A	.	A	D	D	A	A	D	A	A	A	D	J:28086	Taylor BA, Mamm Genome 1995 Aug;6(8):493-8	
AKXD	10	66.65	D10Mit180	MGI:88802		A	D	A	D	A	D	D	A	A	A	A	D	A	A	.	A	D	D	A	A	D	A	A	A	D	J:28086	Taylor BA, Mamm Genome 1995 Aug;6(8):493-8	
AKXD	10	66.65	Mdm1	MGI:96951		A	D	A	D	A	D	D	A	A	A	A	D	A	A	A	A	D	D	A	A	D	A	A	A	D	J:3520	Taylor BA, Mamm Genome 1992;3(12):700-4	
AKXD	10	67.32	D10Mit164	MGI:88785		A	D	D	D	A	D	D	A	A	A	A	A	A	A	.	A	D	D	A	A	D	A	A	A	D	J:28086	Taylor BA, Mamm Genome 1995 Aug;6(8):493-8	
AKXD	11	-1.0	D11H4S10	MGI:88968		D	D	D	.	A	A	A	D	D	A	D	A	D	D	D	A	D	D	D	A	D	.	A	A	D	J:8919	Cheng SV, DNA 1987 Oct;6(5):401-7	
AKXD	11	-1.0	Emv14	MGI:95330		A	A	D	A	A	D	A	D	D	A	A	A	D	D	D	A	D	D	D	A	A	D	A	A	D	J:8919	Cheng SV, DNA 1987 Oct;6(5):401-7	J:10514	Malo D, Genomics 1990 Apr;6(4):697-9	J:9147	Hart CP, Genetics 1988 Feb;118(2):319-27	J:9562	Buchberg AM, Oncogene Res 1988;2(2):149-65	J:20300	Mucenski ML, Mol Cell Biol 1986 Dec;6(12):4236-43	
AKXD	11	-1.0	Hba	MGI:96014		A	D	D	A	A	A	A	D	A	A	D	D	A	D	A	A	D	D	A	A	D	A	A	A	D	J:8919	Cheng SV, DNA 1987 Oct;6(5):401-7	
AKXD	11	-1.0	Mpmv15	MGI:97083		A	D	A	A	D	D	A	D	D	D	D	A	A	A	D	A	A	D	D	A	A	D	D	D	D	J:10331	Frankel WN, Genetics 1990 Feb;124(2):221-36	
AKXD	11	-1.0	Mpmv18	MGI:97086		A	A	D	A	A	A	A	D	A	A	D	D	D	A	A	A	D	D	D	D	A	A	A	A	D	J:10331	Frankel WN, Genetics 1990 Feb;124(2):221-36	
AKXD	11	-1.0	Pmv2	MGI:97643		D	A	A	A	A	D	A	D	D	D	D	D	A	A	A	A	D	D	D	D	A	A	D	A	D	J:9925	Frankel WN, J Virol 1989 Sep;63(9):3810-21	J:18475	Claudio JO, Genomics 1994 May 15;21(2):437-9	
AKXD	11	-1.0	Xmv20	MGI:99067		.	.	.	A	A	.	.	D	.	.	D	A	D	A	.	A	A	D	D	.	D	A	D	.	.	J:9678	Frankel WN, J Virol 1989 Apr;63(4):1763-74	
AKXD	11	-1.0	Xmv42	MGI:99091		.	.	.	A	A	.	.	D	.	.	D	A	D	A	.	A	A	D	D	.	D	A	D	.	.	J:24223	Blackburn CC, Genomics 1995 Mar 20;26(2):308-17	
AKXD	11	2.51	D11Mit1	MGI:88978		D	A	A	A	A	D	A	D	D	D	D	D	A	A	.	A	D	A	D	D	D	A	D	A	D	J:18475	Claudio JO, Genomics 1994 May 15;21(2):437-9	
AKXD	11	2.94	D11Mit72	MGI:89151		D	A	A	A	A	D	A	D	D	D	D	D	A	A	.	A	D	A	D	D	D	A	D	A	D	J:18475	Claudio JO, Genomics 1994 May 15;21(2):437-9	
AKXD	11	3.0	D11Mcg1	MGI:88977		D	A	A	A	A	D	A	D	D	D	D	D	A	A	.	A	D	A	D	D	D	A	D	A	D	J:18475	Claudio JO, Genomics 1994 May 15;21(2):437-9	
AKXD	11	3.52	D11Mit74	MGI:89153		D	A	A	A	A	D	A	D	D	D	D	D	A	A	.	A	D	A	D	D	A	A	D	A	D	J:18475	Claudio JO, Genomics 1994 May 15;21(2):437-9	
AKXD	11	7.3	D11Mit2	MGI:89087		D	A	A	A	A	A	A	D	D	D	D	D	D	A	.	A	D	D	D	.	A	A	D	A	D	J:18475	Claudio JO, Genomics 1994 May 15;21(2):437-9	
AKXD	11	9.61	D11Mit63	MGI:89141		D	A	.	A	A	A	A	D	D	A	D	D	D	A	.	A	D	D	D	D	D	A	D	A	D	J:18475	Claudio JO, Genomics 1994 May 15;21(2):437-9	
AKXD	11	10.44	D11Mit77	MGI:89156		D	A	A	A	A	A	A	D	D	A	D	D	D	A	.	A	D	D	D	D	D	A	D	A	D	J:18475	Claudio JO, Genomics 1994 May 15;21(2):437-9	
AKXD	11	10.44	D11Mit78	MGI:89157		D	A	A	A	A	A	A	D	D	A	D	D	D	A	.	A	D	D	D	D	D	A	D	A	D	J:18475	Claudio JO, Genomics 1994 May 15;21(2):437-9	
AKXD	11	28.57	D11Nds3	MGI:89271		D	D	D	A	A	D	D	A	A	D	A	D	A	A	.	D	A	A	A	D	A	D	D	D	A	J:3227	Cornall RJ, Mamm Genome 1992;3(11):620-4	
AKXD	11	33.04	Sparc	MGI:98373		D	D	D	A	A	A	A	.	.	A	D	A	D	.	.	A	D	D	.	A	.	D	.	.	.	J:8919	Cheng SV, DNA 1987 Oct;6(5):401-7	J:8425	Mason IJ, EMBO J 1986 Aug;5(8):1831-7	J:9147	Hart CP, Genetics 1988 Feb;118(2):319-27	
AKXD	11	38.99	Pmp22	MGI:97631		A	A	D	A	A	D	A	D	D	A	D	A	D	D	.	A	D	D	D	A	A	D	D	A	D	J:2945	Colombo MP, Mamm Genome 1992;2(2):130-4	
AKXD	11	42.86	Atp1b2	MGI:88109		.	A	D	A	A	D	.	D	D	A	D	A	D	A	.	A	D	D	D	A	D	D	D	A	D	J:10514	Malo D, Genomics 1990 Apr;6(4):697-9	J:24223	Blackburn CC, Genomics 1995 Mar 20;26(2):308-17	
AKXD	11	42.87	Chrnb1	MGI:87890		D	A	D	A	A	D	A	D	D	A	D	A	D	A	.	A	D	D	D	A	D	D	D	A	D	J:459	Hearne CM, Mamm Genome 1991;1(4):273-82	
AKXD	11	42.93	Slc2a4	MGI:95758		D	A	D	A	A	D	A	D	D	A	D	A	D	A	.	A	D	D	D	A	D	D	D	A	D	J:459	Hearne CM, Mamm Genome 1991;1(4):273-82	
AKXD	11	46.74	D11Mit34	MGI:89117		D	A	D	A	A	D	A	D	D	A	D	A	D	A	.	A	D	D	D	A	D	D	D	D	D	J:24223	Blackburn CC, Genomics 1995 Mar 20;26(2):308-17	
AKXD	11	46.81	Evi2a	MGI:95458		D	A	D	A	A	D	A	D	D	A	D	A	D	A	D	A	D	D	D	A	D	D	D	D	D	J:10514	Malo D, Genomics 1990 Apr;6(4):697-9	J:9562	Buchberg AM, Oncogene Res 1988;2(2):149-65	J:24223	Blackburn CC, Genomics 1995 Mar 20;26(2):308-17	
AKXD	11	47.28	D11Mit8	MGI:89159		D	A	D	A	A	D	A	D	D	A	D	A	D	A	.	A	D	D	D	A	D	D	D	D	D	J:24223	Blackburn CC, Genomics 1995 Mar 20;26(2):308-17	
AKXD	11	51.04	Ccl3	MGI:98260		D	A	D	A	A	D	A	D	D	A	D	A	D	A	.	D	A	D	D	A	D	D	D	D	D	J:24223	Blackburn CC, Genomics 1995 Mar 20;26(2):308-17	
AKXD	11	59.01	Col1a1	MGI:88467		D	A	D	A	A	D	.	.	D	D	D	A	D	A	.	D	A	D	D	A	D	A	D	D	D	J:452	Aitman TJ, Mamm Genome 1991;1(4):206-10	
AKXD	11	59.82	Hoxb7	MGI:96188		D	A	D	A	A	D	A	D	D	D	D	A	D	A	D	D	A	D	D	A	D	A	D	D	D	J:9147	Hart CP, Genetics 1988 Feb;118(2):319-27	
AKXD	11	63.47	Cnp	MGI:88437		D	A	D	A	A	D	A	D	D	D	D	A	D	A	D	A	A	D	D	A	D	D	D	D	D	J:9450	Bernier L, J Neurosci Res 1988 Aug;20(4):497-504	
AKXD	11	66.48	Gfap	MGI:95697		D	A	D	A	D	D	A	D	D	D	D	A	D	A	A	A	A	D	D	A	A	D	D	D	D	J:9450	Bernier L, J Neurosci Res 1988 Aug;20(4):497-504	
AKXD	11	83.35	Gaa	MGI:95609		A	D	A	D	D	D	A	D	D	D	D	A	A	A	.	A	A	D	D	A	A	.	D	D	D	J:461	Martiniuk F, Mamm Genome 1991;1(4):267-9	
AKXD	12	-1.0	D12N1	MGI:89512		D	A	D	A	.	D	D	A	A	A	A	A	A	A	D	D	D	D	A	A	A	D	D	A	A	J:455	Cho M, Mamm Genome 1991;1(1):30-6	
AKXD	12	-1.0	D12Nyu10	MGI:89567		D	D	D	D	D	D	A	D	D	A	A	A	A	D	.	D	D	A	A	A	D	D	.	.	.	J:9617	Blank RD, Genetics 1988 Dec;120(4):1073-83	
AKXD	12	-1.0	D12Nyu14	MGI:99650		D	A	D	A	D	.	A	A	A	.	A	A	A	D	.	A	D	D	A	A	A	D	.	A	.	J:18817	Khan F, Genomics 1994 May 1;21(1):128-37	
AKXD	12	-1.0	D12Nyu9	MGI:89577		D	A	D	A	D	D	A	A	A	A	A	A	A	D	A	D	D	D	A	A	A	D	D	A	A	J:9617	Blank RD, Genetics 1988 Dec;120(4):1073-83	
AKXD	12	-1.0	Es25	MGI:95437		D	D	A	D	D	D	A	D	D	A	A	A	A	D	A	D	.	A	A	A	D	D	D	D	D	J:9046	von Deimling OH, Biochem Genet 1987 Oct;25(9-10):639-46	
AKXD	12	-1.0	Igh-V3609	MGI:96481		D	A	D	A	D	D	A	A	A	A	A	A	A	D	.	D	D	D	A	A	A	D	D	A	A	J:455	Cho M, Mamm Genome 1991;1(1):30-6	J:20642	Taylor BA, Personal Communication 1994 July 8;():	
AKXD	12	-1.0	Ly18	MGI:96861		D	D	A	D	A	D	A	D	D	A	A	A	D	D	A	D	A	A	A	A	A	D	D	A	A	J:14246	Tada N, Mouse News Lett 1989;84():59-71	J:3682	Candia AF, Development 1992 Dec;116(4):1123-36	J:8723	Lusis AJ, J Biol Chem 1987 Jun 5;262(16):7594-604	J:9046	von Deimling OH, Biochem Genet 1987 Oct;25(9-10):639-46	
AKXD	12	-1.0	Mpmv11	MGI:97079		A	D	D	D	A	A	D	D	D	A	D	D	A	D	D	D	A	D	A	A	A	D	D	A	A	J:10331	Frankel WN, Genetics 1990 Feb;124(2):221-36	
AKXD	12	-1.0	Mpmv24	MGI:97093		D	A	D	A	D	D	A	A	A	A	D	A	A	D	A	A	D	D	A	A	A	D	D	A	A	J:10331	Frankel WN, Genetics 1990 Feb;124(2):221-36	
AKXD	12	-1.0	Mtv30	MGI:97198		D	D	A	A	D	D	A	D	D	A	A	A	A	D	A	D	A	A	A	A	D	.	D	D	D	J:10675	Lee BK, J Virol 1990 Sep;64(9):4568-72	
AKXD	12	-1.0	Mtv9	MGI:97228		D	A	D	A	A	A	D	A	D	A	D	A	A	D	D	A	A	D	A	A	A	D	D	A	A	J:10675	Lee BK, J Virol 1990 Sep;64(9):4568-72	J:11202	Dorfman J, Genomics 1991 Apr;9(4):785-8	J:9617	Blank RD, Genetics 1988 Dec;120(4):1073-83	
AKXD	12	-1.0	Odc-rs8	MGI:97422		D	A	D	A	D	D	A	A	A	A	A	A	A	D	A	D	D	D	A	A	A	D	D	A	A	J:953	Richards-Smith BA, Mamm Genome 1992;2(4):215-32	
AKXD	12	-1.0	Pmv27	MGI:97651		D	A	D	A	D	A	A	A	A	A	D	A	A	D	A	A	D	D	A	A	A	D	D	A	A	J:9925	Frankel WN, J Virol 1989 Sep;63(9):3810-21	
AKXD	12	3.53	Apob	MGI:88052		D	D	D	A	D	D	A	D	D	A	A	A	A	D	A	D	A	A	A	A	D	D	D	D	D	J:8723	Lusis AJ, J Biol Chem 1987 Jun 5;262(16):7594-604	
AKXD	12	8.5	Rrm2	MGI:98181		D	D	A	D	A	D	A	D	D	A	A	A	A	D	.	D	D	A	A	A	D	D	D	D	D	J:18817	Khan F, Genomics 1994 May 1;21(1):128-37	
AKXD	12	10.96	D12Nyu2	MGI:89570		D	D	A	D	A	.	A	D	D	.	D	A	A	D	.	D	A	A	A	A	A	D	.	A	.	J:17623	Guay-Woodford LM, Mamm Genome 1994 Apr;5(4):251-2	
AKXD	12	16.84	Meox2	MGI:103219		D	D	A	D	A	D	A	D	D	A	A	A	D	D	A	D	A	A	A	A	A	D	D	A	A	J:3682	Candia AF, Development 1992 Dec;116(4):1123-36	
AKXD	12	18.94	D12Mit2	MGI:89435		D	D	A	D	A	.	A	D	D	.	A	D	D	D	.	D	A	A	A	A	A	D	.	A	.	J:18817	Khan F, Genomics 1994 May 1;21(1):128-37	
AKXD	12	35.51	D12Mit4	MGI:89449		A	A	D	A	A	.	D	A	D	.	D	D	A	D	.	A	A	D	A	A	A	D	.	A	.	J:18817	Khan F, Genomics 1994 May 1;21(1):128-37	
AKXD	12	62.09	Igha	MGI:96444		D	A	D	A	D	D	A	A	A	A	A	A	A	D	A	D	D	D	A	A	A	D	D	A	A	J:9617	Blank RD, Genetics 1988 Dec;120(4):1073-83	
AKXD	13	-1.0	Ly28	MGI:96866		D	.	.	.	.	D	D	D	A	.	D	D	.	A	.	.	.	D	.	A	.	D	.	D	D	J:14246	Tada N, Mouse News Lett 1989;84():59-71	J:2538	Weinshilboum RM, Mouse Genome 1992;90(3):446-48	
AKXD	13	-1.0	Pmv41	MGI:97667		D	A	D	A	A	D	A	D	A	A	D	A	D	A	A	D	D	D	D	A	A	D	A	D	A	J:9925	Frankel WN, J Virol 1989 Sep;63(9):3810-21	J:2538	Weinshilboum RM, Mouse Genome 1992;90(3):446-48	
AKXD	13	-1.0	Tel-rs4	MGI:893593		A	D	D	A	A	A	A	D	A	A	A	A	D	A	D	D	D	A	D	A	A	.	D	A	.	J:40663	Yen CH, Mamm Genome 1997 Jun;8(6):411-7	
AKXD	13	-1.0	Tel13q	MGI:98672		A	D	D	A	A	A	A	D	A	A	A	A	D	A	.	D	D	A	D	A	A	A	D	A	A	J:40663	Yen CH, Mamm Genome 1997 Jun;8(6):411-7	
AKXD	13	-1.0	Xmv27	MGI:99074		A	D	A	D	D	D	D	D	A	A	D	A	D	A	D	D	D	A	D	A	A	D	D	D	A	J:9678	Frankel WN, J Virol 1989 Apr;63(4):1763-74	J:2538	Weinshilboum RM, Mouse Genome 1992;90(3):446-48	
AKXD	13	24.5	Tpmt	MGI:98812		D	A	A	A	A	D	D	D	A	A	D	D	.	A	.	D	A	D	A	A	A	D	A	D	D	J:2538	Weinshilboum RM, Mouse Genome 1992;90(3):446-48	J:8892	Otterness DM, J Pharmacol Exp Ther 1987 Oct;243(1):180-6	
AKXD	13	27.68	D13Nds1	MGI:89878		D	A	D	A	A	D	A	D	A	A	D	D	D	A	.	D	A	D	D	A	A	D	A	D	D	J:11484	Cornall RJ, Genomics 1991 Aug;10(4):874-81	J:2538	Weinshilboum RM, Mouse Genome 1992;90(3):446-48	
AKXD	13	42.19	D13Mit9	MGI:89819		D	A	A	A	A	D	A	D	D	A	A	D	D	A	.	D	D	D	D	A	A	D	A	A	A	J:11923	Taylor BA, Mamm Genome 1993;4(5):239-42	
AKXD	13	63.73	D13Mit53	MGI:89780		A	.	D	A	A	A	A	D	A	A	A	A	D	A	D	A	D	A	D	A	A	A	D	A	A	J:40663	Yen CH, Mamm Genome 1997 Jun;8(6):411-7	
AKXD	13	64.61	Itga1	MGI:96599		A	D	D	A	A	A	A	D	A	A	A	A	D	A	.	A	D	A	D	A	A	A	D	A	A	J:40663	Yen CH, Mamm Genome 1997 Jun;8(6):411-7	J:2669	Douville P, Genomics 1992 Oct;14(2):503-5	
AKXD	13	65.32	D13Mit77	MGI:89805		A	D	D	A	A	A	A	D	A	A	A	A	D	A	D	A	D	A	D	A	A	A	D	A	A	J:40663	Yen CH, Mamm Genome 1997 Jun;8(6):411-7	
AKXD	13	67.21	D13Mit35	MGI:89762		A	D	D	A	A	A	A	D	A	A	A	A	D	A	D	D	D	A	D	A	A	A	D	A	A	J:40663	Yen CH, Mamm Genome 1997 Jun;8(6):411-7	
AKXD	14	-1.0	Mtv11	MGI:97184		D	D	A	D	A	D	A	D	A	D	A	A	D	A	D	D	A	A	A	A	D	.	D	A	D	J:10675	Lee BK, J Virol 1990 Sep;64(9):4568-72	J:15193	Bespalova IN, Mamm Genome 1993;4(10):618-20	J:16621	Jordan-Starck TC, J Lipid Res 1994 Feb;35(2):194-210	
AKXD	14	-1.0	Odc-rs9	MGI:97423		A	D	D	D	A	D	A	A	D	D	A	A	D	A	A	A	D	A	D	D	A	A	D	D	A	J:15193	Bespalova IN, Mamm Genome 1993;4(10):618-20	J:953	Richards-Smith BA, Mamm Genome 1992;2(4):215-32	
AKXD	14	6.33	Ptprg	MGI:97814		A	D	D	D	A	D	A	A	D	D	A	A	D	A	.	A	D	A	D	D	A	.	D	D	A	J:16796	Barnea G, Mol Cell Biol 1993 Mar;13(3):1497-506	
AKXD	14	11.53	Plau	MGI:97611		A	D	D	D	A	D	A	A	D	D	A	D	D	A	.	A	D	A	D	D	A	A	D	D	A	J:452	Aitman TJ, Mamm Genome 1991;1(4):206-10	
AKXD	14	28.19	Nrl	MGI:102567		A	D	A	D	D	D	A	D	A	D	A	A	A	A	.	A	A	A	D	A	D	A	D	A	D	J:15193	Bespalova IN, Mamm Genome 1993;4(10):618-20	
AKXD	14	34.36	Clu	MGI:88423		D	D	A	D	A	D	A	D	A	D	A	A	.	A	.	D	A	A	A	A	D	.	D	A	D	J:16621	Jordan-Starck TC, J Lipid Res 1994 Feb;35(2):194-210	
AKXD	14	35.46	Nefl	MGI:97313		D	D	A	D	A	D	A	D	A	D	.	A	D	A	.	D	A	A	A	A	D	A	A	A	D	J:459	Hearne CM, Mamm Genome 1991;1(4):273-82	J:15193	Bespalova IN, Mamm Genome 1993;4(10):618-20	
AKXD	14	58.09	D14Mit9	MGI:90098		A	A	A	A	D	A	D	A	A	A	A	A	D	A	.	D	A	D	A	A	D	A	D	A	D	J:11923	Taylor BA, Mamm Genome 1993;4(5):239-42	
AKXD	15	-1.0	D15Nds2	MGI:90421		A	D	D	A	D	A	A	D	A	A	D	D	A	D	.	D	D	D	A	A	A	D	D	A	D	J:11484	Cornall RJ, Genomics 1991 Aug;10(4):874-81	
AKXD	15	-1.0	Mucl1	MGI:98393		D	D	D	D	D	A	A	D	A	A	D	A	D	D	D	A	D	D	D	D	A	A	D	A	D	J:20642	Taylor BA, Personal Communication 1994 July 8;():	J:10290	Dickinson DP, Biochem Genet 1989 Oct;27(9-10):613-37	
AKXD	15	-1.0	Pmv42	MGI:97668		D	D	A	D	D	A	A	D	D	D	D	A	A	D	D	A	D	D	A	A	A	A	A	A	D	J:9925	Frankel WN, J Virol 1989 Sep;63(9):3810-21	
AKXD	15	29.3	Tg	MGI:98733		D	D	D	A	D	A	A	D	A	D	A	D	A	D	D	A	D	D	A	D	A	D	A	A	D	J:8652	Taylor BA, Proc Natl Acad Sci U S A 1987 Apr;84(7):1986-90	
AKXD	15	32.17	D15Nds1	MGI:90420		D	D	D	A	D	A	A	D	A	D	A	D	A	D	.	A	D	D	A	A	A	A	A	A	D	J:11923	Taylor BA, Mamm Genome 1993;4(5):239-42	J:11484	Cornall RJ, Genomics 1991 Aug;10(4):874-81	
AKXD	15	54.65	Wnt1	MGI:98953		D	D	A	D	D	A	A	D	D	D	D	A	A	D	.	A	D	D	A	A	A	A	A	A	D	J:452	Aitman TJ, Mamm Genome 1991;1(4):206-10	
AKXD	16	-1.0	D16Bir1	MGI:90428		A	A	A	D	D	A	A	A	A	A	D	A	A	A	D	A	D	D	D	A	D	A	A	A	D	J:3011	Birkenmeier EH, Mamm Genome 1992;3(10):537-45	
AKXD	16	-1.0	D16H21S16	MGI:90446		D	D	D	.	D	D	A	D	A	A	D	D	A	A	D	A	A	D	A	A	D	.	D	D	A	J:9328	Cheng SV, Proc Natl Acad Sci U S A 1988 Aug;85(16):6032-6	
AKXD	16	-1.0	D16Nds2	MGI:90604		A	A	A	D	D	A	A	A	A	A	A	A	A	A	.	A	D	D	D	A	D	A	A	A	D	J:11484	Cornall RJ, Genomics 1991 Aug;10(4):874-81	
AKXD	16	-1.0	Mpmv17	MGI:97085		A	A	A	D	D	A	A	A	A	A	A	A	A	A	D	A	D	D	D	A	D	A	A	A	D	J:10331	Frankel WN, Genetics 1990 Feb;124(2):221-36	
AKXD	16	-1.0	Mtv6	MGI:97225		A	A	A	D	D	A	A	A	A	A	A	A	A	A	D	A	D	D	D	A	D	A	A	A	D	J:10675	Lee BK, J Virol 1990 Sep;64(9):4568-72	J:9734	Pullen AM, J Immunol 1989 May 1;142(9):3033-7	
AKXD	16	-1.0	Pmv14	MGI:97637		D	D	D	A	D	D	A	D	A	A	D	D	A	A	D	A	A	D	A	A	D	A	D	D	A	J:9925	Frankel WN, J Virol 1989 Sep;63(9):3810-21	J:19614	de la Brousse FC, Genes Dev 1994 Aug 1;8(15):1853-65	
AKXD	16	-1.0	Pmv32	MGI:97657		D	A	D	A	D	D	A	A	A	A	D	D	A	A	D	A	D	D	D	A	D	A	D	D	D	J:9925	Frankel WN, J Virol 1989 Sep;63(9):3810-21	
AKXD	16	-1.0	Pmv35	MGI:97660		D	D	A	A	D	D	A	D	A	A	D	A	D	A	D	A	A	D	D	A	D	A	D	D	A	J:9925	Frankel WN, J Virol 1989 Sep;63(9):3810-21	
AKXD	16	3.33	D16Mit9	MGI:90564		D	A	D	D	D	D	A	A	A	A	D	D	A	A	.	A	D	D	A	A	D	A	A	D	D	J:28086	Taylor BA, Mamm Genome 1995 Aug;6(8):493-8	
AKXD	16	9.23	D16Mit88	MGI:90562		A	A	D	A	D	D	D	A	A	A	D	D	A	A	.	A	D	D	D	A	D	A	D	D	D	J:28086	Taylor BA, Mamm Genome 1995 Aug;6(8):493-8	
AKXD	16	26.86	Cd80	MGI:101775		A	A	A	D	D	A	A	A	A	A	A	A	A	A	.	A	D	D	D	.	D	A	A	A	D	J:21646	Borriello F, J Immunol 1994 Dec 1;153(11):5038-48	
AKXD	16	26.99	D16Mit12	MGI:90477		A	A	A	D	D	A	A	A	A	A	A	A	A	A	.	A	D	D	D	A	D	A	A	A	D	J:28086	Taylor BA, Mamm Genome 1995 Aug;6(8):493-8	
AKXD	16	36.36	D16Mit47	MGI:90517		D	D	A	A	D	D	A	D	A	A	D	A	D	A	.	A	A	D	D	A	D	A	D	D	A	J:28086	Taylor BA, Mamm Genome 1995 Aug;6(8):493-8	
AKXD	16	45.41	D16Mit50	MGI:90521		D	D	D	A	D	D	A	D	A	A	D	A	A	A	.	A	A	D	A	A	D	A	D	D	A	J:28086	Taylor BA, Mamm Genome 1995 Aug;6(8):493-8	
AKXD	16	46.92	App	MGI:88059		D	D	A	.	D	D	A	D	A	A	D	A	A	A	D	A	A	D	A	A	D	A	D	D	A	J:19614	de la Brousse FC, Genes Dev 1994 Aug 1;8(15):1853-65	J:9328	Cheng SV, Proc Natl Acad Sci U S A 1988 Aug;85(16):6032-6	
AKXD	16	46.92	Gabpa	MGI:95610		D	D	A	A	D	D	.	D	A	A	D	A	A	A	D	A	A	D	A	A	D	A	D	D	A	J:19614	de la Brousse FC, Genes Dev 1994 Aug 1;8(15):1853-65	
AKXD	16	57.68	D16Mit106	MGI:90462		D	A	D	A	D	D	D	A	A	D	D	A	D	A	.	A	D	D	A	A	A	A	D	A	A	J:28086	Taylor BA, Mamm Genome 1995 Aug;6(8):493-8	
AKXD	17	-1.0	D17Bir1	MGI:90633		A	D	A	D	D	D	D	D	A	D	D	D	A	D	D	D	A	A	A	A	A	A	D	D	D	J:3011	Birkenmeier EH, Mamm Genome 1992;3(10):537-45	
AKXD	17	-1.0	D17Bir2	MGI:90640		A	A	A	A	D	D	D	D	A	D	D	D	A	D	A	A	D	A	A	D	D	A	A	A	A	J:3011	Birkenmeier EH, Mamm Genome 1992;3(10):537-45	
AKXD	17	-1.0	D17Nds41	MGI:90938		D	D	A	A	D	D	D	D	A	D	D	A	A	D	.	D	A	A	A	A	A	D	A	A	A	J:3227	Cornall RJ, Mamm Genome 1992;3(11):620-4	
AKXD	17	-1.0	H2	MGI:95894		A	D	A	A	A	D	D	A	.	D	D	D	A	D	A	D	D	.	D	D	D	A	.	A	.	J:7973	Skow LC, Genetics 1985 Aug;110(4):723-32	J:8526	Mann EA, Genetics 1986 Nov;114(3):993-1006	J:20300	Mucenski ML, Mol Cell Biol 1986 Dec;6(12):4236-43	
AKXD	17	-1.0	Rasl2-1	MGI:97862		A	D	A	A	D	D	D	D	D	D	D	D	A	D	.	D	A	A	D	A	A	A	D	D	D	J:561	Drivas G, Mamm Genome 1991;1(2):112-7	
AKXD	17	-1.0	Rasl3	MGI:97869		A	D	A	A	D	D	D	D	D	D	D	D	A	D	.	A	A	A	D	A	A	.	A	D	A	J:561	Drivas G, Mamm Genome 1991;1(2):112-7	
AKXD	17	8.42	Map3k4	MGI:1346875		D	D	A	A	A	D	D	.	.	D	D	A	A	D	.	D	D	A	D	D	.	A	.	A	.	J:8526	Mann EA, Genetics 1986 Nov;114(3):993-1006	J:11089	Friezner Degen SJ, Genomics 1990 Sep;8(1):49-61	
AKXD	17	8.5	Plg	MGI:97620		D	D	A	A	A	D	D	A	A	D	D	A	A	D	.	D	D	A	D	D	D	A	D	A	D	J:11089	Friezner Degen SJ, Genomics 1990 Sep;8(1):49-61	
AKXD	17	15.38	Pim1	MGI:97584		A	D	A	A	A	D	D	A	A	D	D	A	A	D	.	D	D	A	D	D	D	A	A	A	A	J:11089	Friezner Degen SJ, Genomics 1990 Sep;8(1):49-61	
AKXD	17	17.09	Cryaa	MGI:88515		A	D	A	A	A	D	D	A	A	D	D	D	A	D	A	D	D	A	D	D	D	A	A	A	.	J:7973	Skow LC, Genetics 1985 Aug;110(4):723-32	J:8526	Mann EA, Genetics 1986 Nov;114(3):993-1006	
AKXD	17	39.08	D17Mit3	MGI:90818		A	D	A	A	A	D	D	D	A	D	A	A	A	D	.	D	A	A	D	D	A	D	A	D	A	J:11923	Taylor BA, Mamm Genome 1993;4(5):239-42	
AKXD	18	-1.0	Xmv22	MGI:99069		D	A	A	D	A	A	D	A	D	D	A	D	A	A	.	D	D	A	D	D	D	D	D	D	A	J:9678	Frankel WN, J Virol 1989 Apr;63(4):1763-74	
AKXD	18	-1.0	Xmv23	MGI:99070		D	A	A	D	A	A	D	A	D	D	A	D	A	A	.	D	D	A	D	D	D	D	D	D	A	J:9678	Frankel WN, J Virol 1989 Apr;63(4):1763-74	
AKXD	18	-1.0	Xmv29	MGI:99076		D	D	A	A	A	A	D	A	D	D	A	D	A	A	.	D	D	A	D	D	D	D	D	D	A	J:9678	Frankel WN, J Virol 1989 Apr;63(4):1763-74	
AKXD	18	3.02	D18Mit19	MGI:91070		D	A	A	A	D	A	A	D	A	D	D	D	D	D	.	A	D	D	A	D	D	D	D	A	A	J:28086	Taylor BA, Mamm Genome 1995 Aug;6(8):493-8	
AKXD	18	5.88	D18Mit110	MGI:91028		D	A	A	A	D	A	D	D	A	D	D	D	D	D	.	A	D	D	A	D	D	D	D	A	A	J:28086	Taylor BA, Mamm Genome 1995 Aug;6(8):493-8	
AKXD	18	8.24	D18Mit20	MGI:91072		D	A	A	A	D	D	.	D	A	D	D	D	D	D	.	A	.	D	A	D	D	D	D	A	A	J:11923	Taylor BA, Mamm Genome 1993;4(5):239-42	
AKXD	18	11.53	D18Mit83	MGI:91140		D	A	A	A	D	A	D	A	A	D	D	D	D	D	.	D	D	D	D	D	D	D	D	A	A	J:28086	Taylor BA, Mamm Genome 1995 Aug;6(8):493-8	
AKXD	18	16.2	D18Mit62	MGI:91117		D	A	D	A	D	A	D	A	A	D	D	D	D	D	.	A	D	D	D	D	D	A	D	A	A	J:28086	Taylor BA, Mamm Genome 1995 Aug;6(8):493-8	
AKXD	18	28.33	D18Mit105	MGI:91023		D	D	D	A	D	A	D	A	A	D	D	A	D	A	.	A	A	A	D	D	D	A	D	A	A	J:28086	Taylor BA, Mamm Genome 1995 Aug;6(8):493-8	
AKXD	18	34.41	Cd74	MGI:96534		D	A	A	A	A	A	D	A	A	D	D	A	D	A	D	A	A	A	D	A	D	A	D	A	A	J:7977	Richards JE, Immunogenetics 1985;22(2):193-9	
AKXD	18	34.41	D18Mit51	MGI:91105		D	A	A	A	A	A	D	A	A	D	D	A	D	A	.	A	A	A	D	A	D	A	D	A	A	J:28086	Taylor BA, Mamm Genome 1995 Aug;6(8):493-8	
AKXD	18	51.27	D18Mit49	MGI:91102		D	A	A	D	A	A	D	A	D	D	A	D	A	A	.	D	D	A	D	D	D	D	D	D	A	J:28086	Taylor BA, Mamm Genome 1995 Aug;6(8):493-8	
AKXD	19	-1.0	D19Mit21	MGI:91230		D	D	D	D	A	A	D	A	D	D	D	D	D	A	.	A	A	A	D	A	A	D	A	A	A	J:28086	Taylor BA, Mamm Genome 1995 Aug;6(8):493-8	
AKXD	19	-1.0	D19Mit38	MGI:91248		D	D	D	D	A	A	A	A	D	D	D	D	D	A	.	D	A	A	D	A	A	D	A	A	D	J:28086	Taylor BA, Mamm Genome 1995 Aug;6(8):493-8	
AKXD	19	4.3	D19Mit59	MGI:91271		D	D	D	A	A	A	A	D	A	A	A	D	D	D	.	A	A	A	D	A	A	D	A	A	D	J:28086	Taylor BA, Mamm Genome 1995 Aug;6(8):493-8	
AKXD	19	5.44	Slc3a2	MGI:96955		D	D	D	A	A	D	A	D	A	A	A	D	D	D	A	A	A	A	D	A	A	D	A	A	D	J:6944	Tada N, Immunol Rev 1982;69():99-126	J:14246	Tada N, Mouse News Lett 1989;84():59-71	J:6990	Kimura S, Immunogenetics 1983;17(2):211-4	J:43585	Sekine M, J Biol Chem 1997 Oct 24;272(43):27246-52	
AKXD	19	7.16	Cd5	MGI:88340		D	D	D	A	A	D	A	D	A	D	A	D	D	A	A	A	A	A	D	A	A	D	A	A	D	J:6944	Tada N, Immunol Rev 1982;69():99-126	J:14246	Tada N, Mouse News Lett 1989;84():59-71	J:6990	Kimura S, Immunogenetics 1983;17(2):211-4	J:43585	Sekine M, J Biol Chem 1997 Oct 24;272(43):27246-52	
AKXD	19	12.75	Gcnt1	MGI:95676		D	D	D	D	A	D	A	.	A	.	D	D	D	A	.	A	D	A	D	A	A	D	A	A	D	J:43585	Sekine M, J Biol Chem 1997 Oct 24;272(43):27246-52	
AKXD	19	13.18	D19Mit41	MGI:91252		D	D	D	D	A	.	A	D	A	D	D	D	D	A	.	A	D	A	D	A	A	D	A	A	D	J:28086	Taylor BA, Mamm Genome 1995 Aug;6(8):493-8	
AKXD	19	20.38	D19Mit40	MGI:91251		D	D	D	A	A	D	A	A	A	D	D	D	D	A	.	A	D	A	D	A	A	D	D	A	D	J:28086	Taylor BA, Mamm Genome 1995 Aug;6(8):493-8	
AKXD	19	23.73	Jak2	MGI:96629		D	D	D	A	A	D	A	A	A	D	D	D	D	D	.	A	D	A	D	A	A	D	D	D	D	J:24373	Gough NM, Mamm Genome 1995 Apr;6(4):247-8	
AKXD	19	23.83	Rln1	MGI:97931		D	D	D	A	A	D	A	A	A	D	D	D	D	D	.	A	D	A	D	A	A	D	D	A	D	J:22183	White RA, Mamm Genome 1994 Dec;5(12):807-9	J:605	Fowler KJ, FEBS Lett 1991 Nov 4;292(1-2):183-6	J:43585	Sekine M, J Biol Chem 1997 Oct 24;272(43):27246-52	
AKXD	19	25.14	Mbl2	MGI:96924		D	D	D	A	A	D	A	A	A	D	D	D	D	D	.	A	D	A	D	A	A	D	D	A	D	J:22183	White RA, Mamm Genome 1994 Dec;5(12):807-9	
AKXD	19	36.26	D19Mit11.1	MGI:91217		D	D	D	D	A	A	D	A	D	D	D	D	D	A	.	.	A	A	D	A	A	D	A	A	A	J:28086	Taylor BA, Mamm Genome 1995 Aug;6(8):493-8	
AKXD	19	51.41	D19Mit35	MGI:91245		D	D	A	A	A	A	A	A	D	D	D	D	D	A	.	D	A	A	D	A	A	D	D	A	D	J:28086	Taylor BA, Mamm Genome 1995 Aug;6(8):493-8	
AKXD	2	-1.0	D2Nds3	MGI:92301		D	D	D	A	D	A	A	D	A	A	D	A	D	A	.	D	A	D	A	D	A	D	A	A	A	J:15640	Link RE, Mamm Genome 1993 Nov;4(11):650-5	J:51036	Nakamura T, Genomics 1998 Nov 15;54(1):89-98	
AKXD	2	-1.0	Emv13	MGI:95329		D	A	D	A	D	A	A	D	A	A	A*	A	D	D	D	D	D	D	A	D	A	D	D	A	A	J:9964	Crosby JL, Genomics 1989 Jul;5(1):19-23	J:9913	Siracusa LD, Genetics 1989 Jul;122(3):669-79	J:20300	Mucenski ML, Mol Cell Biol 1986 Dec;6(12):4236-43	
AKXD	2	-1.0	Il1	MGI:96536		D	D	D	A	A	A	A	D	D	.	D	A	D	A	.	D	A	.	A	D	A	.	A	A	.	J:2185	White RA, Nat Genet 1992 Sep;2(1):80-3	
AKXD	2	-1.0	Mpmv14	MGI:97082		D	D	D	D	D	D	A	D	D	A	D	A	D	D	D	D	A	D	A	D	A	D	A	A	A	J:11420	Malo D, Genomics 1991 Jul;10(3):666-72	J:10331	Frankel WN, Genetics 1990 Feb;124(2):221-36	J:51036	Nakamura T, Genomics 1998 Nov 15;54(1):89-98	
AKXD	2	-1.0	Odc-rs2	MGI:97414		D	A	D	A	D	A	A	D	A	A	D	A	D	D	D	D	D	D	A	D	A	D	D	A	A	J:953	Richards-Smith BA, Mamm Genome 1992;2(4):215-32	
AKXD	2	-1.0	Rasl2-4	MGI:97865		D	D	D	A	D	D	A	D	D	A	D	A	D	A	.	D	A	D	A	D	A	D	?	A	A	J:561	Drivas G, Mamm Genome 1991;1(2):112-7	J:51036	Nakamura T, Genomics 1998 Nov 15;54(1):89-98	
AKXD	2	38.54	D2Mit9	MGI:92227		A	A	D	D	D	D	A	D	D	A	D	A	D	A	.	D	A	D	A	D	A	D	A	?	A	J:15640	Link RE, Mamm Genome 1993 Nov;4(11):650-5	J:51036	Nakamura T, Genomics 1998 Nov 15;54(1):89-98	
AKXD	2	38.61	Scn2a1	MGI:98248		A	A	D	D	D	D	A	D	D	A	D	A	D	A	.	D	A	D	A	D	A	D	A	D	.	J:11420	Malo D, Genomics 1991 Jul;10(3):666-72	J:51036	Nakamura T, Genomics 1998 Nov 15;54(1):89-98	
AKXD	2	44.13	Evx2	MGI:95462		A	D	D	D	D	D	A	D	D	A	D	A	D	A	D	D	A	D	A	D	A	D	A	A	A	J:1122	Dush MK, Dev Biol 1992 May;151(1):273-87	
AKXD	2	45.09	Fkbp7	MGI:1336879		A	D	D	D	D	D	A	D	D	A	D	A	D	D	.	D	A	D	A	D	A	D	A	A	A	J:51036	Nakamura T, Genomics 1998 Nov 15;54(1):89-98	
AKXD	2	56.21	D2Mit58	MGI:92194		D	D	D	A	D	D	A	D	D	A	D	A	D	A	.	D	A	D	A	D	A	D	D	A	A	J:15640	Link RE, Mamm Genome 1993 Nov;4(11):650-5	J:51036	Nakamura T, Genomics 1998 Nov 15;54(1):89-98	
AKXD	2	57.55	Actc1	MGI:87905		D	D	D	A	D	D	A	D	D	A	D	A	D	A	D	D	A	D	A	D	A	D	D	A	A	J:9964	Crosby JL, Genomics 1989 Jul;5(1):19-23	J:51036	Nakamura T, Genomics 1998 Nov 15;54(1):89-98	
AKXD	2	59.14	Rap1a-ps2	MGI:3651938		D	D	A	.	D	A	D	.	D	A	D	.	D	A	.	D	A	D	D	D	.	D	A	A	D	J:895	Dower NA, Mamm Genome 1992;3(3):162-7	
AKXD	2	60.37	Epb4.2	MGI:95402		D	D	D	A	A	D	A	D	D	.	D	A	A	A	.	D	A	.	A	D	A	D	A	D	.	J:2185	White RA, Nat Genet 1992 Sep;2(1):80-3	J:51036	Nakamura T, Genomics 1998 Nov 15;54(1):89-98	
AKXD	2	61.76	Gabpb1	MGI:95611		D	.	D	A	D	A	A	D	D	A	D	A	D	A	D	D	A	D	A	D	A	D	A	A	A	J:19614	de la Brousse FC, Genes Dev 1994 Aug 1;8(15):1853-65	
AKXD	2	61.95	Adra2b	MGI:87935		D	D	D	A	D	A	A	D	D	A	D	A	D	A	.	D	A	D	A	D	A	D	A	A	A	J:15640	Link RE, Mamm Genome 1993 Nov;4(11):650-5	
AKXD	2	62.9	Il1a	MGI:96542		D*	D	D	A*	D	A*	A	D	D	A	D	A	D	A	D	D	A	D	A	D	A	D	A	A	A	J:1122	Dush MK, Dev Biol 1992 May;151(1):273-87	J:9913	Siracusa LD, Genetics 1989 Jul;122(3):669-79	J:8880	D'Eustachio P, Immunogenetics 1987;26(6):339-43	J:19614	de la Brousse FC, Genes Dev 1994 Aug 1;8(15):1853-65	J:10677	Sap J, Proc Natl Acad Sci U S A 1990 Aug;87(16):6112-6	
AKXD	2	63.23	Ptpra	MGI:97808		D	D	D	A	D	A	A	D	A	A	D	.	D	A	.	D	A	D	A	D	A	D	A	A	A	J:10677	Sap J, Proc Natl Acad Sci U S A 1990 Aug;87(16):6112-6	
AKXD	2	64.74	Chgb	MGI:88395		D	D	D	A	A	A	A	D	A	A	D	A	D	A	.	D	A	D	A	D	A	D	A	A	A	J:14308	Prochazka M, Mouse Genome 1991;89():280	J:51036	Nakamura T, Genomics 1998 Nov 15;54(1):89-98	
AKXD	2	70.76	D2Mit21	MGI:92075		D	A	D	A	A	A	A	D	A	A	D	A	D	A	.	D	D	D	A	D	D	D	A	A	A	J:15640	Link RE, Mamm Genome 1993 Nov;4(11):650-5	
AKXD	2	73.42	D2Mit57	MGI:92193		D	D	D	A	D	A	A	D	A	A	D	A	D	D	.	D	D	D	A	D	A	D	D	A	A	J:15640	Link RE, Mamm Genome 1993 Nov;4(11):650-5	
AKXD	2	76.15	Bpifa2	MGI:97787		D	A	D	A	?	A	A	D	A	A	D	A	D	D	D	D	D	D	A	D	A	D	?	A	A	J:9964	Crosby JL, Genomics 1989 Jul;5(1):19-23	J:9913	Siracusa LD, Genetics 1989 Jul;122(3):669-79	
AKXD	3	-1.0	Cnpl	MGI:88438		A	D	A	A	A	D	A	A	A	D	A	A	D	A	.	A	A	A	D	A	D	A	A	A	A	J:9450	Bernier L, J Neurosci Res 1988 Aug;20(4):497-504	
AKXD	3	-1.0	D3Nds1	MGI:92623		A	D	A	A	A	D	?	A	A	D	A	A	D	A	.	A	A	A	D	A	D	A	A	A	A	J:43555	Ault KA, Platelets 1997;8(4):235-241	J:11484	Cornall RJ, Genomics 1991 Aug;10(4):874-81	
AKXD	3	-1.0	Es26	MGI:95438		D	D	A	A	A	D	D	A	A	A	A	A	D	A	D	A	A	A	D	A	D	D	D	A	A	J:14460	Birkenmeier EH, Mamm Genome 1993 Sep;4(9):531-6	
AKXD	3	-1.0	Mpmv20	MGI:97089		D	D	A	A	A	A	D	A	A	A	D	A	.	A	A	A	A	D	D	D	A	D	A	D	A	J:10331	Frankel WN, Genetics 1990 Feb;124(2):221-36	
AKXD	3	-1.0	Oat-rs2	MGI:97396		D	D	D	A	A	D	A	A	D	D	A	D	D	A	D	A	D	D	A	D	D	D	.	A	D	J:515	Ramesh V, Mamm Genome 1992;3(1):17-22	
AKXD	3	-1.0	Pmv28	MGI:97652		D	D	A	A	A	D	D	A	A	D	A	A	D	A	D	A	A	A	D	A	D	D	D	A	A	J:9925	Frankel WN, J Virol 1989 Sep;63(9):3810-21	
AKXD	3	-1.0	Pmv38	MGI:97663		D	D	A	A	A	D	D	A	A	D	A	A	D	A	D	A	A	A	D	D	D	D	D	A	A	J:9925	Frankel WN, J Virol 1989 Sep;63(9):3810-21	
AKXD	3	-1.0	Pmv39	MGI:97664		D	D	D	D	A	D	A	A	D	D	A	D	D	A	D	A	D	D	A	D	D	D	D	A	D	J:515	Ramesh V, Mamm Genome 1992;3(1):17-22	J:9925	Frankel WN, J Virol 1989 Sep;63(9):3810-21	J:1860	Milatovich A, Genomics 1991 Dec;11(4):1040-8	
AKXD	3	18.3	Il2	MGI:96548		A	D	A	A	A	A	D	A	A	A	D	A	D	A	.	A	A	A	D	A	D	A	A	D	A	J:459	Hearne CM, Mamm Genome 1991;1(4):273-82	
AKXD	3	29.17	Pact1	MGI:1100875		.	D	.	A	A	.	A	.	A	.	A	A	D	A	.	A	A	A	D	A	D	A	.	.	.	J:43555	Ault KA, Platelets 1997;8(4):235-241	
AKXD	3	32.59	Sis	MGI:1917233		D	D	A	A	A	D	D	A	A	A	A	A	D	A	D	A	A	A	D	A	D	D	D	A	A	J:14460	Birkenmeier EH, Mamm Genome 1993 Sep;4(9):531-6	
AKXD	3	45.25	Tshb	MGI:98848		D	D	A	A	A	D	A	A	A	D	A	D	D	A	.	A	A	A	A	D	D	D	D	A	A	J:452	Aitman TJ, Mamm Genome 1991;1(4):206-10	
AKXD	3	58.5	Egf	MGI:95290		D	D	D	D	A	D	A	D	D	D	A	D	D	A	D	D	D	D	A	A	D	D	D	A	D	J:515	Ramesh V, Mamm Genome 1992;3(1):17-22	J:1860	Milatovich A, Genomics 1991 Dec;11(4):1040-8	J:9175	Mucenski ML, Oncogene Res 1988 Feb;2(3):219-33	
AKXD	3	60.78	Lef1	MGI:96770		D	D	D	D	A	.	A	A	D	D	A	D	D	A	.	A	D	D	A	A	D	D	D	A	D	J:1860	Milatovich A, Genomics 1991 Dec;11(4):1040-8	
AKXD	3	61.33	D3Nds2	MGI:92625		D	D	D	D	A	D	A	A	D	D	A	D	D	A	.	A	D	D	A	A	D	D	D	A	D	J:11484	Cornall RJ, Genomics 1991 Aug;10(4):874-81	
AKXD	3	64.3	Eif4e	MGI:95305		D	D	D	D	.	A	.	D	D	.	A	D	.	D	.	D	A	D	A	A	A	D	D	A	.	J:11202	Dorfman J, Genomics 1991 Apr;9(4):785-8	
AKXD	3	72.36	D3Mit18	MGI:92452		A	D	D	D	A	D	.	A	D	D	A	D	D	A	.	A	D	A	D	A	D	D	D	D	A	J:11923	Taylor BA, Mamm Genome 1993;4(5):239-42	
AKXD	4	-1.0	D4Nds8	MGI:93046		A	A	D	D	D	A	A	A	A	A	A	A	D	A	.	D	A	A	D	D	A	D	A	D	A	J:3227	Cornall RJ, Mamm Genome 1992;3(11):620-4	
AKXD	4	-1.0	D4Ty1	MGI:106068		D	A	D	D	A	D	D	D	D	A	D	D	D	D	.	D	D	A	D	D	A	D	D	D	D	J:28086	Taylor BA, Mamm Genome 1995 Aug;6(8):493-8	
AKXD	4	-1.0	Gabpb1-ps1	MGI:99882		D	.	D	D	D	D	D	A	D	A	D	D	D	D	D	D	D	A	A	D	A	D	D	D	D	J:19614	de la Brousse FC, Genes Dev 1994 Aug 1;8(15):1853-65	
AKXD	4	-1.0	Mtv13	MGI:97185		D	D	A	D	D	D	D	A	D	A	D	A	D	D	D	D	D	A	D	D	A	D	D	D	D	J:10675	Lee BK, J Virol 1990 Sep;64(9):4568-72	J:1584	Rohdewohld H, Mamm Genome 1992;3(2):119-21	J:9734	Pullen AM, J Immunol 1989 May 1;142(9):3033-7	J:18405	Milatovich A, Somat Cell Mol Genet 1994 Mar;20(2):75-86	
AKXD	4	-1.0	Mtv14	MGI:97186		A	A	D	D	A	A	A	A	A	D	A	A	A	A	D	D	A	A	A	D	A	.	A	D	A	J:10675	Lee BK, J Virol 1990 Sep;64(9):4568-72	
AKXD	4	-1.0	Pmv23	MGI:97647		D	D	A	D	D	A	D	A	D	A	D	A*	D	D*	D	D	D	A	D	D*	A*	D	D	D	A	J:1682	Dumont DJ, Oncogene 1992 Aug;7(8):1471-80	J:1584	Rohdewohld H, Mamm Genome 1992;3(2):119-21	J:2503	Elliott RW, Mouse Genome 1992;90(3):428-29	J:9925	Frankel WN, J Virol 1989 Sep;63(9):3810-21	J:18405	Milatovich A, Somat Cell Mol Genet 1994 Mar;20(2):75-86	
AKXD	4	-1.0	Pmv25	MGI:97649		D	D	D	A	A	D	D	D	D	A	D	D	D	D	D	D	D	A	D	D	A	D	A	D	D	J:1584	Rohdewohld H, Mamm Genome 1992;3(2):119-21	J:9925	Frankel WN, J Virol 1989 Sep;63(9):3810-21	
AKXD	4	-1.0	Rasl2-7	MGI:97868		A	A	D	D	D	A	A	A	A	A	A	A	D	A	.	D	A	A	D	D	A	D	A	D	D	J:561	Drivas G, Mamm Genome 1991;1(2):112-7	J:25182	White RA, Mamm Genome 1995 May;6(5):332-3	
AKXD	4	23.04	Cd72	MGI:88345		A	A	D	D	D	A	A	A	A	A	A	D	D	A	D	D	A	A	D	D	A	D	A	D	A	J:14246	Tada N, Mouse News Lett 1989;84():59-71	J:7384	Baumann H, J Biol Chem 1984 Jan 10;259(1):566-73	
AKXD	4	24.49	Tmod1	MGI:98775		A	A	D	D	D	A	A	A	A	A	A	A	D	A	.	D	A	A	D	D	A	D	A	D	A	J:25182	White RA, Mamm Genome 1995 May;6(5):332-3	
AKXD	4	28.57	D4Nds6	MGI:93044		A	A	D	D	D	A	A	A	D	A	A	A	D	A	.	D	A	A	D	D	D	D	A	D	A	J:3227	Cornall RJ, Mamm Genome 1992;3(11):620-4	
AKXD	4	33.96	Orm1	MGI:97443		D	D	A	D	D	A	A	.	.	A	A	A	D	D	.	D	D	D	A	A	A	D	.	D	.	J:7384	Baumann H, J Biol Chem 1984 Jan 10;259(1):566-73	J:18405	Milatovich A, Somat Cell Mol Genet 1994 Mar;20(2):75-86	
AKXD	4	37.89	Tyrp1	MGI:98881	Tyrp1<b>	D	D	A	D	D	A	A	A	D	A	A	A	D	D	.	D	D	A	D	A	A	D	D	D	D	J:1682	Dumont DJ, Oncogene 1992 Aug;7(8):1471-80	J:7384	Baumann H, J Biol Chem 1984 Jan 10;259(1):566-73	J:18405	Milatovich A, Somat Cell Mol Genet 1994 Mar;20(2):75-86	
AKXD	4	38.21	D4Nds7	MGI:93045		D	D	A	D	D	A	A	A	D	A	A	A	D	D	.	D	D	A	D	A	A	D	D	D	D	J:3227	Cornall RJ, Mamm Genome 1992;3(11):620-4	
AKXD	4	43.34	Tek	MGI:98664		D	D	A	D	D	A	A	A	D	A	D	A	D	D	.	D	D	A	D	D	A	D	D	D	D	J:1682	Dumont DJ, Oncogene 1992 Aug;7(8):1471-80	
AKXD	4	46.99	Pde4b	MGI:99557		D	D	A	D	D	A	D	A	D	A	D	A	D	D	.	D	D	A	D	D	A	D	D	D	A	J:18405	Milatovich A, Somat Cell Mol Genet 1994 Mar;20(2):75-86	
AKXD	4	53.2	Ipp	MGI:96581		.	A	.	D	D	D	D	A	D	A	D	D	D	D	.	D	D	A	.	D	A	D	D	.	.	J:3566	Chang-Yeh A, Proc Natl Acad Sci U S A 1993 Jan 1;90(1):292-6	
AKXD	4	55.34	Slc2a1	MGI:95755		D	D	D	D	D	A*	D	A	D	A	D	D	D	D	.	D	D	A	A	D*	D*	D	D	D	D	J:2503	Elliott RW, Mouse Genome 1992;90(3):428-29	J:19614	de la Brousse FC, Genes Dev 1994 Aug 1;8(15):1853-65	J:18405	Milatovich A, Somat Cell Mol Genet 1994 Mar;20(2):75-86	
AKXD	4	57.36	Mycl1	MGI:96799		D	D	D	D	A	D	D	A	D	A	D	D	D	D	D	D	D	A	A	D	A	D	D	D	D	J:9772	Campbell GR, Oncogene Res 1989;4(1):47-54	J:1584	Rohdewohld H, Mamm Genome 1992;3(2):119-21	J:3566	Chang-Yeh A, Proc Natl Acad Sci U S A 1993 Jan 1;90(1):292-6	
AKXD	4	57.86	Pou3f1	MGI:101896		D	D	D	D	A	D	D	A	D	A	D	A*	D	D	.	D	D	A	A	.	A	D	D	D	D	J:1584	Rohdewohld H, Mamm Genome 1992;3(2):119-21	J:20642	Taylor BA, Personal Communication 1994 July 8;():	J:18405	Milatovich A, Somat Cell Mol Genet 1994 Mar;20(2):75-86	
AKXD	4	57.9	D4Nds2	MGI:93040		D	D	D	D	A	D	D	A	D	A	D	D	D	D	.	D	D	A	A	D	A	D	D	D	D	J:11484	Cornall RJ, Genomics 1991 Aug;10(4):874-81	
AKXD	4	80.99	D4Mit14	MGI:92764		D	D	D	A	A	D	D	D	D	A	D	D	D	D	.	A	D	A	D	D	A	.	A	D	D	J:11923	Taylor BA, Mamm Genome 1993;4(5):239-42	
AKXD	5	-1.0	D5Bir2	MGI:93115		D	D	D	A	D	A	D	A	A	A	D	A	D	A	A	D	A	A	D	A	A	A	A	A	A	J:28837	Qureshi ST, Genomics 1995 Sep 1;29(1):307-9	J:3011	Birkenmeier EH, Mamm Genome 1992;3(10):537-45	
AKXD	5	-1.0	D5Mnl25e	MGI:107753		D	A	D	.	D	A	A	A	D	D	A	A	A	D	A	A	A	A	A	A	D	.	A	D	A	J:9764	Cheng SV, Genomics 1989 Apr;4(3):419-26	
AKXD	5	-1.0	Mpmv23	MGI:97092		D	D	D	A	D	A	D	A	A	A	D	A	D	A	A	D	A	A	D	A	A	A	A	A	A	J:7348	Wejman JC, J Virol 1984 Apr;50(1):237-47	J:10331	Frankel WN, Genetics 1990 Feb;124(2):221-36	J:28837	Qureshi ST, Genomics 1995 Sep 1;29(1):307-9	J:29223	Hughes R, Genomics 1995 Sep 20;29(2):546-50	
AKXD	5	-1.0	Mpmv7	MGI:97134		D	D	D	A	A	A	D	A	A	A	A	A	A	D	A	D	A	A	A	A	A	D	A	D	A	J:10331	Frankel WN, Genetics 1990 Feb;124(2):221-36	
AKXD	5	-1.0	Pmv40	MGI:97666		D	D	D	A	D	A	A	A	A	A	D	A	D	A	D	D	A	A	D	A	A	D	A	A	A	J:9925	Frankel WN, J Virol 1989 Sep;63(9):3810-21	J:28837	Qureshi ST, Genomics 1995 Sep 1;29(1):307-9	
AKXD	5	-1.0	Rmcf	MGI:97933		D	D	D	A	D	A	D	A	A	A	D	A	D	A	A	D	A	A	D	A	A	D	A	A	A	J:7348	Wejman JC, J Virol 1984 Apr;50(1):237-47	J:9925	Frankel WN, J Virol 1989 Sep;63(9):3810-21	J:28837	Qureshi ST, Genomics 1995 Sep 1;29(1):307-9	J:7108	Hartley JW, J Exp Med 1983 Jul 1;158(1):16-24	J:20300	Mucenski ML, Mol Cell Biol 1986 Dec;6(12):4236-43	J:20642	Taylor BA, Personal Communication 1994 July 8;():	
AKXD	5	-1.0	Xmv34	MGI:99082		D	D	D	A	A	A	D	A	A	A	D	A	D	D	.	D	D*	A	A	A	A	A	A	A	A	J:9678	Frankel WN, J Virol 1989 Apr;63(4):1763-74	J:22188	White RA, Mamm Genome 1994 Dec;5(12):827-9	J:28837	Qureshi ST, Genomics 1995 Sep 1;29(1):307-9	
AKXD	5	3.43	D5Mit47	MGI:93347		D	D	D	A	D	A	A	A	A	A	A	A	D	A	.	D	A	A	D	D	A	D	A	A	A	J:15640	Link RE, Mamm Genome 1993 Nov;4(11):650-5	
AKXD	5	9.83	Fgl2	MGI:103266		D	D	D	A	D	A	D	A	A	A	D	A	D	A	.	D	A	A	D	A	A	A	A	A	A	J:28837	Qureshi ST, Genomics 1995 Sep 1;29(1):307-9	
AKXD	5	9.97	Dnajc2	MGI:99470		D	D	D	A	D	A	D	A	A	A	D	A	D	A	.	D	A	A	D	A	A	A	A	A	A	J:29223	Hughes R, Genomics 1995 Sep 20;29(2):546-50	
AKXD	5	11.74	Slc4a2	MGI:109351		D	D	D	A	A	A	D	A	A	A	D	A	D	D	.	D	A	A	A	A	A	A	A	A	A	J:22188	White RA, Mamm Genome 1994 Dec;5(12):827-9	
AKXD	5	18.09	Adra2c	MGI:87936		D	D	D	A	A	A	D	A	A	A	D	A	D	D	.	D	A	A	A	A	A	D	A	D	A	J:15640	Link RE, Mamm Genome 1993 Nov;4(11):650-5	
AKXD	5	18.25	Plk-ps1	MGI:103247		D	D	D	A	A	A	D	A	A	A	D	A	D	D	.	D	A	A	A	A	A	D	A	D	A	J:36971	Clay FJ, Gene 1997 Oct 1;198(1-2):329-39	
AKXD	5	20.17	D5Mit13	MGI:93201		D	D	D	A	A	A	D	A	A	A	D	A	D	D	.	D	A	A	A	A	A	D	A	D	A	J:15640	Link RE, Mamm Genome 1993 Nov;4(11):650-5	
AKXD	5	24.9	Qdpr	MGI:97836		D	D	D	.	A	A	D	A	A	A	D	A	D	D	A	D	A	A	A	A	A	.	A	D	A	J:9764	Cheng SV, Genomics 1989 Apr;4(3):419-26	
AKXD	5	32.8	Pgm1	MGI:97564		D	A	D	A	D	D	D	A	D	D	A	A	A	D	A	A	A	A	A	A	D	D	A	D	A	J:9764	Cheng SV, Genomics 1989 Apr;4(3):419-26	J:7108	Hartley JW, J Exp Med 1983 Jul 1;158(1):16-24	J:61054	White RA, Cytogenet Cell Genet 2000;89(3-4):272-5	
AKXD	5	32.8	Tbc1d1	MGI:1889508		D	A	D	A	D	D	D	A	D	D	A	A	A	D	.	A	A	A	A	A	D	D	A	D	A	J:61054	White RA, Cytogenet Cell Genet 2000;89(3-4):272-5	
AKXD	5	33.68	D5Mit15	MGI:93223		D	A	D	A	D	D	D	A	D	D	A	A	A	D	.	A	A	A	A	A	D	D	A	D	A	J:15640	Link RE, Mamm Genome 1993 Nov;4(11):650-5	
AKXD	5	38.44	D5Nds2	MGI:93465		D	A	D	A	D	A	A	A	D	D	A	A	A	D	.	A	A	A	A	A	D	D	A	D	A	J:11484	Cornall RJ, Genomics 1991 Aug;10(4):874-81	
AKXD	5	44.16	D5Mit40	MGI:93341		D	A	A	A	A	A	A	A	D	D	A	D	D	D	.	D	D	A	D	A	D	D	A	A	A	J:15640	Link RE, Mamm Genome 1993 Nov;4(11):650-5	
AKXD	5	44.77	Afp	MGI:87951		D	A	A	A	A	A	A	A	D	D	A	D	D	D	A	D	D	A	D	A	A	D	A	A	A	J:9772	Campbell GR, Oncogene Res 1989;4(1):47-54	
AKXD	5	54.68	D5Mit24	MGI:93320		A	A	D	D	A	A	A	A	A	D	D	D	A	D	.	A	D	A	D	D	D	D	D	D	D	J:15640	Link RE, Mamm Genome 1993 Nov;4(11):650-5	
AKXD	5	75.55	D5Mit32	MGI:93336		D	A	A	A	A	A	A	A	A	D	D	D	A	D	.	A	D	A	D	D	A	D	D	A	D	J:15640	Link RE, Mamm Genome 1993 Nov;4(11):650-5	
AKXD	5	76.32	Ache	MGI:87876		D	A	A	A	A	A	A	A	A	D	D	D	A	D	.	A	D	D	D	D	A	.	D	A	D	J:2672	Rachinsky TL, Genomics 1992 Oct;14(2):511-4	
AKXD	5	76.5	Epo	MGI:95407		D	A	A	D	A	A	A	A	A	D	D	D	A	D	.	A	D	D	D	D	A	.	D	A	D	J:2672	Rachinsky TL, Genomics 1992 Oct;14(2):511-4	
AKXD	6	-1.0	Igk-J	MGI:96497		D	A	D	A	D	A	A	D	D	A	A	D	D	A	A	A	D	A	D	D	A	D	D	A	.	J:8431	Boyd RT, Immunogenetics 1986;24(3):150-7	
AKXD	6	-1.0	Igk-V28	MGI:96511		D	A	D	A	D	A	A	D	D	A	A	D	D	A	A	A	D	A	D	D	A	D	D	A	D	J:8097	Taylor BA, Immunogenetics 1985;22(5):471-81	
AKXD	6	-1.0	Mtv23	MGI:97190		D	A	A	D	D	A	A	D	D	D	D	D	D	D	A	A	D	D	D	A	D	.	A	A	D	J:10675	Lee BK, J Virol 1990 Sep;64(9):4568-72	
AKXD	6	-1.0	Odc-rs5	MGI:97419		D	A	D	A	D	A	A	D	D	A	A	D	D	A	A	A	D	A	D	D	A	D	D	A	D	J:953	Richards-Smith BA, Mamm Genome 1992;2(4):215-32	
AKXD	6	-1.0	Rn7s6	MGI:97956		D	A	D	A	D	A	A	D	D	A	A	D	D	A	A	A	D	A	D	D	A	D	D	A	D	J:10507	Elliott RW, Genomics 1990 Apr;6(4):635-44	J:8097	Taylor BA, Immunogenetics 1985;22(5):471-81	
AKXD	6	-1.0	Xmmv54	MGI:99029		D	D	D	D	A	D	D	A	A	D	A	D	A	A	A	A	D	D	A	D	A	A	A	D	A	J:7348	Wejman JC, J Virol 1984 Apr;50(1):237-47	
AKXD	6	7.89	D6Nds3	MGI:93789		D	A	A	A	D	A	A	A	D	D	D	D	D	D	.	A	D	D	D	A	D	D	A	A	D	J:3227	Cornall RJ, Mamm Genome 1992;3(11):620-4	
AKXD	6	12.36	Calu	MGI:1097158		A	D	A	A	D	A	D	A	D	A	D	A	A	A	.	A	D	A	A	A	A	A	D	D	D	J:41711	Yabe D, J Biol Chem 1997 Jul 18;272(29):18232-9	
AKXD	6	24.42	D6Mit33	MGI:93665		D	A	A	D	D	A	A	D	D	D	A	D	D	A	.	A	A	D	D	D	D	D	D	A	D	J:11923	Taylor BA, Mamm Genome 1993;4(5):239-42	
AKXD	6	30.89	Igk	MGI:96494		D	A	D	A	D	A	A	.	.	A	A	D	D	A	.	A	D	A	D	D	A	D	D	A	.	J:10507	Elliott RW, Genomics 1990 Apr;6(4):635-44	
AKXD	6	32.14	Cd8b1	MGI:88347		D	A	D	A	D	A	A	D	D	A	A	D	D	A	A	A	D	A	D	D	A	D	D	A	D	J:8097	Taylor BA, Immunogenetics 1985;22(5):471-81	J:20300	Mucenski ML, Mol Cell Biol 1986 Dec;6(12):4236-43	
AKXD	6	37.62	Tgfa	MGI:98724		D	A	D	A	D	A	A	D	D	A	A	D	D	A	.	D	D	A	D	D	A	D	A	A	A	J:12769	Fowler KJ, Genomics 1993 Jun;16(3):782-4	
AKXD	6	43.32	D6Nds2	MGI:93788		D	A	D	D	D	A	A	D	D	A	A	D	D	A	.	D	D	A	A	D	A	D	D	A	A	J:3227	Cornall RJ, Mamm Genome 1992;3(11):620-4	
AKXD	6	53.62	Raf1	MGI:97847		D	A	A	.	D	A	D	D	D	A	A	.	D	A	.	D	D	A	A	D	A	D	D	.	A	J:10507	Elliott RW, Genomics 1990 Apr;6(4):635-44	
AKXD	6	53.72	Rho	MGI:97914		D	A	A	A	D	A	D	D	D	A	A	D	D	A	.	D	D	D	A	D	A	D	D	A	A	J:10507	Elliott RW, Genomics 1990 Apr;6(4):635-44	
AKXD	6	77.7	D6Mit15	MGI:93579		D	D	D	A	A	D	D	D	A	A	A	D	A	A	.	A	D	D	A	D	A	A	A	D	A	J:11923	Taylor BA, Mamm Genome 1993;4(5):239-42	
AKXD	7	-1.0	D7Hms1	MGI:93899		A	A	D	A	D	D	A	A	D	D	A	A	A	A	.	.	A	A	A	A	A	D	A	D	D	J:11587	Chaillet JR, Genomics 1991 Nov;11(3):773-6	
AKXD	7	-1.0	D7Mit71	MGI:94093		.	D	D	A	A	A	A	D	D	D	D	D	A	D	.	A	.	A	A	A	A	.	A	A	.	J:21741	Yamada Y, J Exp Med 1994 Dec 1;180(6):2155-62	
AKXD	7	-1.0	Emv11	MGI:95327		A	D	A	A	D	A	D	A	D	A	D	A	A	A	D	A	D	A	A	A	A	A	D	D	D	J:8671	Dlouhy SR, Genetics 1987 Mar;115(3):535-43	J:21741	Yamada Y, J Exp Med 1994 Dec 1;180(6):2155-62	J:41711	Yabe D, J Biol Chem 1997 Jul 18;272(29):18232-9	J:20300	Mucenski ML, Mol Cell Biol 1986 Dec;6(12):4236-43	
AKXD	7	-1.0	Mtv1	MGI:97183		A	A	D	A	D	D	D	A	D	D	A	A	A	A	D	A	A	A	A	A	A	.	A	D	D	J:10675	Lee BK, J Virol 1990 Sep;64(9):4568-72	
AKXD	7	-1.0	Odc-rs6	MGI:97420		A	D	A	A	D	D	D	A	D	D	A	A	A	A	D	A	A	A	A	D	A	D	A	D	D	J:953	Richards-Smith BA, Mamm Genome 1992;2(4):215-32	J:41711	Yabe D, J Biol Chem 1997 Jul 18;272(29):18232-9	
AKXD	7	-1.0	Pmv29	MGI:97653		A	D	D	A	D	A	D	D	D	A	D	A	A	A	D	A	A	A	A	A	A	D	A	D	D	J:9925	Frankel WN, J Virol 1989 Sep;63(9):3810-21	J:41711	Yabe D, J Biol Chem 1997 Jul 18;272(29):18232-9	
AKXD	7	-1.0	Pmv31	MGI:97656		D	A	D	A	A	D	A	A	D	D	A	D	A	A	D	A	D	A	A	A	A	A	A	D	D	J:9925	Frankel WN, J Virol 1989 Sep;63(9):3810-21	
AKXD	7	-1.0	Pmv4	MGI:97665		A	D	A	A	D	?	D	?	D	?	D	A	A	A	D	A	D	A	A	A	A	A	D	D	D	J:9925	Frankel WN, J Virol 1989 Sep;63(9):3810-21	J:41711	Yabe D, J Biol Chem 1997 Jul 18;272(29):18232-9	
AKXD	7	-1.0	Tam1	MGI:98482		A	D	D	A	D	D	D	A	D	D	A	A	A	A	D	A	A	A	A	D	A	.	A	D	D	J:8671	Dlouhy SR, Genetics 1987 Mar;115(3):535-43	J:11587	Chaillet JR, Genomics 1991 Nov;11(3):773-6	J:14250	Nicholls RD, Mouse News Lett 1989;84():87-88	J:41711	Yabe D, J Biol Chem 1997 Jul 18;272(29):18232-9	
AKXD	7	-1.0	Xmv30	MGI:99078		A	D	D	A	D	D	D	A	D	D	A	A	A	A	.	A	A	A	A	D	A	D	A	D	D	J:9678	Frankel WN, J Virol 1989 Apr;63(4):1763-74	J:41711	Yabe D, J Biol Chem 1997 Jul 18;272(29):18232-9	
AKXD	7	-1.0	Xmv33	MGI:99081		A	A	D	A	D	D	A	A	D	D	A	A	A	A	.	A	A	A	A	A	A	D	A	D	D	J:9678	Frankel WN, J Virol 1989 Apr;63(4):1763-74	J:14250	Nicholls RD, Mouse News Lett 1989;84():87-88	
AKXD	7	9.67	Ckm	MGI:88413		A	D	D	A	D	A	D	A	D	A	A	A	A	A	.	A	D	A	A	A	A	D	D	D	D	J:459	Hearne CM, Mamm Genome 1991;1(4):273-82	J:41711	Yabe D, J Biol Chem 1997 Jul 18;272(29):18232-9	
AKXD	7	18.78	Upk1a	MGI:98911		A	D	A	A	D	A	D	A	D	A	A	A	A	A	.	A	A	A	A	A	A	.	A	D	D	J:15639	Ryan AM, Mamm Genome 1993 Nov;4(11):656-61	J:41711	Yabe D, J Biol Chem 1997 Jul 18;272(29):18232-9	
AKXD	7	19.26	Mag	MGI:96912		A	D	A	A	D	A	D	A	D	A	A	A	A	A	D	A	A	A	A	A	A	D	D	D	D	J:41711	Yabe D, J Biol Chem 1997 Jul 18;272(29):18232-9	J:8981	D'Eustachio P, J Neurochem 1988 Feb;50(2):589-93	
AKXD	7	19.38	Scgb1b27	MGI:87862		A	D	A	A	D	A	D	A	D	A	A	A	A	A	D	A	A	A	A	A	A	D	A	D	D	J:8671	Dlouhy SR, Genetics 1987 Mar;115(3):535-43	J:41711	Yabe D, J Biol Chem 1997 Jul 18;272(29):18232-9	J:8981	D'Eustachio P, J Neurochem 1988 Feb;50(2):589-93	
AKXD	7	32.87	Gas2	MGI:95657		A	A	D	A	D	D	D	A	D	D	A	A	A	A	.	A	A	A	A	A	A	D	A	D	D	J:2945	Colombo MP, Mamm Genome 1992;2(2):130-4	
AKXD	7	33.42	Herc2	MGI:103234		A	A	D	A	D	D	D	A	D	D	A	A	A	A	.	.	A	A	A	A	A	D	A	D	D	J:11587	Chaillet JR, Genomics 1991 Nov;11(3):773-6	
AKXD	7	33.44	Oca2	MGI:97454		A	A	D	A	D	D	A	A	D	D	A	A	A	A	.	A	A	A	A	A	A	D	A	D	D	J:2286	Nakatsu Y, Mamm Genome 1992;2(1):69-71	J:14250	Nicholls RD, Mouse News Lett 1989;84():87-88	
AKXD	7	43.46	D7Nds1	MGI:94190		A	A	D	A	D	D	A	A	D	D	A	D	A	A	.	A	D	.	A	D	A	D	A	D	D	J:11484	Cornall RJ, Genomics 1991 Aug;10(4):874-81	
AKXD	7	43.68	D7Nds2	MGI:94191		A	A	D	A	D	D	A	A	D	D	A	D	A	.	.	A	D	A	A	D	A	.	.	.	.	J:11484	Cornall RJ, Genomics 1991 Aug;10(4):874-81	
AKXD	7	43.68	D7Nds3	MGI:94192		A	A	D	A	D	D	A	A	D	D	A	A	A	A	.	A	D	A	A	D	A	D	A	D	D	J:3227	Cornall RJ, Mamm Genome 1992;3(11):620-4	J:19673	Walcz E, Genomics 1994 Jul 15;22(2):364-71	
AKXD	7	44.88	Acan	MGI:99602		A	A	D	A	A	D	D	A	D	D	A	D	A	A	.	A	D	A	A	D	A	D	A	D	D	J:19673	Walcz E, Genomics 1994 Jul 15;22(2):364-71	
AKXD	7	45.65	Fes	MGI:95514		A	A	D	A	A	D	D	A	D	D	A	D	A	A	D	A	D	A	A	D	A	D	A	D	D	J:14243	Taylor BA, Mouse News Lett 1989;83():167-8	J:19673	Walcz E, Genomics 1994 Jul 15;22(2):364-71	
AKXD	7	49.01	Tyr	MGI:98880	Tyr<c>	D	A	D	A	A	D	A	A	D	D	A	D	A	A	D	A	D	A	A	A	A	A	A	D	D	J:11492	Suzuki H, Immunogenetics 1991;34(4):252-6	J:14243	Taylor BA, Mouse News Lett 1989;83():167-8	J:19673	Walcz E, Genomics 1994 Jul 15;22(2):364-71	J:11020	Prochazka M, Immunogenetics 1991;33(2):152-6	
AKXD	7	54.6	Art2a-ps	MGI:107546		D	A	D	A	A	D	D	A	D	D	A	D	A	A	.	A	D	D	A	A	A	A	A	D	D	J:11020	Prochazka M, Immunogenetics 1991;33(2):152-6	
AKXD	7	57.86	D7Mit53	MGI:94076		.	D	D	D	A	D	D	A	D	D	D	D	A	A	.	A	.	D	A	A	A	.	A	D	.	J:21741	Yamada Y, J Exp Med 1994 Dec 1;180(6):2155-62	
AKXD	7	63.44	D7Mit7	MGI:94091		.	D	A	A	A	D	D	A	D	D	D	D	A	A	.	A	.	D	A	A	A	.	A	D	.	J:21741	Yamada Y, J Exp Med 1994 Dec 1;180(6):2155-62	
AKXD	7	66.7	D7Mit8	MGI:94102		.	D	A	A	A	D	D	D	D	D	D	D	A	A	.	A	.	D	A	A	A	.	A	D	.	J:21741	Yamada Y, J Exp Med 1994 Dec 1;180(6):2155-62	
AKXD	7	68.76	D7Mit68	MGI:94089		.	D	D	A	A	D	D	D	D	D	D	D	A	A	.	A	.	D	A	A	A	.	A	D	.	J:21741	Yamada Y, J Exp Med 1994 Dec 1;180(6):2155-62	
AKXD	7	68.94	Il4ra	MGI:105367		A	D	D	A	A	D	D	D	D	D	D	.	A	A	.	A	D	D	A	A	A	A	A	D	D	J:11492	Suzuki H, Immunogenetics 1991;34(4):252-6	J:21741	Yamada Y, J Exp Med 1994 Dec 1;180(6):2155-62	
AKXD	7	70.29	D7Mit105	MGI:93921		.	D	D	A	A	D	D	D	D	D	D	D	A	A	.	A	.	D	A	A	A	.	A	D	.	J:21741	Yamada Y, J Exp Med 1994 Dec 1;180(6):2155-62	
AKXD	7	81.27	D7Mit13	MGI:93947		.	A	D	A	A	A	A	A	D	A	D	A	D	D	.	A	.	A	A	D	D	.	A	A	.	J:21741	Yamada Y, J Exp Med 1994 Dec 1;180(6):2155-62	
AKXD	7	88.64	D7Mit15	MGI:93969		A	A	D	?	A	A	A	?	A	A	?	?	A	?	.	?	D	?	?	D	A	A	A	A	D	J:11923	Taylor BA, Mamm Genome 1993;4(5):239-42	J:21741	Yamada Y, J Exp Med 1994 Dec 1;180(6):2155-62	
AKXD	8	-1.0	Defa1	MGI:94880		A	D	D	A	D	A	A	A	A	D	A	D	D	A	.	A	A	A	D	A	D	A	D	A	A	J:2637	Lin MY, Genomics 1992 Oct;14(2):363-8	J:10035	Ouellette AJ, Genomics 1989 Aug;5(2):233-9	
AKXD	8	-1.0	Mpmv21	MGI:97090		A	A	D	A	D	D	D	A	A	D	A	A	D	A	A	D	D	A	A	A	A	A	D	A	D	J:10331	Frankel WN, Genetics 1990 Feb;124(2):221-36	
AKXD	8	-1.0	Odc-rs12	MGI:97406		D	A	D	A	A	D	D	A	A	D	A	A	D	A	A	D	A	A	A	A	D	D	D	D	D	J:953	Richards-Smith BA, Mamm Genome 1992;2(4):215-32	
AKXD	8	-1.0	Rasl6	MGI:97873		A	D	D	A	D	A	A	A	A	D	A	D	D	A	.	A	A	A	D	A	D	A	D	A	A	J:561	Drivas G, Mamm Genome 1991;1(2):112-7	J:2637	Lin MY, Genomics 1992 Oct;14(2):363-8	
AKXD	8	-1.0	Tel-rs2	MGI:99680		A	D	A	A	A	A	D	A	D	A	A	.	D	A	D	A	D	A	A	A	A	A	D	A	.	J:32008	Yen CH, Mamm Genome 1996 Mar;7(3):218-21	
AKXD	8	-1.0	Xmv12	MGI:99058		A	A	D	A	A	A	A	A	D	A	D	D	D	A	.	A	D	A	A	A	A	A	D	A	D	J:32008	Yen CH, Mamm Genome 1996 Mar;7(3):218-21	J:9678	Frankel WN, J Virol 1989 Apr;63(4):1763-74	
AKXD	8	-1.0	Xmv26	MGI:99073		A	D	D	A	D	A	A	A	A	D	A	D	D	A	.	A	A	A	A	A	D	D	D	A	D	J:9678	Frankel WN, J Virol 1989 Apr;63(4):1763-74	J:10035	Ouellette AJ, Genomics 1989 Aug;5(2):233-9	
AKXD	8	10.35	Defa-rs1	MGI:94881		A	D	D	A	D	A	A	A	A	D	A	D	D	A	.	A	A	A	D	A	D	A	D	A	A	J:2637	Lin MY, Genomics 1992 Oct;14(2):363-8	
AKXD	8	23.89	D8Mit65	MGI:94432		A	A	D	A	A	A	A	A	D	A	D	D	D	A	D	A	D	A	A	A	A	A	D	A	D	J:32008	Yen CH, Mamm Genome 1996 Mar;7(3):218-21	
AKXD	8	34.43	D8Mit72a	MGI:94440		A	D	A	A	A	A	D	A	D	A	A	D	D	A	D	A	D	A	A	A	A	A	D	A	D	J:32008	Yen CH, Mamm Genome 1996 Mar;7(3):218-21	
AKXD	8	34.43	D8Mit9	MGI:94459		A	.	A	A	A	A	D	.	.	A	A	D	D	A	D	A	D	A	A	A	A	A	D	.	D	J:32008	Yen CH, Mamm Genome 1996 Mar;7(3):218-21	
AKXD	8	43.51	D8Mit50	MGI:94416		A	D	D	A	A	A	D	A	D	D	A	D	D	A	D	D	D	A	A	A	A	A	D	A	.	J:32008	Yen CH, Mamm Genome 1996 Mar;7(3):218-21	
AKXD	8	43.51	D8Mit81	MGI:94450		A	D	D	A	A	D	D	A	D	D	A	D	D	A	D	D	D	A	A	A	A	A	D	A	D	J:32008	Yen CH, Mamm Genome 1996 Mar;7(3):218-21	
AKXD	8	48.34	D8Mit11	MGI:94287		A	D	D	A	A	D	D	A	A	D	A	D	A	A	A	D	D	A	A	A	A	A	D	A	D	J:32008	Yen CH, Mamm Genome 1996 Mar;7(3):218-21	
AKXD	8	72.81	Agt	MGI:87963		D	A	D	A	A	D	D	A	A	D	A	A	D	A	.	D	A	A	A	A	D	D	D	D	D	J:20305	Abel K, Mouse News Lett 1986;74():108-109	J:10025	Clouston WM, FEBS Lett 1989 Sep 25;255(2):419-22	
AKXD	8	74.46	D8Mit42	MGI:94407		D	D	D	D	D	D	D	A	A	D	A	A	D	A	A	D	A	A	A	A	D	D	D	.	A	J:32008	Yen CH, Mamm Genome 1996 Mar;7(3):218-21	
AKXD	9	-1.0	D9Bir2	MGI:94556		D	D	D	D	D	D	A	A	D	A	D	D	D	A	D	D	A	D	D	A	D	D	A	D	A	J:3011	Birkenmeier EH, Mamm Genome 1992;3(10):537-45	
AKXD	9	-1.0	Emv3	MGI:95346		.	.	D	A	D	.	A	.	.	.	D	D	D	.	D	D	.	.	D	A	.	.	.	D	.	J:20300	Mucenski ML, Mol Cell Biol 1986 Dec;6(12):4236-43	
AKXD	9	-1.0	Xmv15	MGI:99061		D	D	D	D	D	D	A	A	D	A	D	D	D	A	.	D	D	D	D	A	D	D	A	D	A	J:9678	Frankel WN, J Virol 1989 Apr;63(4):1763-74	
AKXD	9	-1.0	Xmv25	MGI:99072		D	D	A	A	D	A	D	A	A	A	D	D	D	A	.	A	D	D	D	A	A	D	A	D	A	J:9678	Frankel WN, J Virol 1989 Apr;63(4):1763-74	
AKXD	9	17.97	Ets1	MGI:95455		D	D	A	A	A	.	D	A	A	.	A	D	D	A	.	A	D	D	D	A	A	D	.	D	.	J:11886	D'Eustachio P, Mamm Genome 1993;4(5):278-80	
AKXD	9	24.52	Thy1	MGI:98747		D	D	A	A	D	A	D	A	A	A	D	D	D	A	D	A	D	D	D	A	A	D	A	D	A	J:452	Aitman TJ, Mamm Genome 1991;1(4):206-10	J:8111	D'Eustachio P, Proc Natl Acad Sci U S A 1985 Nov;82(22):7631-5	
AKXD	9	24.84	Upk2	MGI:98913		D	D	A	A	D	.	D	A	A	.	D	D	D	D	.	A	D	D	D	A	A	D	.	D	.	J:15639	Ryan AM, Mamm Genome 1993 Nov;4(11):656-61	
AKXD	9	25.36	Apoa1	MGI:88049		D	D	A	A	D	A	D	D	A	A	D	D	D	.	D	A	D	D	D	A	A	D	A	D	A	J:6621	Nadeau JH, Biochem Genet 1981 Jun;19(5-6):465-74	J:8111	D'Eustachio P, Proc Natl Acad Sci U S A 1985 Nov;82(22):7631-5	
AKXD	9	26.83	Ncam1	MGI:97281		D	D	A	D	D	D	A	A	A	A	D	D	D	D	D	A	D	D	D	A	A	D	A	D	A	J:8111	D'Eustachio P, Proc Natl Acad Sci U S A 1985 Nov;82(22):7631-5	
AKXD	9	42.26	Myo5a	MGI:105976	Myo5a<d>	D	.	D	A	D	.	D	A	D	D	D	D	D	A	D	D	A	D	D	A	A	D	D	D	A	J:6621	Nadeau JH, Biochem Genet 1981 Jun;19(5-6):465-74	
AKXD	9	46.55	D9Mit11	MGI:94617		D	D	D	D	D	D	A	A	D	D	D	D	D	A	.	D	A	D	D	A	A	D	D	A	A	J:12629	Nass SJ, Mamm Genome 1993;4(6):333-7	
AKXD	9	46.58	Me1	MGI:97043		D	D	D	D	D	D	?	A	D	D	D	D	D	A	D	D	A	D	D	A	A	D	D	A	A	J:12629	Nass SJ, Mamm Genome 1993;4(6):333-7	J:6621	Nadeau JH, Biochem Genet 1981 Jun;19(5-6):465-74	
AKXD	9	46.58	Pgm3	MGI:97566		D	D	D	D	D	D	D	A	D	D	D	D	D	A	D	D	A	D	D	A	A	D	D	A	A	J:6621	Nadeau JH, Biochem Genet 1981 Jun;19(5-6):465-74	J:20642	Taylor BA, Personal Communication 1994 July 8;():	
AKXD	9	47.35	D9Mit10	MGI:94611		D	D	D	D	D	A	A	A	D	D	D	D	D	A	.	A	A	A	D	A	A	D	D	A	A	J:12629	Nass SJ, Mamm Genome 1993;4(6):333-7	
AKXD	9	51.37	Rbp2	MGI:97877		D	D	D	D	D	A	A	A	D	D	D	D	D	A	.	D	A	D	D	A	A	A	D	A	A	J:12629	Nass SJ, Mamm Genome 1993;4(6):333-7	
AKXD	9	54.72	Ryk	MGI:101766		A	D	D	D	D	A	D	D	D	D	D	D	D	A	.	D	A	D	A	A	A	A	D	A	A	J:24374	Gough NM, Mamm Genome 1995 Apr;6(4):255-6	
AKXD	9	55.03	Trf	MGI:98821		A	D	D	D	D	A	D	.	D	D	D	D	D	A	.	D	A	D	A	A	A	D	D	A	A	J:11923	Taylor BA, Mamm Genome 1993;4(5):239-42	
AKXD	9	67.33	D9Mit17	MGI:94680		A	A	D	D	A	D	D	D	A	D	D	D	A	A	.	D	D	A	A	D	A	D	D	A	D	J:11923	Taylor BA, Mamm Genome 1993;4(5):239-42	
AKXD	X	-1.0	DXMit16	MGI:95088		A	A	D	D	A	D	A	D	D	D	A	D	D	D	.	D	D	A	D	D	A	.	.	D	D	J:11923	Taylor BA, Mamm Genome 1993;4(5):239-42	
AKXD	X	-1.0	Pmv1	MGI:97632		A	D	A	A	A	A	A	D	D	D	A	A	D	D	A	D	D	D	D	D	D	D	A	A	D	J:9925	Frankel WN, J Virol 1989 Sep;63(9):3810-21	
AKXD	X	29.49	DXMit68	MGI:95143		A	A	A	D	A	A	A	D	D	D	A	D	D	D	.	D	D	D	D	D	D	D	A	D	D	J:28086	Taylor BA, Mamm Genome 1995 Aug;6(8):493-8	
AKXD	X	57.4	DXMit38	MGI:95111		A	A	A	D	A	A	A	D	D	D	A	D	D	D	.	D	D	A	D	D	A	A	A	D	D	J:28086	Taylor BA, Mamm Genome 1995 Aug;6(8):493-8	
AKXD	X	74.91	DXMit5	MGI:95124		D	A	D	D	A	D	A	D	D	D	A	A	D	D	.	D	A	A	D	D	D	A	A	D	D	J:11923	Taylor BA, Mamm Genome 1993;4(5):239-42	J:28086	Taylor BA, Mamm Genome 1995 Aug;6(8):493-8	
AKXD	X	76.03	DXMit31	MGI:95104		D	A	D	D	A	D	A	D	D	D	A	A	D	D	.	D	A	A	D	D	D	A	A	D	D	J:28086	Taylor BA, Mamm Genome 1995 Aug;6(8):493-8	
AKXD	Y	-1.0	Pmv34	MGI:97659		D	D	D	D	D	D	D	D	D	D	D	D	A	A	D	A	A	A	A	A	A	A	A	A	A	J:9925	Frankel WN, J Virol 1989 Sep;63(9):3810-21	
