# Legend:
# NOcCB origin = NOD/Shi x CBA/J
# N = NOD/Shi
# C = CBA/J
# . = untyped
# Z = heterozygous
# X = new allele
# ? = ambigous typing
# * = inconsistent typing
#
# field 1: RI set designation
# field 2: chromosome
# field 3: cM  (-1.0 = syntenic)
# field 4: marker symbol
# field 5: marker ID
# field 6: allele symbol
# field 7-5: 1 6 7A 7C 7D
# field 6: reference
# field 7: reference citation
#
NOcCB	11	-1.0	D11Die34	MGI:2135489		N	C	C	N	C	J:99748	Boyden ED, Nat Genet 2006;38(2):240-244	
NOcCB	11	-1.0	D11Die36	MGI:2135494		N	C	C	N	C	J:99748	Boyden ED, Nat Genet 2006;38(2):240-244	
NOcCB	11	-1.0	D11Die41	MGI:3582963		C	C	C	C	C	J:99748	Boyden ED, Nat Genet 2006;38(2):240-244	
NOcCB	11	19.32	D11Mit173	MGI:89059		N	N	C	N	N	J:99748	Boyden ED, Nat Genet 2006;38(2):240-244	
NOcCB	11	19.82	D11Mit84	MGI:89164		N	N	N	N	N	J:99748	Boyden ED, Nat Genet 2006;38(2):240-244	
NOcCB	11	21.92	D11Mit231	MGI:101260		N	N	N	N	N	J:99748	Boyden ED, Nat Genet 2006;38(2):240-244	
NOcCB	11	23.1	D11Mit217	MGI:101274		N	C	N	N	N	J:99748	Boyden ED, Nat Genet 2006;38(2):240-244	
NOcCB	11	24.4	D11Mit218	MGI:101273		N	C	N	N	N	J:99748	Boyden ED, Nat Genet 2006;38(2):240-244	
NOcCB	11	26.65	D11Mit206	MGI:89095		N	C	N	C	N	J:99748	Boyden ED, Nat Genet 2006;38(2):240-244	
NOcCB	11	27.23	D11Mit20	MGI:89088		N	C	N	C	N	J:99748	Boyden ED, Nat Genet 2006;38(2):240-244	
NOcCB	11	27.39	D11Mit188	MGI:89074		N	C	N	C	N	J:99748	Boyden ED, Nat Genet 2006;38(2):240-244	
NOcCB	11	27.39	D11Mit189	MGI:89075		N	C	N	C	N	J:99748	Boyden ED, Nat Genet 2006;38(2):240-244	
NOcCB	11	31.86	D11Mit87	MGI:89167		N	C	C	C	C	J:99748	Boyden ED, Nat Genet 2006;38(2):240-244	
NOcCB	11	31.91	D11Mit240	MGI:101251		N	C	C	C	C	J:99748	Boyden ED, Nat Genet 2006;38(2):240-244	
NOcCB	11	33.59	D11Mit313	MGI:102276		N	C	C	C	C	J:99748	Boyden ED, Nat Genet 2006;38(2):240-244	
NOcCB	11	37.96	D11Mit157	MGI:89042		N	C	C	C	C	J:99748	Boyden ED, Nat Genet 2006;38(2):240-244	
NOcCB	11	37.96	D11Mit260	MGI:101231		N	C	C	C	C	J:99748	Boyden ED, Nat Genet 2006;38(2):240-244	
NOcCB	11	37.96	D11Mit261	MGI:101230		N	C	C	C	C	J:99748	Boyden ED, Nat Genet 2006;38(2):240-244	
NOcCB	11	39.47	D11Mit242	MGI:101249		N	C	C	N	C	J:99748	Boyden ED, Nat Genet 2006;38(2):240-244	
NOcCB	11	39.47	D11Mit339	MGI:102283		N	C	C	N	C	J:99748	Boyden ED, Nat Genet 2006;38(2):240-244	
NOcCB	11	40.42	D11Mit177	MGI:89063		N	C	C	N	C	J:99748	Boyden ED, Nat Genet 2006;38(2):240-244	
NOcCB	11	42.87	Chrnb1	MGI:87890		N	C	C	N	C	J:99748	Boyden ED, Nat Genet 2006;38(2):240-244	
NOcCB	11	43.21	D11Die31	MGI:2135481		N	C	C	N	C	J:99748	Boyden ED, Nat Genet 2006;38(2):240-244	
NOcCB	11	43.21	D11Die33	MGI:2135487		N	C	C	N	C	J:99748	Boyden ED, Nat Genet 2006;38(2):240-244	
NOcCB	11	43.21	D11Die35	MGI:2135491		N	C	C	N	C	J:99748	Boyden ED, Nat Genet 2006;38(2):240-244	
NOcCB	11	43.21	D11Mit320	MGI:102286		N	C	C	N	C	J:99748	Boyden ED, Nat Genet 2006;38(2):240-244	
NOcCB	11	43.21	Kif1c	MGI:1098260		N	C	C	N	C	J:99748	Boyden ED, Nat Genet 2006;38(2):240-244	
NOcCB	11	43.24	D11Die40	MGI:2135505		N	C	C	N	C	J:99748	Boyden ED, Nat Genet 2006;38(2):240-244	
NOcCB	11	43.59	D11Die39	MGI:2135502		N	C	C	N	C	J:99748	Boyden ED, Nat Genet 2006;38(2):240-244	
NOcCB	11	43.59	D11Mit279	MGI:101212		N	C	C	N	C	J:99748	Boyden ED, Nat Genet 2006;38(2):240-244	
NOcCB	11	45.92	D11Mit321	MGI:102287		N	C	C	N	N	J:99748	Boyden ED, Nat Genet 2006;38(2):240-244	
NOcCB	11	46.74	D11Bhm149	MGI:106848		N	C	C	N	N	J:99748	Boyden ED, Nat Genet 2006;38(2):240-244	
NOcCB	11	46.74	D11Bhm154	MGI:106842		N	C	C	N	N	J:99748	Boyden ED, Nat Genet 2006;38(2):240-244	
NOcCB	11	51.23	D11Mit36	MGI:89119		N	N	N	N	N	J:99748	Boyden ED, Nat Genet 2006;38(2):240-244	
NOcCB	11	54.95	D11Mit286	MGI:101205		C	C	C	C	C	J:99748	Boyden ED, Nat Genet 2006;38(2):240-244	
NOcCB	11	58.9	D11Mit70	MGI:89149		C	C	C	C	C	J:99748	Boyden ED, Nat Genet 2006;38(2):240-244	
NOcCB	11	62.92	D11Mit124	MGI:89006		C	C	C	C	C	J:99748	Boyden ED, Nat Genet 2006;38(2):240-244	
NOcCB	11	79.65	D11Mit167	MGI:89053		C	C	C	C	C	J:99748	Boyden ED, Nat Genet 2006;38(2):240-244	
