# Legend:
# SWXJ origin = SWR/Bm x SJL/Bm
# S = SWR/Bm
# J = SJL/Bm
# . = untyped
# Z = heterozygous
# X = new allele
# ? = ambigous typing
# * = inconsistent typing
#
# field 1: RI set designation
# field 2: chromosome
# field 3: cM  (-1.0 = syntenic)
# field 4: marker symbol
# field 5: marker ID
# field 6: allele symbol
# field 7-14: 1 2 3 4 5 6 7 8 9 10 11 12 13 14
# field 15: reference
# field 16: reference citation
#
SWXJ	1	-1.0	Cryg	MGI:88520		S	J	S	S	J	J	J	S	J	J	S	J	J	J	J:9121	Skow LC, Genomics 1987 Nov;1(3):283-6	J:30436	Svenson KL, Mamm Genome 1995 Dec;6(12):867-72	J:9713	Skow LC, Biochem Genet 1988 Oct;26(9-10):557-70	
SWXJ	1	-1.0	D1Mit204	MGI:91583		S	J	J	S	S	S	J	S	J	J	S	J	J	S	J:30436	Svenson KL, Mamm Genome 1995 Dec;6(12):867-72	
SWXJ	1	-1.0	Len1	MGI:96771		S	J	S	S	J	J	J	S	J	J	S	J	J	J	J:3774	Capeless CG, Behav Genet 1992 Nov;22(6):655-63	
SWXJ	1	2.57	D1Mit1	MGI:91467		S	S	S	J	J	S	S	S	S	J	S	J	J	J	J:30436	Svenson KL, Mamm Genome 1995 Dec;6(12):867-72	
SWXJ	1	4.12	D1Mit67	MGI:91717		J	S	S	J	J	S	S	S	S	J	S	J	J	J	J:30436	Svenson KL, Mamm Genome 1995 Dec;6(12):867-72	
SWXJ	1	4.12	D1Mit68	MGI:91718		S	S	S	J	J	S	S	S	S	J	S	J	J	J	J:30436	Svenson KL, Mamm Genome 1995 Dec;6(12):867-72	
SWXJ	1	11.77	D1Mit20	MGI:91578		S	J	S	S	J	J	S	J	S	J	S	J	J	J	J:30436	Svenson KL, Mamm Genome 1995 Dec;6(12):867-72	
SWXJ	1	26.99	D1Mit18	MGI:91556		S	J	S	S	J	J	J	S	J	J	S	J	J	J	J:30436	Svenson KL, Mamm Genome 1995 Dec;6(12):867-72	
SWXJ	1	28.86	Aox1	MGI:88035		S*	S*	S*	S*	J*	S	J	S	J*	S*	J	J	J*	S*	J:9121	Skow LC, Genomics 1987 Nov;1(3):283-6	J:41319	Downes JE, Curr Eye Res 1997 Jun;16(6):539-46	J:9713	Skow LC, Biochem Genet 1988 Oct;26(9-10):557-70	
SWXJ	1	30.44	D1Mit22	MGI:91600		S	J	S	S	J	J	J	S	J	J	S	J	J	S	J:30436	Svenson KL, Mamm Genome 1995 Dec;6(12):867-72	
SWXJ	1	32.91	Idh1	MGI:96413		S	J	S	S	J	J	J	S	J	J	S	J	J	J	J:9121	Skow LC, Genomics 1987 Nov;1(3):283-6	J:30436	Svenson KL, Mamm Genome 1995 Dec;6(12):867-72	J:3774	Capeless CG, Behav Genet 1992 Nov;22(6):655-63	J:9713	Skow LC, Biochem Genet 1988 Oct;26(9-10):557-70	
SWXJ	1	33.72	D1Mit21	MGI:91589		S	J	S	S	J	J	J	S	J	J	S	J	J	J	J:30436	Svenson KL, Mamm Genome 1995 Dec;6(12):867-72	
SWXJ	1	36.05	Fn1	MGI:95566		S	S	S	J	J	J	J	J	J	J	S	J	J	J	J:9121	Skow LC, Genomics 1987 Nov;1(3):283-6	J:9713	Skow LC, Biochem Genet 1988 Oct;26(9-10):557-70	
SWXJ	1	38.54	D1Mit24	MGI:91622		J	J	S	S	J	J	J	S	J	J	S	J	J	J	J:30436	Svenson KL, Mamm Genome 1995 Dec;6(12):867-72	
SWXJ	1	38.58	D1Mit23	MGI:91611		S	J	S	S	J	J	J	S	J	J	S	J	J	J	J:30436	Svenson KL, Mamm Genome 1995 Dec;6(12):867-72	
SWXJ	1	39.16	D1Mit46	MGI:91695		S	J	S	S	J	J	J	S	J	J	S	J	J	J	J:30436	Svenson KL, Mamm Genome 1995 Dec;6(12):867-72	
SWXJ	1	50.54	D1Mit416	MGI:101350		S	J	S	S	J	J	J	S	J	S	J	J	J	S	J:30436	Svenson KL, Mamm Genome 1995 Dec;6(12):867-72	
SWXJ	1	59.48	D1Mit103	MGI:91472		S	J	S	S	J	S	J	S	J	J	S	J	J	S	J:30436	Svenson KL, Mamm Genome 1995 Dec;6(12):867-72	
SWXJ	1	60.73	Ptprc	MGI:97810		S	J	S	J	J	S	J	S	J	J	S	J	J	S	J:30436	Svenson KL, Mamm Genome 1995 Dec;6(12):867-72	J:3774	Capeless CG, Behav Genet 1992 Nov;22(6):655-63	
SWXJ	1	67.71	D1Mit14	MGI:91512		S	J	S	J	J	J	J	S	J	J	S	J	J	S	J:30436	Svenson KL, Mamm Genome 1995 Dec;6(12):867-72	
SWXJ	1	67.97	D1Mit202	MGI:91581		S	J	S	J	J	J	J	S	J	J	S	J	J	S	J:30436	Svenson KL, Mamm Genome 1995 Dec;6(12):867-72	
SWXJ	1	68.38	D1Mit33	MGI:91685		S	J	S	J	J	J	J	S	J	J	S	J	J	S	J:30436	Svenson KL, Mamm Genome 1995 Dec;6(12):867-72	
SWXJ	1	72.09	D1Mit269	MGI:91654		S	J	J	S	S	J	J	S	J	J	S	J	J	S	J:30436	Svenson KL, Mamm Genome 1995 Dec;6(12):867-72	
SWXJ	1	72.65	D1Mit63	MGI:91713		S	J	J	S	S	S	J	S	J	J	S	J	J	S	J:30436	Svenson KL, Mamm Genome 1995 Dec;6(12):867-72	
SWXJ	1	73.17	D1Mit144	MGI:91517		S	J	J	S	S	S	J	S	J	J	S	J	J	S	J:30436	Svenson KL, Mamm Genome 1995 Dec;6(12):867-72	
SWXJ	1	75.1	D1Mit16	MGI:91534		S	J	J	S	S	S	J	S	J	J	S	J	J	S	J:30436	Svenson KL, Mamm Genome 1995 Dec;6(12):867-72	
SWXJ	1	76.25	D1Mit15	MGI:91523		S	J	J	S	S	S	J	S	J	J	S	J	J	S	J:30436	Svenson KL, Mamm Genome 1995 Dec;6(12):867-72	
SWXJ	1	76.73	D1Mit111	MGI:91481		S	J	J	S	S	S	J	S	J	J	S	J	J	S	J:30436	Svenson KL, Mamm Genome 1995 Dec;6(12):867-72	
SWXJ	1	76.73	D1Mit112	MGI:91482		S	J	J	S	S	S	J	S	J	J	S	J	J	S	J:30436	Svenson KL, Mamm Genome 1995 Dec;6(12):867-72	
SWXJ	1	76.84	D1Mit205	MGI:91584		S	J	J	S	S	S	J	S	J	J	S	J	J	S	J:30436	Svenson KL, Mamm Genome 1995 Dec;6(12):867-72	
SWXJ	1	78.33	D1Mit146	MGI:91519		S	J	J	S	S	S	J	S	J	J	S	J	J	S	J:30436	Svenson KL, Mamm Genome 1995 Dec;6(12):867-72	
SWXJ	1	79.54	D1Mit113	MGI:91483		S	J	J	J	S	J	J	J	J	J	S	J	J	S	J:30436	Svenson KL, Mamm Genome 1995 Dec;6(12):867-72	
SWXJ	1	80.13	D1Mit149	MGI:91522		S	J	J	J	S	J	J	J	S	J	S	J	J	S	J:30436	Svenson KL, Mamm Genome 1995 Dec;6(12):867-72	
SWXJ	1	80.33	D1Mit206	MGI:91585		S	J	J	J	S	J	J	J	S	J	S	J	J	S	J:30436	Svenson KL, Mamm Genome 1995 Dec;6(12):867-72	
SWXJ	1	82.78	D1Mit115	MGI:91485		S	J	J	J	S	J	J	S	S	S	S	J	J	S	J:30436	Svenson KL, Mamm Genome 1995 Dec;6(12):867-72	
SWXJ	1	84.93	D1Mit37	MGI:91689		S	J	J	J	S	J	J	S	S	S	S	J	J	S	J:30436	Svenson KL, Mamm Genome 1995 Dec;6(12):867-72	
SWXJ	1	95.03	D1Mit17	MGI:91545		S	J	J	J	S	J	J	S	S	S	S	S	J	S	J:30436	Svenson KL, Mamm Genome 1995 Dec;6(12):867-72	
SWXJ	10	-1.0	D10Mit66	MGI:88850		S	S	S	J	J	S	S	S	S	S	J	J	J	S	J:34480	Shultz KL, Mamm Genome 1996 Jul;7(7):526-32	
SWXJ	10	3.66	D10Mit80	MGI:88866		S	J	J	J	S	J	J	J	J	S	S	S	J	J	J:34480	Shultz KL, Mamm Genome 1996 Jul;7(7):526-32	
SWXJ	10	7.27	D10Mit50	MGI:88834		S	J	J	J	S	J	J	J	S	S	S	S	J	J	J:34480	Shultz KL, Mamm Genome 1996 Jul;7(7):526-32	
SWXJ	10	7.94	D10Mit168	MGI:88789		S	J	J	J	S	J	J	S	S	S	S	S	J	J	J:34480	Shultz KL, Mamm Genome 1996 Jul;7(7):526-32	
SWXJ	10	9.78	D10Mit17	MGI:88791		S	J	J	S	S	J	J	J	S	S	S	S	S	S	J:34480	Shultz KL, Mamm Genome 1996 Jul;7(7):526-32	
SWXJ	10	9.78	D10Mit2	MGI:88804		S	J	J	S	S	J	J	J	S	S	S	S	S	S	J:34480	Shultz KL, Mamm Genome 1996 Jul;7(7):526-32	
SWXJ	10	10.11	D10Mit183a	MGI:101337		S	J	J	S	S	J	J	J	S	S	S	S	S	S	J:34480	Shultz KL, Mamm Genome 1996 Jul;7(7):526-32	
SWXJ	10	12.66	D10Mit87	MGI:88873		S	J	J	S	S	J	S	J	S	S	S	S	S	S	J:34480	Shultz KL, Mamm Genome 1996 Jul;7(7):526-32	
SWXJ	10	34.72	D10Mit130	MGI:88749		S	J	S	J	J	J	S	S	S	S	J	S	S	S	J:34480	Shultz KL, Mamm Genome 1996 Jul;7(7):526-32	
SWXJ	10	34.83	D10Mit20	MGI:88805		S	J	S	J	J	J	S	S	S	S	J	J	S	S	J:34480	Shultz KL, Mamm Genome 1996 Jul;7(7):526-32	
SWXJ	10	34.95	D10Mit113	MGI:88730		S	J	S	J	J	J	S	S	J	S	J	J	S	S	J:34480	Shultz KL, Mamm Genome 1996 Jul;7(7):526-32	
SWXJ	10	45.35	D10Mit67	MGI:88851		S	J	S	J	J	J	S	S	S	S	J	J	J	S	J:34480	Shultz KL, Mamm Genome 1996 Jul;7(7):526-32	
SWXJ	10	45.48	D10Mit231	MGI:101289		S	J	S	J	J	J	S	S	S	S	J	J	J	S	J:34480	Shultz KL, Mamm Genome 1996 Jul;7(7):526-32	
SWXJ	10	51.15	D10Mit12	MGI:88737		S	J	S	S	S	J	J	S	S	J	J	J	J	S	J:34480	Shultz KL, Mamm Genome 1996 Jul;7(7):526-32	
SWXJ	10	51.42	D10Mit178	MGI:88800		J	J	S	S	S	J	J	S	S	J	J	J	J	S	J:34480	Shultz KL, Mamm Genome 1996 Jul;7(7):526-32	
SWXJ	10	54.72	D10Mit134	MGI:88753		J	J	S	S	S	J	J	S	S	J	J	J	J	S	J:34480	Shultz KL, Mamm Genome 1996 Jul;7(7):526-32	
SWXJ	10	55.73	D10Mit162	MGI:88783		J	J	S	S	S	J	J	S	S	J	J	J	J	S	J:34480	Shultz KL, Mamm Genome 1996 Jul;7(7):526-32	
SWXJ	10	66.65	D10Mit180	MGI:88802		S	J	S	S	J	J	J	S	S	S	J	J	S	S	J:34480	Shultz KL, Mamm Genome 1996 Jul;7(7):526-32	
SWXJ	10	66.65	Mdm1	MGI:96951		S	J	S	S	J	J	J	S	S	S	J	J	S	S	J:3520	Taylor BA, Mamm Genome 1992;3(12):700-4	
SWXJ	10	66.75	D10Mit14	MGI:88759		S	J	S	S	J	J	J	S	S	S	J	J	S	S	J:34480	Shultz KL, Mamm Genome 1996 Jul;7(7):526-32	
SWXJ	10	66.75	Ifng	MGI:107656		S	J	S	S	J	J	J	S	S	S	J	J	S	S	J:3520	Taylor BA, Mamm Genome 1992;3(12):700-4	
SWXJ	10	77.2	D10Mit269	MGI:102267		S	J	S	J	J	S	J	J	J	J	J	J	S	S	J:34480	Shultz KL, Mamm Genome 1996 Jul;7(7):526-32	
SWXJ	11	-1.0	D11Die34	MGI:2135489		J	S	S	J	J	J	J	J	S	S	S	S	S	J	J:99748	Boyden ED, Nat Genet 2006;38(2):240-244	
SWXJ	11	-1.0	D11Die36	MGI:2135494		J	S	S	J	J	J	J	J	S	S	S	S	S	J	J:99748	Boyden ED, Nat Genet 2006;38(2):240-244	
SWXJ	11	-1.0	D11Die41	MGI:3582963		J	S	S	J	J	J	J	J	S	J	S	S	S	J	J:99748	Boyden ED, Nat Genet 2006;38(2):240-244	
SWXJ	11	-1.0	D11Die42	MGI:3582964		J	J	S	J	J	J	J	J	S	J	S	S	S	J	J:99748	Boyden ED, Nat Genet 2006;38(2):240-244	
SWXJ	11	-1.0	D11Mit126	MGI:89008		S	J	S	J	J	S	J	J	J	S	J	S	J	S	J:99748	Boyden ED, Nat Genet 2006;38(2):240-244	J:34480	Shultz KL, Mamm Genome 1996 Jul;7(7):526-32	
SWXJ	11	-1.0	D11Mit22	MGI:89105		J	S	S	J	J	J	J	J	S	J	S	S	S	J	J:99748	Boyden ED, Nat Genet 2006;38(2):240-244	
SWXJ	11	10.44	D11Mit77	MGI:89156		J	S	S	J	J	J	J	J	S	J	J	J	J	S	J:99748	Boyden ED, Nat Genet 2006;38(2):240-244	J:34480	Shultz KL, Mamm Genome 1996 Jul;7(7):526-32	
SWXJ	11	16.06	D11Mit163	MGI:89049		J	S	S	J	J	J	J	J	J	J	J	J	J	S	J:99748	Boyden ED, Nat Genet 2006;38(2):240-244	J:34480	Shultz KL, Mamm Genome 1996 Jul;7(7):526-32	
SWXJ	11	18.51	D11Mit134	MGI:89017		J	S	S	J	J	J	J	J	?	J	S	J	J	S	J:99748	Boyden ED, Nat Genet 2006;38(2):240-244	J:34480	Shultz KL, Mamm Genome 1996 Jul;7(7):526-32	
SWXJ	11	19.21	D11Mit135	MGI:89018		J	S	S	J	J	J	J	J	?	J	S	J	J	J	J:99748	Boyden ED, Nat Genet 2006;38(2):240-244	J:34480	Shultz KL, Mamm Genome 1996 Jul;7(7):526-32	
SWXJ	11	19.32	D11Mit173	MGI:89059		J	S	S	J	J	J	J	J	S	J	S	J	J	J	J:99748	Boyden ED, Nat Genet 2006;38(2):240-244	
SWXJ	11	20.62	D11Mit186	MGI:89072		J	S	S	J	J	J	J	J	?	J	S	J	S	J	J:99748	Boyden ED, Nat Genet 2006;38(2):240-244	J:34480	Shultz KL, Mamm Genome 1996 Jul;7(7):526-32	
SWXJ	11	21.92	D11Mit231	MGI:101260		J	S	S	J	J	J	J	J	S	J	S	J	S	J	J:99748	Boyden ED, Nat Genet 2006;38(2):240-244	
SWXJ	11	23.1	D11Mit217	MGI:101274		J	S	S	J	J	J	J	J	S	J	S	S	S	J	J:99748	Boyden ED, Nat Genet 2006;38(2):240-244	
SWXJ	11	24.4	D11Mit218	MGI:101273		J	S	S	J	J	J	J	J	S	J	S	S	S	J	J:99748	Boyden ED, Nat Genet 2006;38(2):240-244	
SWXJ	11	25.49	D11Mit296	MGI:101195		J	S	S	J	J	J	J	J	S	J	S	S	S	J	J:99748	Boyden ED, Nat Genet 2006;38(2):240-244	
SWXJ	11	26.65	D11Mit206	MGI:89095		J	S	S	J	J	J	J	J	S	J	S	S	S	J	J:99748	Boyden ED, Nat Genet 2006;38(2):240-244	
SWXJ	11	27.23	D11Mit20	MGI:89088		J	S	S	J	J	J	J	J	S	J	S	S	S	J	J:99748	Boyden ED, Nat Genet 2006;38(2):240-244	
SWXJ	11	27.23	D11Mit270	MGI:101221		J	S	S	J	J	J	J	J	S	J	S	S	S	J	J:99748	Boyden ED, Nat Genet 2006;38(2):240-244	J:34480	Shultz KL, Mamm Genome 1996 Jul;7(7):526-32	
SWXJ	11	27.39	D11Mit188	MGI:89074		J	S	S	J	J	J	J	J	S	J	S	S	S	J	J:99748	Boyden ED, Nat Genet 2006;38(2):240-244	J:34480	Shultz KL, Mamm Genome 1996 Jul;7(7):526-32	
SWXJ	11	27.39	D11Mit189	MGI:89075		J	S	S	J	J	J	J	J	S	J	S	S	S	J	J:99748	Boyden ED, Nat Genet 2006;38(2):240-244	
SWXJ	11	28.25	D11Mit239	MGI:101252		J	S	S	J	J	J	J	J	S	J	S	S	S	J	J:99748	Boyden ED, Nat Genet 2006;38(2):240-244	
SWXJ	11	28.26	D11Mit190	MGI:89077		J	S	S	J	J	J	J	J	S	J	S	S	S	J	J:99748	Boyden ED, Nat Genet 2006;38(2):240-244	
SWXJ	11	28.31	D11Mit191	MGI:89078		J	S	S	J	J	J	J	J	S	J	S	S	S	J	J:99748	Boyden ED, Nat Genet 2006;38(2):240-244	
SWXJ	11	29.9	Gfpt2	MGI:1338883		J	J	S	J	J	J	J	J	S	S	S	S	S	J	J:99748	Boyden ED, Nat Genet 2006;38(2):240-244	
SWXJ	11	29.93	D11Mit153	MGI:89038		J	J	S	J	J	J	J	J	S	S	S	S	S	J	J:99748	Boyden ED, Nat Genet 2006;38(2):240-244	
SWXJ	11	31.91	D11Mit240	MGI:101251		J	J	S	J	J	J	J	J	S	S	S	S	?	J	J:99748	Boyden ED, Nat Genet 2006;38(2):240-244	J:34480	Shultz KL, Mamm Genome 1996 Jul;7(7):526-32	
SWXJ	11	33.59	D11Mit313	MGI:102276		J	J	S	J	J	J	J	J	S	S	S	S	S	J	J:99748	Boyden ED, Nat Genet 2006;38(2):240-244	
SWXJ	11	34.5	D11Mit164	MGI:89050		J	J	J	J	J	J	J	J	S	S	S	S	S	?	J:99748	Boyden ED, Nat Genet 2006;38(2):240-244	J:34480	Shultz KL, Mamm Genome 1996 Jul;7(7):526-32	
SWXJ	11	37.96	Aldh3a2	MGI:1353452		J	S	J	J	J	J	J	J	S	S	S	S	J	J	J:41319	Downes JE, Curr Eye Res 1997 Jun;16(6):539-46	
SWXJ	11	37.96	D11Mit157	MGI:89042		J	S	J	J	J	J	J	J	S	S	S	S	J	J	J:99748	Boyden ED, Nat Genet 2006;38(2):240-244	J:34480	Shultz KL, Mamm Genome 1996 Jul;7(7):526-32	
SWXJ	11	37.96	D11Mit260	MGI:101231		J	S	J	J	J	J	J	J	S	S	S	S	J	J	J:99748	Boyden ED, Nat Genet 2006;38(2):240-244	J:34480	Shultz KL, Mamm Genome 1996 Jul;7(7):526-32	
SWXJ	11	37.96	D11Mit261	MGI:101230		J	S	J	J	J	J	J	J	S	S	S	S	J	J	J:99748	Boyden ED, Nat Genet 2006;38(2):240-244	J:34480	Shultz KL, Mamm Genome 1996 Jul;7(7):526-32	
SWXJ	11	39.3	D11Mit350	MGI:105811		J	S	J	J	J	J	J	J	S	S	S	S	S	J	J:99748	Boyden ED, Nat Genet 2006;38(2):240-244	
SWXJ	11	39.47	D11Mit242	MGI:101249		J	S	J	J	J	J	J	J	S	S	?	S	S	J	J:99748	Boyden ED, Nat Genet 2006;38(2):240-244	J:34480	Shultz KL, Mamm Genome 1996 Jul;7(7):526-32	
SWXJ	11	39.47	D11Mit339	MGI:102283		J	S	J	J	J	J	J	J	S	S	S	S	S	J	J:99748	Boyden ED, Nat Genet 2006;38(2):240-244	
SWXJ	11	40.42	D11Mit177	MGI:89063		J	S	J	J	J	J	J	J	S	S	S	S	S	J	J:99748	Boyden ED, Nat Genet 2006;38(2):240-244	J:34480	Shultz KL, Mamm Genome 1996 Jul;7(7):526-32	
SWXJ	11	42.31	D11Mit368	MGI:108629		J	S	S	J	J	J	J	J	S	S	S	S	S	J	J:99748	Boyden ED, Nat Genet 2006;38(2):240-244	
SWXJ	11	43.21	D11Die31	MGI:2135481		J	S	S	J	J	J	J	J	S	S	S	S	S	J	J:99748	Boyden ED, Nat Genet 2006;38(2):240-244	
SWXJ	11	43.21	D11Die33	MGI:2135487		J	S	S	J	J	J	J	J	S	S	S	S	S	J	J:99748	Boyden ED, Nat Genet 2006;38(2):240-244	
SWXJ	11	43.21	D11Die35	MGI:2135491		J	S	S	J	J	J	J	J	S	S	S	S	S	J	J:99748	Boyden ED, Nat Genet 2006;38(2):240-244	
SWXJ	11	43.21	D11Mit320	MGI:102286		J	S	S	J	J	J	J	J	S	S	S	S	S	J	J:99748	Boyden ED, Nat Genet 2006;38(2):240-244	J:34480	Shultz KL, Mamm Genome 1996 Jul;7(7):526-32	
SWXJ	11	43.21	Kif1c	MGI:1098260		J	S	S	J	J	J	J	J	S	S	S	S	S	J	J:99748	Boyden ED, Nat Genet 2006;38(2):240-244	
SWXJ	11	43.24	D11Die40	MGI:2135505		J	S	S	J	J	J	J	J	S	S	S	S	S	J	J:99748	Boyden ED, Nat Genet 2006;38(2):240-244	
SWXJ	11	43.59	D11Die39	MGI:2135502		J	S	S	S	J	J	J	J	S	S	J	S	S	J	J:99748	Boyden ED, Nat Genet 2006;38(2):240-244	
SWXJ	11	43.59	D11Mit279	MGI:101212		J	S	S	S	J	J	J	J	S	S	J	S	S	J	J:99748	Boyden ED, Nat Genet 2006;38(2):240-244	
SWXJ	11	45.76	D11Mit352	MGI:105813		J	S	S	S	J	J	J	J	S	S	J	S	S	J	J:99748	Boyden ED, Nat Genet 2006;38(2):240-244	
SWXJ	11	45.92	D11Mit321	MGI:102287		J	S	S	S	J	J	J	J	J	S	J	S	S	J	J:99748	Boyden ED, Nat Genet 2006;38(2):240-244	
SWXJ	11	46.74	D11Bhm149	MGI:106848		J	S	S	S	J	J	J	J	J	S	J	S	S	J	J:99748	Boyden ED, Nat Genet 2006;38(2):240-244	
SWXJ	11	46.74	D11Bhm151	MGI:106845		J	S	S	S	J	J	J	J	J	S	J	S	S	J	J:99748	Boyden ED, Nat Genet 2006;38(2):240-244	
SWXJ	11	46.74	D11Bhm153	MGI:106843		J	S	S	S	J	J	J	J	J	S	J	S	S	J	J:99748	Boyden ED, Nat Genet 2006;38(2):240-244	
SWXJ	11	46.74	D11Bhm154	MGI:106842		J	S	S	S	J	J	J	J	J	S	J	S	S	J	J:99748	Boyden ED, Nat Genet 2006;38(2):240-244	
SWXJ	11	46.74	D11Bhm162	MGI:106833		J	S	S	S	J	J	J	J	J	S	J	S	S	J	J:99748	Boyden ED, Nat Genet 2006;38(2):240-244	
SWXJ	11	54.34	D11Mit41	MGI:89125		J	J	J	S	J	J	J	J	J	J	J	S	J	J	J:99748	Boyden ED, Nat Genet 2006;38(2):240-244	
SWXJ	11	54.95	D11Mit286	MGI:101205		J	J	J	S	J	J	J	J	J	J	J	S	J	J	J:99748	Boyden ED, Nat Genet 2006;38(2):240-244	
SWXJ	11	54.96	D11Mit357	MGI:105818		J	J	J	S	J	J	J	J	J	J	J	S	J	J	J:99748	Boyden ED, Nat Genet 2006;38(2):240-244	
SWXJ	11	58.9	D11Mit70	MGI:89149		J	J	J	S	J	J	J	J	J	J	J	S	J	J	J:99748	Boyden ED, Nat Genet 2006;38(2):240-244	J:34480	Shultz KL, Mamm Genome 1996 Jul;7(7):526-32	
SWXJ	11	62.4	D11Mit14	MGI:89023		J	J	S	S	J	S	J	J	J	J	J	S	J	J	J:99748	Boyden ED, Nat Genet 2006;38(2):240-244	J:34480	Shultz KL, Mamm Genome 1996 Jul;7(7):526-32	
SWXJ	11	62.92	D11Mit132	MGI:89015		J	J	S	S	J	S	J	J	J	J	J	S	J	J	J:99748	Boyden ED, Nat Genet 2006;38(2):240-244	J:34480	Shultz KL, Mamm Genome 1996 Jul;7(7):526-32	
SWXJ	11	63.42	D11Mit59	MGI:89137		J	J	S	S	J	S	J	J	J	S	J	S	J	J	J:99748	Boyden ED, Nat Genet 2006;38(2):240-244	J:34480	Shultz KL, Mamm Genome 1996 Jul;7(7):526-32	
SWXJ	11	65.48	D11Mit199	MGI:89086		J	J	S	S	J	S	J	J	J	S	J	S	J	S	J:99748	Boyden ED, Nat Genet 2006;38(2):240-244	J:34480	Shultz KL, Mamm Genome 1996 Jul;7(7):526-32	
SWXJ	11	67.84	D11Mit10	MGI:88979		S	J	S	J	J	S	J	J	J	S	J	S	J	S	J:99748	Boyden ED, Nat Genet 2006;38(2):240-244	J:34480	Shultz KL, Mamm Genome 1996 Jul;7(7):526-32	
SWXJ	11	75.93	D11Mit61	MGI:89139		S	J	S	S	J	S	S	S	S	S	S	S	J	S	J:99748	Boyden ED, Nat Genet 2006;38(2):240-244	J:34480	Shultz KL, Mamm Genome 1996 Jul;7(7):526-32	
SWXJ	11	84.8	D11Mit69	MGI:89147		S	J	S	S	J	S	S	S	S	J	S	S	J	S	J:99748	Boyden ED, Nat Genet 2006;38(2):240-244	J:34480	Shultz KL, Mamm Genome 1996 Jul;7(7):526-32	
SWXJ	12	-1.0	D12H14S17	MGI:89328		S	J	S	S	J	J	J	J	S	S	S	J	J	S	J:18817	Khan F, Genomics 1994 May 1;21(1):128-37	
SWXJ	12	-1.0	D12Mit7	MGI:89478		S	S	S	S	J	J	J	S	J	S	J	S	J	S	J:18817	Khan F, Genomics 1994 May 1;21(1):128-37	J:34480	Shultz KL, Mamm Genome 1996 Jul;7(7):526-32	
SWXJ	12	-1.0	D12Nyu13	MGI:89569		J	J	S	S	J	J	J	J	S	S	S	J	J	S	J:18817	Khan F, Genomics 1994 May 1;21(1):128-37	
SWXJ	12	-1.0	D12Nyu17	MGI:99647		S	J	S	S	J	J	J	J	S	S	J	S	S	S	J:18817	Khan F, Genomics 1994 May 1;21(1):128-37	
SWXJ	12	-1.0	Igh-C	MGI:96456		S	J	S	S	J	J	J	J	S	S	S	J	J	S	J:18817	Khan F, Genomics 1994 May 1;21(1):128-37	
SWXJ	12	-1.0	Igh-V3609	MGI:96481		J	J	S	S	J	J	J	J	S	S	S	J	J	S	J:18817	Khan F, Genomics 1994 May 1;21(1):128-37	
SWXJ	12	7.79	D12Mit170	MGI:89421		J	J	S	S	J	S	S	J	S	S	J	J	J	J	J:34480	Shultz KL, Mamm Genome 1996 Jul;7(7):526-32	
SWXJ	12	8.04	D12Mit184	MGI:101186		J	J	S	S	J	S	S	J	S	S	J	J	J	J	J:34480	Shultz KL, Mamm Genome 1996 Jul;7(7):526-32	
SWXJ	12	8.04	D12Mit58	MGI:89465		J	J	S	S	J	S	S	J	S	S	J	J	J	J	J:34480	Shultz KL, Mamm Genome 1996 Jul;7(7):526-32	
SWXJ	12	15.71	D12Mit153	MGI:89402		J	J	S	S	S	S	S	.	S	S	J	J	S	J	J:34480	Shultz KL, Mamm Genome 1996 Jul;7(7):526-32	
SWXJ	12	18.94	D12Mit2	MGI:89435		J	J	S	S	J	J	S	J	J	S	J	J	S	J	J:18817	Khan F, Genomics 1994 May 1;21(1):128-37	J:34480	Shultz KL, Mamm Genome 1996 Jul;7(7):526-32	
SWXJ	12	21.09	D12Mit172	MGI:89423		J	J	S	S	J	J	S	J	J	S	J	J	S	J	J:34480	Shultz KL, Mamm Genome 1996 Jul;7(7):526-32	J:49710	Beamer WG, Cancer Res 1998 Aug 15;58(16):3694-9	
SWXJ	12	21.09	Gct2	MGI:1330296		J	J	S	S	J	J	S	J	J	S	J	J	S	J	J:49710	Beamer WG, Cancer Res 1998 Aug 15;58(16):3694-9	
SWXJ	12	28.94	D12Mit114	MGI:89359		S	J	S	S	J	J	S	J	J	S	S	S	S	S	J:34480	Shultz KL, Mamm Genome 1996 Jul;7(7):526-32	
SWXJ	12	32.02	D12Mit33	MGI:89443		S	J	S	S	J	J	S	S	J	S	S	S	S	S	J:34480	Shultz KL, Mamm Genome 1996 Jul;7(7):526-32	
SWXJ	12	33.4	D12Mit3	MGI:89440		S	J	S	S	J	J	S	S	J	S	S	S	S	S	J:18817	Khan F, Genomics 1994 May 1;21(1):128-37	J:34480	Shultz KL, Mamm Genome 1996 Jul;7(7):526-32	
SWXJ	12	35.51	D12Mit4	MGI:89449		S	J	S	S	J	J	S	S	J	S	S	S	S	S	J:18817	Khan F, Genomics 1994 May 1;21(1):128-37	J:34480	Shultz KL, Mamm Genome 1996 Jul;7(7):526-32	
SWXJ	12	35.7	D12Mit156	MGI:89405		S	J	S	S	J	J	S	S	J	S	S	S	S	S	J:34480	Shultz KL, Mamm Genome 1996 Jul;7(7):526-32	
SWXJ	12	36.36	D12Mit143	MGI:89391		S	J	S	S	J	J	S	J	J	S	S	S	S	S	J:34480	Shultz KL, Mamm Genome 1996 Jul;7(7):526-32	
SWXJ	12	36.85	D12Mit149	MGI:89397		S	S	S	S	J	J	J	S	J	S	S	S	S	S	J:34480	Shultz KL, Mamm Genome 1996 Jul;7(7):526-32	
SWXJ	12	38.14	D12Mit158	MGI:89407		S	S	S	S	J	J	J	S	J	S	S	S	S	S	J:34480	Shultz KL, Mamm Genome 1996 Jul;7(7):526-32	
SWXJ	12	39.43	D12Mit94	MGI:89505		S	S	S	S	J	J	J	S	J	S	J	S	J	S	J:34480	Shultz KL, Mamm Genome 1996 Jul;7(7):526-32	
SWXJ	12	39.7	D12Mit95	MGI:89506		S	S	S	S	J	J	J	S	J	S	J	S	J	S	J:34480	Shultz KL, Mamm Genome 1996 Jul;7(7):526-32	
SWXJ	12	39.7	Fos	MGI:95574		S	S	S	S	J	J	J	S	J	S	J	S	J	S	J:18817	Khan F, Genomics 1994 May 1;21(1):128-37	
SWXJ	12	39.74	D12Mit204	MGI:101166		S	S	S	S	J	J	J	S	J	S	J	S	J	S	J:34480	Shultz KL, Mamm Genome 1996 Jul;7(7):526-32	
SWXJ	12	42.77	D12Mit239	MGI:101131		S	S	S	S	J	J	J	S	J	S	J	S	J	S	J:34480	Shultz KL, Mamm Genome 1996 Jul;7(7):526-32	
SWXJ	12	44.05	D12Mit6	MGI:89467		S	S	S	S	J	J	J	S	J	J	S	S	J	S	J:18817	Khan F, Genomics 1994 May 1;21(1):128-37	
SWXJ	12	44.25	D12Mit47	MGI:89455		S	S	S	S	J	J	J	S	S	J	S	S	J	S	J:34480	Shultz KL, Mamm Genome 1996 Jul;7(7):526-32	
SWXJ	12	51.43	D12Mit277	MGI:105427		S	S	S	S	J	J	J	S	J	S	J	S	J	S	J:34480	Shultz KL, Mamm Genome 1996 Jul;7(7):526-32	
SWXJ	12	60.56	D12Mit79	MGI:89488		S	J	S	S	J	J	J	J	S	S	S	J	J	S	J:34480	Shultz KL, Mamm Genome 1996 Jul;7(7):526-32	
SWXJ	12	62.1	D12Mit8	MGI:89489		S	J	S	S	J	J	J	J	S	S	S	J	J	S	J:34480	Shultz KL, Mamm Genome 1996 Jul;7(7):526-32	
SWXJ	13	-1.0	D13Mit45	MGI:89772		J	S	J	S	J	S	S	S	J	J	S	S	S	S	J:34480	Shultz KL, Mamm Genome 1996 Jul;7(7):526-32	
SWXJ	13	28.71	D13Mit54	MGI:89781		J	S	S	S	J	S	S	S	J	J	S	S	S	J	J:34480	Shultz KL, Mamm Genome 1996 Jul;7(7):526-32	
SWXJ	13	30.06	D13Mit13	MGI:89667		J	S	S	S	J	S	S	S	J	J	S	S	S	J	J:34480	Shultz KL, Mamm Genome 1996 Jul;7(7):526-32	
SWXJ	13	32.8	D13Mit283	MGI:102341		J	S	S	S	S	S	S	S	J	J	S	S	S	J	J:34480	Shultz KL, Mamm Genome 1996 Jul;7(7):526-32	
SWXJ	13	33.26	D13Mit253	MGI:101082		J	S	S	S	S	S	S	S	J	J	S	S	S	J	J:34480	Shultz KL, Mamm Genome 1996 Jul;7(7):526-32	
SWXJ	13	38.78	D13Mit24	MGI:89751		J	S	S	S	S	S	J	S	J	J	S	S	S	J	J:34480	Shultz KL, Mamm Genome 1996 Jul;7(7):526-32	
SWXJ	13	40.63	D13Mit257	MGI:101078		J	S	S	S	S	S	J	S	J	J	S	S	J	J	J:34480	Shultz KL, Mamm Genome 1996 Jul;7(7):526-32	
SWXJ	13	45.1	D13Mit27	MGI:89754		J	S	S	J	S	S	J	S	J	J	S	S	S	J	J:34480	Shultz KL, Mamm Genome 1996 Jul;7(7):526-32	
SWXJ	13	47.43	D13Mit192	MGI:89735		J	S	S	J	S	S	J	S	J	J	S	S	S	J	J:34480	Shultz KL, Mamm Genome 1996 Jul;7(7):526-32	
SWXJ	13	47.43	D13Mit202	MGI:89746		J	S	S	J	S	S	J	S	J	J	S	S	S	J	J:34480	Shultz KL, Mamm Genome 1996 Jul;7(7):526-32	
SWXJ	13	53.81	D13Mit72	MGI:89800		J	S	S	S	S	S	S	S	J	J	S	S	S	J	J:34480	Shultz KL, Mamm Genome 1996 Jul;7(7):526-32	
SWXJ	13	56.92	D13Mit270	MGI:101065		J	S	S	S	J	S	S	S	J	J	S	S	S	S	J:34480	Shultz KL, Mamm Genome 1996 Jul;7(7):526-32	
SWXJ	13	56.92	D13Mit74	MGI:89802		J	S	S	S	J	S	S	S	J	J	S	S	S	S	J:34480	Shultz KL, Mamm Genome 1996 Jul;7(7):526-32	
SWXJ	13	58.06	D13Mit75	MGI:89803		J	S	J	S	J	S	S	S	J	J	S	S	S	S	J:34480	Shultz KL, Mamm Genome 1996 Jul;7(7):526-32	
SWXJ	13	63.65	D13Mit292	MGI:102351		J	S	J	S	J	S	S	S	J	S	S	S	S	S	J:34480	Shultz KL, Mamm Genome 1996 Jul;7(7):526-32	
SWXJ	14	-1.0	D14Mit160	MGI:90003		J	J	J	J	S	J	S	S	S	J	S	S	J	J	J:34480	Shultz KL, Mamm Genome 1996 Jul;7(7):526-32	
SWXJ	14	-1.0	D14Mit185	MGI:101058		S	S	S	J	S	J	S	S	S	J	J	S	J	J	J:34480	Shultz KL, Mamm Genome 1996 Jul;7(7):526-32	
SWXJ	14	-1.0	D14Mit226	MGI:101017		J	J	J	S	S	S	S	S	S	J	S	S	J	J	J:34480	Shultz KL, Mamm Genome 1996 Jul;7(7):526-32	
SWXJ	14	-1.0	D14Mit75	MGI:90082		S	S	S	J	S	J	S	S	S	J	J	S	J	J	J:34480	Shultz KL, Mamm Genome 1996 Jul;7(7):526-32	
SWXJ	14	4.92	D14Mit179	MGI:101064		S	S	S	S	S	J	S	S	S	J	J	S	J	J	J:34480	Shultz KL, Mamm Genome 1996 Jul;7(7):526-32	
SWXJ	14	20.88	D14Mit120	MGI:89959		S	S	S	J	S	S	J	S	S	S	S	S	J	J	J:34480	Shultz KL, Mamm Genome 1996 Jul;7(7):526-32	
SWXJ	14	20.88	D14Mit54	MGI:90059		S	S	S	J	S	S	J	S	S	S	S	S	J	J	J:34480	Shultz KL, Mamm Genome 1996 Jul;7(7):526-32	
SWXJ	14	38.21	D14Mit115	MGI:89953		J	J	J	J	S	J	S	S	S	J	S	S	J	J	J:34480	Shultz KL, Mamm Genome 1996 Jul;7(7):526-32	
SWXJ	14	39.38	Esd	MGI:95421		J	J	J	J	S	J	S	S	S	J	S	S	J	J	J:34480	Shultz KL, Mamm Genome 1996 Jul;7(7):526-32	
SWXJ	14	40.29	D14Mit116	MGI:89954		J	J	J	J	S	J	S	S	S	J	S	S	J	J	J:34480	Shultz KL, Mamm Genome 1996 Jul;7(7):526-32	
SWXJ	14	40.73	D14Mit70	MGI:90077		J	J	J	J	S	J	S	S	S	J	S	S	J	J	J:34480	Shultz KL, Mamm Genome 1996 Jul;7(7):526-32	
SWXJ	14	43.2	D14Mit227	MGI:101016		J	J	J	S	S	S	S	S	S	J	S	S	J	J	J:34480	Shultz KL, Mamm Genome 1996 Jul;7(7):526-32	
SWXJ	14	53.55	D14Mit94	MGI:90102		S	S	J	S	S	J	S	S	S	J	J	S	J	J	J:34480	Shultz KL, Mamm Genome 1996 Jul;7(7):526-32	
SWXJ	14	55.74	D14Mit197	MGI:101046		S	S	J	S	S	J	S	S	S	J	J	S	J	J	J:34480	Shultz KL, Mamm Genome 1996 Jul;7(7):526-32	
SWXJ	14	58.2	D14Mit200	MGI:101043		S	S	S	S	S	J	S	S	S	J	J	S	J	J	J:34480	Shultz KL, Mamm Genome 1996 Jul;7(7):526-32	
SWXJ	14	63.59	D14Mit131	MGI:89971		J	S	S	J	S	J	S	S	S	S	J	S	S	J	J:34480	Shultz KL, Mamm Genome 1996 Jul;7(7):526-32	
SWXJ	14	64.72	D14Mit77	MGI:90084		J	S	S	J	S	J	S	S	S	S	J	S	S	J	J:34480	Shultz KL, Mamm Genome 1996 Jul;7(7):526-32	
SWXJ	14	66.1	D14Mit107	MGI:89944		J	S	S	J	S	J	S	S	S	S	J	S	S	J	J:34480	Shultz KL, Mamm Genome 1996 Jul;7(7):526-32	
SWXJ	15	-1.0	Krt1c	MGI:96697		J	S	J	J	S	J	J	J	J	J	J	J	J	S	J:34480	Shultz KL, Mamm Genome 1996 Jul;7(7):526-32	
SWXJ	15	4.39	D15Mit11	MGI:90239		S	J	J	J	S	S	S	S	J	S	S	J	S	J	J:34480	Shultz KL, Mamm Genome 1996 Jul;7(7):526-32	
SWXJ	15	12.02	D15Mit98	MGI:90383		S	J	J	J	J	S	S	S	J	S	S	J	S	J	J:34480	Shultz KL, Mamm Genome 1996 Jul;7(7):526-32	
SWXJ	15	21.96	D15Mit26	MGI:90306		S	J	J	J	J	S	S	J	J	S	S	J	J	S	J:34480	Shultz KL, Mamm Genome 1996 Jul;7(7):526-32	
SWXJ	15	29.03	D15Mit133	MGI:90265		S	J	J	J	J	S	S	J	J	S	?	?	J	S	J:34480	Shultz KL, Mamm Genome 1996 Jul;7(7):526-32	J:49710	Beamer WG, Cancer Res 1998 Aug 15;58(16):3694-9	
SWXJ	15	29.03	D15Mit63	MGI:90345		S	J	J	J	J	S	S	J	J	S	S	J	J	S	J:34480	Shultz KL, Mamm Genome 1996 Jul;7(7):526-32	
SWXJ	15	29.03	Gct3	MGI:1330297		S	J	J	J	J	S	S	J	J	S	J	S	J	S	J:49710	Beamer WG, Cancer Res 1998 Aug 15;58(16):3694-9	
SWXJ	15	29.3	Tg	MGI:98733		S	J	J	J	J	S	S	J	J	S	S	J	J	S	J:34480	Shultz KL, Mamm Genome 1996 Jul;7(7):526-32	J:8652	Taylor BA, Proc Natl Acad Sci U S A 1987 Apr;84(7):1986-90	
SWXJ	15	29.44	D15Mit144	MGI:90277		S	J	J	J	J	S	S	J	J	S	S	J	J	S	J:34480	Shultz KL, Mamm Genome 1996 Jul;7(7):526-32	
SWXJ	15	29.44	D15Mit213	MGI:100962		S	J	J	J	J	S	S	J	J	S	S	J	J	S	J:34480	Shultz KL, Mamm Genome 1996 Jul;7(7):526-32	
SWXJ	15	30.37	D15Mit3	MGI:90310		S	J	J	J	J	S	S	J	J	S	S	J	J	S	J:34480	Shultz KL, Mamm Genome 1996 Jul;7(7):526-32	
SWXJ	15	33.54	D15Mit93	MGI:90378		S	S	J	J	J	J	S	J	J	S	S	J	S	J	J:34480	Shultz KL, Mamm Genome 1996 Jul;7(7):526-32	
SWXJ	15	40.89	D15Mit37	MGI:90317		S	S	J	J	S	J	S	J	J	S	J	S	S	S	J:34480	Shultz KL, Mamm Genome 1996 Jul;7(7):526-32	
SWXJ	15	41.95	D15Mit96	MGI:90381		S	S	J	J	S	J	S	J	J	S	J	S	S	S	J:34480	Shultz KL, Mamm Genome 1996 Jul;7(7):526-32	
SWXJ	15	41.96	D15Mit159	MGI:90293		S	S	J	J	S	J	S	J	J	S	J	S	S	S	J:34480	Shultz KL, Mamm Genome 1996 Jul;7(7):526-32	
SWXJ	15	44.37	D15Mit124	MGI:90255		S	J	J	J	S	S	S	J	J	S	J	S	J	J	J:34480	Shultz KL, Mamm Genome 1996 Jul;7(7):526-32	
SWXJ	15	45.31	D15Mit34	MGI:90315		J	J	J	J	S	S	S	J	J	S	J	S	J	J	J:34480	Shultz KL, Mamm Genome 1996 Jul;7(7):526-32	
SWXJ	15	52.36	D15Mit39	MGI:90319		J	S	J	J	S	J	S	J	.	J	J	J	J	S	J:34480	Shultz KL, Mamm Genome 1996 Jul;7(7):526-32	
SWXJ	15	53.94	D15Mit149	MGI:90282		J	S	J	J	S	J	S	J	J	J	J	J	J	S	J:34480	Shultz KL, Mamm Genome 1996 Jul;7(7):526-32	
SWXJ	15	53.99	D15Mit41	MGI:90321		J	S	J	J	S	J	S	J	J	J	J	J	J	S	J:34480	Shultz KL, Mamm Genome 1996 Jul;7(7):526-32	
SWXJ	15	59.0	D15Mit35	MGI:90316		J	J	J	J	S	J	S	J	J	J	J	J	J	S	J:34480	Shultz KL, Mamm Genome 1996 Jul;7(7):526-32	
SWXJ	16	2.9	D16Mit181	MGI:100900		S	J	J	J	S	J	S	S	J	J	J	J	S	S	J:34480	Shultz KL, Mamm Genome 1996 Jul;7(7):526-32	
SWXJ	16	5.34	D16Mit87	MGI:90561		S	J	J	S	S	J	S	S	J	J	S	S	S	S	J:34480	Shultz KL, Mamm Genome 1996 Jul;7(7):526-32	
SWXJ	16	20.26	D16Mit57	MGI:90528		S	J	J	S	S	S	J	S	S	J	J	S	S	S	J:34480	Shultz KL, Mamm Genome 1996 Jul;7(7):526-32	
SWXJ	16	22.4	D16Mit103	MGI:90459		S	J	J	S	S	S	J	S	S	J	J	S	S	S	J:34480	Shultz KL, Mamm Genome 1996 Jul;7(7):526-32	
SWXJ	16	24.2	D16Mit10	MGI:90455		S	J	J	S	S	S	J	S	S	J	J	S	S	S	J:34480	Shultz KL, Mamm Genome 1996 Jul;7(7):526-32	
SWXJ	16	26.99	D16Mit12	MGI:90477		S	J	J	S	S	S	J	S	S	J	J	J	S	S	J:34480	Shultz KL, Mamm Genome 1996 Jul;7(7):526-32	
SWXJ	16	28.44	D16Mit39	MGI:90508		S	J	J	S	J	S	J	S	J	J	S	J	S	S	J:34480	Shultz KL, Mamm Genome 1996 Jul;7(7):526-32	
SWXJ	16	29.53	D16Mit84	MGI:90558		S	J	J	S	J	S	J	S	S	J	S	J	S	S	J:34480	Shultz KL, Mamm Genome 1996 Jul;7(7):526-32	
SWXJ	16	34.22	D16Mit64	MGI:90536		S	J	S	S	J	S	J	S	S	J	S	S	S	S	J:34480	Shultz KL, Mamm Genome 1996 Jul;7(7):526-32	
SWXJ	16	35.92	D16Mit185	MGI:100896		S	J	S	S	J	S	J	S	S	J	S	S	S	S	J:34480	Shultz KL, Mamm Genome 1996 Jul;7(7):526-32	
SWXJ	16	57.06	D16Mit71	MGI:90544		J	S	J	S	J	S	J	J	S	S	S	S	S	S	J:34480	Shultz KL, Mamm Genome 1996 Jul;7(7):526-32	
SWXJ	17	-1.0	H2	MGI:95894		S	J	J	S	S	J	S	J	S	S	J	J	S	J	J:10825	Gaskins HR, Immunogenetics 1990;32(4):286-9	
SWXJ	17	-1.0	H2-Q	MGI:95927		S	J	J	S	S	J	S	J	S	S	J	J	S	J	J:10825	Gaskins HR, Immunogenetics 1990;32(4):286-9	
SWXJ	17	11.4	D17Mit197	MGI:100855		J	J	S	S	S	J	J	J	S	S	J	S	S	J	J:34480	Shultz KL, Mamm Genome 1996 Jul;7(7):526-32	
SWXJ	17	15.64	D17Mit60	MGI:90851		J	J	J	S	S	J	S	J	S	S	J	J	S	J	J:34480	Shultz KL, Mamm Genome 1996 Jul;7(7):526-32	
SWXJ	17	15.69	Glo1	MGI:95742		J	J	J	S	S	J	S	J	S	S	J	J	S	J	J:10825	Gaskins HR, Immunogenetics 1990;32(4):286-9	J:34480	Shultz KL, Mamm Genome 1996 Jul;7(7):526-32	
SWXJ	17	15.71	D17Mit61	MGI:90852		J	J	J	S	S	J	S	J	S	S	J	J	S	J	J:34480	Shultz KL, Mamm Genome 1996 Jul;7(7):526-32	
SWXJ	17	15.8	D17Mit81	MGI:90873		J	J	J	S	S	J	S	J	S	S	J	J	S	J	J:34480	Shultz KL, Mamm Genome 1996 Jul;7(7):526-32	
SWXJ	17	17.25	D17Mit175	MGI:100877		J	J	J	S	S	J	S	J	S	S	J	J	S	J	J:34480	Shultz KL, Mamm Genome 1996 Jul;7(7):526-32	
SWXJ	17	17.98	D17Mit21	MGI:90809		J	J	J	S	S	J	S	J	S	S	J	J	S	J	J:34480	Shultz KL, Mamm Genome 1996 Jul;7(7):526-32	
SWXJ	17	17.98	H2-K1	MGI:95904		J	J	J	S	S	J	S	J	S	S	J	J	S	J	J:34480	Shultz KL, Mamm Genome 1996 Jul;7(7):526-32	
SWXJ	17	18.5	Hspa1b	MGI:99517		S	J	J	S	S	J	S	J	S	S	J	J	S	J	J:10825	Gaskins HR, Immunogenetics 1990;32(4):286-9	J:34480	Shultz KL, Mamm Genome 1996 Jul;7(7):526-32	
SWXJ	17	18.61	H2-D1	MGI:95896		J	J	J	S	S	J	S	J	S	S	J	J	S	J	J:34480	Shultz KL, Mamm Genome 1996 Jul;7(7):526-32	
SWXJ	17	18.63	H2-Q1	MGI:95928		S	J	J	S	S	J	S	J	S	S	J	J	S	J	J:34480	Shultz KL, Mamm Genome 1996 Jul;7(7):526-32	
SWXJ	17	19.16	D17Mit24	MGI:90812		S	J	J	J	S	J	S	J	S	S	J	Z	J	J	J:34480	Shultz KL, Mamm Genome 1996 Jul;7(7):526-32	
SWXJ	17	22.32	D17Mit50	MGI:90840		S	J	J	J	S	J	S	J	S	J	S	J	J	J	J:34480	Shultz KL, Mamm Genome 1996 Jul;7(7):526-32	
SWXJ	17	22.9	D17Mit36	MGI:90825		S	J	S	J	S	S	S	J	S	J	S	J	J	J	J:34480	Shultz KL, Mamm Genome 1996 Jul;7(7):526-32	
SWXJ	17	27.37	D17Mit6	MGI:90850		S	J	S	J	J	S	S	J	S	J	J	J	J	J	J:34480	Shultz KL, Mamm Genome 1996 Jul;7(7):526-32	
SWXJ	17	34.9	D17Mit91	MGI:90884		J	J	S	J	J	S	S	J	S	J	J	J	S	J	J:34480	Shultz KL, Mamm Genome 1996 Jul;7(7):526-32	
SWXJ	17	45.2	D17Mit206	MGI:100846		S	J	S	S	J	S	J	J	J	J	J	J	S	J	J:34480	Shultz KL, Mamm Genome 1996 Jul;7(7):526-32	
SWXJ	17	45.64	D17Mit39	MGI:90828		S	J	S	S	J	S	J	J	J	J	J	J	S	J	J:34480	Shultz KL, Mamm Genome 1996 Jul;7(7):526-32	
SWXJ	17	60.43	D17Mit96	MGI:90889		S	J	S	J	J	S	J	S	J	J	J	J	S	S	J:34480	Shultz KL, Mamm Genome 1996 Jul;7(7):526-32	
SWXJ	18	11.53	D18Mit83	MGI:91140		J	J	S	J	J	S	J	S	J	S	S	S	J	S	J:34480	Shultz KL, Mamm Genome 1996 Jul;7(7):526-32	
SWXJ	18	11.92	D18Mit132	MGI:91051		J	J	S	J	J	S	J	S	J	S	S	S	J	S	J:34480	Shultz KL, Mamm Genome 1996 Jul;7(7):526-32	
SWXJ	18	11.96	D18Mit111	MGI:91029		J	J	S	J	J	S	J	S	J	S	S	S	J	S	J:34480	Shultz KL, Mamm Genome 1996 Jul;7(7):526-32	
SWXJ	18	11.96	D18Mit68	MGI:91123		J	J	S	J	J	S	J	S	J	S	S	S	J	S	J:34480	Shultz KL, Mamm Genome 1996 Jul;7(7):526-32	
SWXJ	18	20.57	D18Mit14	MGI:91059		J	J	J	S	J	S	J	S	J	J	J	J	S	S	J:34480	Shultz KL, Mamm Genome 1996 Jul;7(7):526-32	
SWXJ	18	23.86	D18Mit35	MGI:91087		J	J	J	S	J	S	S	S	J	J	J	J	S	S	J:34480	Shultz KL, Mamm Genome 1996 Jul;7(7):526-32	
SWXJ	18	28.22	D18Mit74	MGI:91130		J	J	S	S	J	S	S	J	J	S	J	S	J	S	J:34480	Shultz KL, Mamm Genome 1996 Jul;7(7):526-32	
SWXJ	18	29.33	D18Mit121	MGI:91040		J	J	J	S	J	J	S	J	J	S	J	S	J	S	J:34480	Shultz KL, Mamm Genome 1996 Jul;7(7):526-32	
SWXJ	18	33.76	D18Mit205	MGI:102435		J	J	S	S	J	S	J	J	J	J	J	J	J	J	J:34480	Shultz KL, Mamm Genome 1996 Jul;7(7):526-32	
SWXJ	18	34.41	D18Mit51	MGI:91105		J	J	S	S	J	S	J	J	J	J	J	J	J	J	J:34480	Shultz KL, Mamm Genome 1996 Jul;7(7):526-32	
SWXJ	18	52.38	D18Mit47	MGI:91100		S	S	S	S	J	S	J	J	J	S	S	J	S	J	J:34480	Shultz KL, Mamm Genome 1996 Jul;7(7):526-32	
SWXJ	18	54.83	D18Mit3	MGI:91081		S	S	S	S	J	S	J	J	J	S	S	J	S	J	J:34480	Shultz KL, Mamm Genome 1996 Jul;7(7):526-32	
SWXJ	18	59.41	D18Mit16	MGI:91067		J	J	S	S	J	S	J	S	J	J	S	S	J	S	J:34480	Shultz KL, Mamm Genome 1996 Jul;7(7):526-32	
SWXJ	19	-1.0	D19Mit6	MGI:91272		J	J	J	S	S	J	S	S	S	S	J	S	J	J	J:34480	Shultz KL, Mamm Genome 1996 Jul;7(7):526-32	
SWXJ	19	3.04	D19Mit32	MGI:91242		J	S	J	J	J	J	J	S	J	S	S	S	S	J	J:34480	Shultz KL, Mamm Genome 1996 Jul;7(7):526-32	
SWXJ	19	13.18	D19Mit41	MGI:91252		J	S	J	S	J	J	J	S	S	S	S	S	S	J	J:34480	Shultz KL, Mamm Genome 1996 Jul;7(7):526-32	
SWXJ	19	21.34	D19Mit30	MGI:91240		J	S	J	S	J	J	J	S	J	S	S	J	S	J	J:34480	Shultz KL, Mamm Genome 1996 Jul;7(7):526-32	
SWXJ	19	27.49	D19Mit13	MGI:91219		J	S	J	S	J	J	S	S	J	S	S	J	S	J	J:34480	Shultz KL, Mamm Genome 1996 Jul;7(7):526-32	
SWXJ	19	30.3	D19Mit12	MGI:91218		J	S	S	S	S	J	S	S	J	S	J	S	S	J	J:34480	Shultz KL, Mamm Genome 1996 Jul;7(7):526-32	
SWXJ	19	39.37	D19Mit10	MGI:91216		J	J	S	S	S	J	S	S	J	S	S	J	J	J	J:34480	Shultz KL, Mamm Genome 1996 Jul;7(7):526-32	
SWXJ	19	50.72	D19Mit34	MGI:91244		J	J	S	J	S	J	S	S	S	S	J	S	J	J	J:34480	Shultz KL, Mamm Genome 1996 Jul;7(7):526-32	
SWXJ	19	51.76	D19Mit33	MGI:91243		J	J	S	J	S	J	S	S	S	S	J	S	J	J	J:34480	Shultz KL, Mamm Genome 1996 Jul;7(7):526-32	
SWXJ	2	2.23	D2Mit1	MGI:91954		J	J	S	S	J	S	J	S	S	S	J	J	J	S	J:30436	Svenson KL, Mamm Genome 1995 Dec;6(12):867-72	
SWXJ	2	2.25	D2Mit115	MGI:91972		J	J	S	S	J	S	J	S	S	S	J	J	J	S	J:30436	Svenson KL, Mamm Genome 1995 Dec;6(12):867-72	
SWXJ	2	7.12	D2Mit31	MGI:92167		J	J	S	S	J	S	J	S	S	S	S	J	J	S	J:30436	Svenson KL, Mamm Genome 1995 Dec;6(12):867-72	
SWXJ	2	14.63	D2Mit6	MGI:92196		J	S	S	S	J	S	J	S	S	S	S	J	S	S	J:30436	Svenson KL, Mamm Genome 1995 Dec;6(12):867-72	
SWXJ	2	15.15	D2Mit79	MGI:92215		J	S	S	S	J	S	J	S	S	S	S	J	S	S	J:30436	Svenson KL, Mamm Genome 1995 Dec;6(12):867-72	
SWXJ	2	17.18	D2Mit32	MGI:92168		S	S	S	S	J	S	J	S	J	S	S	J	S	S	J:30436	Svenson KL, Mamm Genome 1995 Dec;6(12):867-72	
SWXJ	2	19.38	D2Mit83	MGI:92220		S	S	S	S	J	J	S	S	J	S	S	J	S	S	J:30436	Svenson KL, Mamm Genome 1995 Dec;6(12):867-72	
SWXJ	2	21.86	Abl1	MGI:87859		S	S	S	S	J	J	J	S	J	S	S	J	S	S	J:3522	Gaskins HR, Mamm Genome 1992;3(12):709-11	J:30436	Svenson KL, Mamm Genome 1995 Dec;6(12):867-72	
SWXJ	2	22.94	Hspa5	MGI:95835		S	S	S	S	J	J	J	S	J	S	S	J	S	S	J:3522	Gaskins HR, Mamm Genome 1992;3(12):709-11	J:30436	Svenson KL, Mamm Genome 1995 Dec;6(12):867-72	
SWXJ	2	23.22	Hc	MGI:96031		J	S	S	S	J	J	J	S	J	S	S	J	S	S	J:3522	Gaskins HR, Mamm Genome 1992;3(12):709-11	J:30436	Svenson KL, Mamm Genome 1995 Dec;6(12):867-72	
SWXJ	2	28.57	D2Mit72	MGI:92208		S	S	S	S	J	J	J	S	J	S	S	J	S	S	J:30436	Svenson KL, Mamm Genome 1995 Dec;6(12):867-72	
SWXJ	2	30.84	D2Mit8	MGI:92216		S	S	S	S	J	J	J	S	S	S	S	J	S	S	J:30436	Svenson KL, Mamm Genome 1995 Dec;6(12):867-72	
SWXJ	2	39.24	D2Mit91	MGI:92229		J	S	J	J	J	S	J	S	S	J	J	J	S	J	J:30436	Svenson KL, Mamm Genome 1995 Dec;6(12):867-72	
SWXJ	2	44.13	D2Mit35	MGI:92171		J	S	J	J	J	J	J	J	S	J	J	J	S	J	J:30436	Svenson KL, Mamm Genome 1995 Dec;6(12):867-72	
SWXJ	2	51.62	D2Nds1	MGI:92298		J	S	J	J	S	J	J	J	S	J	J	S	J	J	J:30436	Svenson KL, Mamm Genome 1995 Dec;6(12):867-72	
SWXJ	2	54.32	D2Mit12	MGI:91977		J	J	J	J	S	S	S	J	S	J	J	S	J	J	J:30436	Svenson KL, Mamm Genome 1995 Dec;6(12):867-72	
SWXJ	2	73.8	D2Mit110	MGI:91967		J	J	J	J	J	S	S	S	S	S	S	S	S	J	J:30436	Svenson KL, Mamm Genome 1995 Dec;6(12):867-72	
SWXJ	2	74.83	D2Mit22	MGI:92086		J	J	J	J	J	S	S	S	S	S	S	S	S	J	J:30436	Svenson KL, Mamm Genome 1995 Dec;6(12):867-72	
SWXJ	2	78.48	D2Mit55	MGI:92191		J	J	J	S	J	S	S	S	S	S	S	S	S	J	J:30436	Svenson KL, Mamm Genome 1995 Dec;6(12):867-72	
SWXJ	2	83.83	D2Mit49	MGI:92185		S	J	J	S	S	S	S	S	S	S	S	S	S	J	J:30436	Svenson KL, Mamm Genome 1995 Dec;6(12):867-72	
SWXJ	2	85.01	Svs4	MGI:98450		J	J	S	S	S	S	S	S	S	J	S	S	J	S	J:34480	Shultz KL, Mamm Genome 1996 Jul;7(7):526-32	J:8723	Lusis AJ, J Biol Chem 1987 Jun 5;262(16):7594-604	J:14870	Knobler RL, Exp Clin Immunogenet 1984;1(4):217-22	
SWXJ	2	93.22	D2Mit25	MGI:92118		J	J	S	S	S	S	J	J	J	S	J	S	S	J	J:30436	Svenson KL, Mamm Genome 1995 Dec;6(12):867-72	
SWXJ	2	100.49	D2Mit148	MGI:92008		J	S	S	J	S	S	S	S	J	S	J	S	J	J	J:30436	Svenson KL, Mamm Genome 1995 Dec;6(12):867-72	
SWXJ	3	-1.0	D3Mit19	MGI:92463		J	S	S	J	J	J	J	J	S	J	J	J	S	S	J:30436	Svenson KL, Mamm Genome 1995 Dec;6(12):867-72	
SWXJ	3	-1.0	D3Mit51	MGI:92521		J	S	J	J	S	J	J	J	J	J	J	J	J	S	J:30436	Svenson KL, Mamm Genome 1995 Dec;6(12):867-72	
SWXJ	3	10.82	D3Mit203	MGI:92477		S	J	J	J	S	J	J	S	J	J	J	J	S	J	J:30436	Svenson KL, Mamm Genome 1995 Dec;6(12):867-72	
SWXJ	3	12.19	D3Mit55	MGI:92525		S	J	J	J	S	J	J	S	J	J	J	J	J	J	J:30436	Svenson KL, Mamm Genome 1995 Dec;6(12):867-72	
SWXJ	3	12.55	D3Mit93	MGI:92566		S	J	J	J	S	J	J	S	J	J	J	J	J	J	J:30436	Svenson KL, Mamm Genome 1995 Dec;6(12):867-72	
SWXJ	3	12.7	D3Mit46	MGI:92516		S	J	J	J	S	J	J	S	J	J	J	J	J	J	J:30436	Svenson KL, Mamm Genome 1995 Dec;6(12):867-72	
SWXJ	3	29.17	D3Mit7	MGI:92541		J	J	J	J	S	J	J	S	S	J	S	J	J	S	J:43555	Ault KA, Platelets 1997;8(4):235-241	J:30436	Svenson KL, Mamm Genome 1995 Dec;6(12):867-72	
SWXJ	3	29.17	Pact1	MGI:1100875		J	J	J	.	S	J	.	.	.	J	S	J	J	S	J:43555	Ault KA, Platelets 1997;8(4):235-241	
SWXJ	3	32.25	D3Mit22	MGI:92495		J	S	J	J	S	S	J	J	S	J	J	J	J	S	J:30436	Svenson KL, Mamm Genome 1995 Dec;6(12):867-72	
SWXJ	3	48.81	D3Mit78	MGI:92550		S	S	S	S	J	J	J	J	S	J	J	J	J	S	J:30436	Svenson KL, Mamm Genome 1995 Dec;6(12):867-72	
SWXJ	3	52.0	D3Mit79	MGI:92551		J	S	S	S	J	J	J	J	S	J	J	J	J	S	J:30436	Svenson KL, Mamm Genome 1995 Dec;6(12):867-72	
SWXJ	3	61.06	D3Mit82	MGI:92554		J	S	J	S	J	S	S	J	S	J	J	J	J	S	J:30436	Svenson KL, Mamm Genome 1995 Dec;6(12):867-72	
SWXJ	3	61.32	D3Mit14	MGI:92408		J	S	J	S	J	S	S	J	S	J	J	J	J	S	J:30436	Svenson KL, Mamm Genome 1995 Dec;6(12):867-72	
SWXJ	3	67.53	D3Mit17	MGI:92441		J	S	S	S	J	J	J	S	S	J	J	J	J	S	J:30436	Svenson KL, Mamm Genome 1995 Dec;6(12):867-72	
SWXJ	3	72.28	D3Mit86	MGI:92558		J	S	S	S	J	J	J	J	S	J	J	J	J	S	J:30436	Svenson KL, Mamm Genome 1995 Dec;6(12):867-72	
SWXJ	3	72.36	D3Mit18	MGI:92452		J	S	S	S	J	J	J	S	S	J	J	J	J	S	J:30436	Svenson KL, Mamm Genome 1995 Dec;6(12):867-72	
SWXJ	4	-1.0	D4Mit115	MGI:92737		S	S	J	S	S	S	S	S	J	S	J	S	J	J	J:30436	Svenson KL, Mamm Genome 1995 Dec;6(12):867-72	
SWXJ	4	-1.0	Mtv14	MGI:97186		J	J	S	S	S	J	S	J	S	S	S	S	S	S	J:41179	Zhang DJ, Immunogenetics 1997;46(2):163-6	J:30436	Svenson KL, Mamm Genome 1995 Dec;6(12):867-72	
SWXJ	4	-1.0	Mtv17	MGI:97187		J	J	S	S	S	J	S	J	S	S	S	S	J	J	J:30436	Svenson KL, Mamm Genome 1995 Dec;6(12):867-72	
SWXJ	4	-1.0	Panc2	MGI:97477		S	J	J	S	J	S	S	S	S	S	J	S	J	J	J:30436	Svenson KL, Mamm Genome 1995 Dec;6(12):867-72	J:9301	Beamer WG, Cancer Res 1988 Sep 15;48(18):5092-5	
SWXJ	4	2.04	D4Mit149	MGI:92774		J	J	S	S	J	J	S	J	S	J	J	S	S	S	J:30436	Svenson KL, Mamm Genome 1995 Dec;6(12):867-72	
SWXJ	4	4.29	D4Mit101	MGI:92722		J	J	S	S	J	J	S	J	S	S	J	S	S	S	J:30436	Svenson KL, Mamm Genome 1995 Dec;6(12):867-72	
SWXJ	4	7.09	D4Mit1	MGI:92720		J	J	S	S	S	J	S	J	S	S	S	S	S	S	J:30436	Svenson KL, Mamm Genome 1995 Dec;6(12):867-72	
SWXJ	4	13.0	D4Mit97	MGI:92934		S	J	S	S	S	J	S	J	S	S	S	S	S	S	J:30436	Svenson KL, Mamm Genome 1995 Dec;6(12):867-72	
SWXJ	4	20.16	D4Mit196	MGI:92826		J	J	S	S	S	J	S	J	S	S	S	S	J	J	J:30436	Svenson KL, Mamm Genome 1995 Dec;6(12):867-72	
SWXJ	4	23.04	Cd72	MGI:88345		J	J	S	S	S	J	S	J	S	S	S	S	J	J	J:30436	Svenson KL, Mamm Genome 1995 Dec;6(12):867-72	J:9301	Beamer WG, Cancer Res 1988 Sep 15;48(18):5092-5	
SWXJ	4	23.05	D4Mit91	MGI:92928		J	J	S	S	S	J	S	J	S	S	S	S	J	J	J:30436	Svenson KL, Mamm Genome 1995 Dec;6(12):867-72	
SWXJ	4	25.15	D4Mit53	MGI:92887		J	J	S	S	S	J	S	J	S	S	S	S	J	J	J:30436	Svenson KL, Mamm Genome 1995 Dec;6(12):867-72	
SWXJ	4	32.54	D4Mit164	MGI:92791		S	S	J	S	S	J	S	J	S	S	J	S	J	J	J:30436	Svenson KL, Mamm Genome 1995 Dec;6(12):867-72	
SWXJ	4	43.27	D4Mit166	MGI:92793		S	S	J	S	S	S	S	S	J	S	J	J	J	J	J:30436	Svenson KL, Mamm Genome 1995 Dec;6(12):867-72	
SWXJ	4	43.27	D4Mit198	MGI:92828		S	S	J	S	S	S	S	S	J	S	J	J	J	J	J:30436	Svenson KL, Mamm Genome 1995 Dec;6(12):867-72	
SWXJ	4	43.3	D4Mit145	MGI:92770		S	S	J	S	S	S	S	S	J	S	J	J	J	J	J:30436	Svenson KL, Mamm Genome 1995 Dec;6(12):867-72	
SWXJ	4	45.6	D4Mit28	MGI:92864		S	S	J	S	S	S	S	S	S	S	S	J	J	J	J:30436	Svenson KL, Mamm Genome 1995 Dec;6(12):867-72	
SWXJ	4	50.04	D4Mit31	MGI:92866		S	S	J	S	S	S	J	S	S	S	J	J	J	J	J:30436	Svenson KL, Mamm Genome 1995 Dec;6(12):867-72	
SWXJ	4	50.18	Dio1	MGI:94896		S	S	J	S	S	S	J	S	S	S	J	J	J	J	J:30436	Svenson KL, Mamm Genome 1995 Dec;6(12):867-72	J:14517	Berry MJ, J Clin Invest 1993 Sep;92(3):1517-28	
SWXJ	4	53.43	D4Mit37	MGI:92869		S	S	J	S	S	S	J	J	S	S	J	S	J	J	J:30436	Svenson KL, Mamm Genome 1995 Dec;6(12):867-72	
SWXJ	4	54.27	D4Mit57	MGI:92891		S	S	J	S	S	S	J	J	S	S	J	S	J	J	J:30436	Svenson KL, Mamm Genome 1995 Dec;6(12):867-72	
SWXJ	4	70.36	D4Mit188	MGI:92817		S	S	J	S	J	S	S	J	S	S	J	S	J	J	J:30436	Svenson KL, Mamm Genome 1995 Dec;6(12):867-72	
SWXJ	4	70.47	D4Mit170	MGI:92798		S	S	J	S	J	S	S	J	S	S	J	S	J	J	J:30436	Svenson KL, Mamm Genome 1995 Dec;6(12):867-72	
SWXJ	4	72.89	D4Mit179	MGI:92807		S	S	J	S	J	S	S	S	S	S	J	S	J	J	J:30436	Svenson KL, Mamm Genome 1995 Dec;6(12):867-72	
SWXJ	4	74.75	D4Mit32	MGI:92867		S	J	J	S	J	S	S	S	S	S	J	S	J	J	J:30436	Svenson KL, Mamm Genome 1995 Dec;6(12):867-72	
SWXJ	4	75.67	D4Mit13	MGI:92753		S	J	J	S	J	S	S	S	S	S	J	S	J	J	J:30436	Svenson KL, Mamm Genome 1995 Dec;6(12):867-72	
SWXJ	4	77.98	D4Mit259	MGI:100500		S	J	J	S	J	S	S	S	S	S	J	S	J	J	J:30436	Svenson KL, Mamm Genome 1995 Dec;6(12):867-72	
SWXJ	4	78.17	D4Mit232	MGI:100527		S	J	J	S	J	S	S	S	S	S	J	S	J	J	J:49710	Beamer WG, Cancer Res 1998 Aug 15;58(16):3694-9	
SWXJ	4	78.17	D4Mit233	MGI:100526		S	J	J	S	J	S	S	S	S	S	J	S	J	J	J:30436	Svenson KL, Mamm Genome 1995 Dec;6(12):867-72	
SWXJ	4	78.17	Gct1	MGI:95677		S	J	J	S	J	S	S	S	S	S	J	S	J	J	J:30436	Svenson KL, Mamm Genome 1995 Dec;6(12):867-72	J:9301	Beamer WG, Cancer Res 1988 Sep 15;48(18):5092-5	J:49710	Beamer WG, Cancer Res 1998 Aug 15;58(16):3694-9	
SWXJ	4	81.43	D4Mit33	MGI:92868		S	J	J	J	J	S	S	S	S	S	J	J	J	S	J:30436	Svenson KL, Mamm Genome 1995 Dec;6(12):867-72	
SWXJ	4	81.46	D4Mit190	MGI:92820		S	J	J	J	J	S	S	S	S	S	J	J	J	S	J:30436	Svenson KL, Mamm Genome 1995 Dec;6(12):867-72	
SWXJ	5	18.95	D5Mit76	MGI:93377		S	S	S	S	S	J	J	J	S	J	J	S	J	J	J:30436	Svenson KL, Mamm Genome 1995 Dec;6(12):867-72	
SWXJ	5	19.06	D5Mit149	MGI:93222		S	S	S	S	S	J	J	J	S	J	J	S	J	J	J:30436	Svenson KL, Mamm Genome 1995 Dec;6(12):867-72	
SWXJ	5	23.03	D5Mit196	MGI:93274		S	S	S	S	S	J	J	J	S	J	J	S	J	J	J:30436	Svenson KL, Mamm Genome 1995 Dec;6(12):867-72	
SWXJ	5	23.91	D5Mit108	MGI:93177		S	S	S	S	S	J	J	J	S	J	J	S	J	J	J:30436	Svenson KL, Mamm Genome 1995 Dec;6(12):867-72	
SWXJ	5	24.07	D5Mit79	MGI:93380		S	S	S	S	S	J	J	J	S	J	J	S	J	J	J:30436	Svenson KL, Mamm Genome 1995 Dec;6(12):867-72	
SWXJ	5	31.99	D5Mit302	MGI:100414		J	S	S	S	S	J	S	J	J	J	S	J	.	S	J:30436	Svenson KL, Mamm Genome 1995 Dec;6(12):867-72	
SWXJ	5	38.44	D5Nds2	MGI:93465		S	S	S	S	S	S	S	J	S	J	S	J	S	S	J:30436	Svenson KL, Mamm Genome 1995 Dec;6(12):867-72	
SWXJ	5	39.53	D5Mit135	MGI:93207		S	S	S	S	S	S	S	J	S	J	S	J	S	J	J:30436	Svenson KL, Mamm Genome 1995 Dec;6(12):867-72	
SWXJ	5	41.59	D5Mit113	MGI:93183		S	S	S	S	J	J	S	J	S	J	S	J	S	J	J:30436	Svenson KL, Mamm Genome 1995 Dec;6(12):867-72	
SWXJ	5	42.62	D5Mit114	MGI:93184		S	S	S	S	J	J	S	J	S	J	S	J	S	J	J:30436	Svenson KL, Mamm Genome 1995 Dec;6(12):867-72	
SWXJ	5	50.64	D5Mit10	MGI:93168		S	J	S	S	J	J	S	J	J	J	S	J	S	J	J:30436	Svenson KL, Mamm Genome 1995 Dec;6(12):867-72	
SWXJ	5	63.84	D5Mit95	MGI:93397		S	J	S	S	J	J	S	J	S	J	S	J	S	J	J:30436	Svenson KL, Mamm Genome 1995 Dec;6(12):867-72	
SWXJ	5	65.34	D5Mit161	MGI:93236		S	J	S	S	J	J	S	J	S	J	S	J	S	S	J:30436	Svenson KL, Mamm Genome 1995 Dec;6(12):867-72	
SWXJ	5	65.68	D5Mit190	MGI:93268		S	J	S	S	J	J	S	J	S	J	S	J	S	S	J:30436	Svenson KL, Mamm Genome 1995 Dec;6(12):867-72	
SWXJ	5	66.97	D5Mit371	MGI:102099		S	J	S	S	J	J	S	J	S	J	S	J	S	S	J:30436	Svenson KL, Mamm Genome 1995 Dec;6(12):867-72	
SWXJ	5	67.99	D5Mit163	MGI:93238		S	S	S	S	J	J	S	J	S	J	S	S	S	S	J:30436	Svenson KL, Mamm Genome 1995 Dec;6(12):867-72	
SWXJ	5	70.17	D5Mit164	MGI:93239		S	S	S	S	J	J	S	J	S	J	S	S	S	S	J:30436	Svenson KL, Mamm Genome 1995 Dec;6(12):867-72	
SWXJ	5	71.08	D5Mit216	MGI:93294		J	S	S	S	J	J	S	J	J	J	S	S	S	S	J:30436	Svenson KL, Mamm Genome 1995 Dec;6(12):867-72	
SWXJ	5	76.5	D5Mit46	MGI:93346		J	J	J	S	J	J	S	S	S	S	S	S	S	S	J:30436	Svenson KL, Mamm Genome 1995 Dec;6(12):867-72	
SWXJ	5	77.1	D5Mit31	MGI:93335		J	J	J	S	J	J	S	S	S	S	S	S	S	S	J:30436	Svenson KL, Mamm Genome 1995 Dec;6(12):867-72	
SWXJ	5	82.06	D5Mit100	MGI:93169		J	S	J	S	S	J	S	S	S	S	S	S	S	S	J:30436	Svenson KL, Mamm Genome 1995 Dec;6(12):867-72	
SWXJ	5	84.59	D5Mit191	MGI:93269		J	S	J	S	S	J	S	S	S	S	S	S	S	S	J:30436	Svenson KL, Mamm Genome 1995 Dec;6(12):867-72	
SWXJ	5	89.28	D5Mit122	MGI:93193		J	S	J	S	S	S	S	S	S	S	S	S	S	S	J:30436	Svenson KL, Mamm Genome 1995 Dec;6(12):867-72	
SWXJ	6	-1.0	D6J2	MGI:93517		J	J	J	S	J	S	J	S	S	S	S	J	S	J	J:30436	Svenson KL, Mamm Genome 1995 Dec;6(12):867-72	
SWXJ	6	-1.0	Ldr1	MGI:96766		J	S	J	S	J	S	J	S	S	S	S	S	S	J	J:30436	Svenson KL, Mamm Genome 1995 Dec;6(12):867-72	J:3774	Capeless CG, Behav Genet 1992 Nov;22(6):655-63	
SWXJ	6	-1.0	Lvp1	MGI:96854		J	S	S	J	J	J	S	J	S	J	S	S	S	S	J:30436	Svenson KL, Mamm Genome 1995 Dec;6(12):867-72	
SWXJ	6	-1.0	Mtv29	MGI:97196		S	S	J	J	S	J	J	J	S	J	S	S	S	S	J:41179	Zhang DJ, Immunogenetics 1997;46(2):163-6	
SWXJ	6	-1.0	Soa	MGI:98349		S	S	S	S	J	S	J	S	S	S	S	S	J	S	J:30436	Svenson KL, Mamm Genome 1995 Dec;6(12):867-72	J:3774	Capeless CG, Behav Genet 1992 Nov;22(6):655-63	
SWXJ	6	5.65	D6Mit83	MGI:93716		S	J	J	J	J	J	J	S	S	J	J	S	S	S	J:30436	Svenson KL, Mamm Genome 1995 Dec;6(12):867-72	
SWXJ	6	6.68	D6Mit1	MGI:93523		S	J	J	J	J	J	J	S	S	J	J	S	S	S	J:30436	Svenson KL, Mamm Genome 1995 Dec;6(12):867-72	
SWXJ	6	8.1	D6Mit236	MGI:100358		S	S	J	J	S	J	J	S	S	J	J	S	S	S	J:30436	Svenson KL, Mamm Genome 1995 Dec;6(12):867-72	
SWXJ	6	10.38	D6Mit204	MGI:93637		S	S	J	J	S	J	J	J	S	J	S	S	S	S	J:30436	Svenson KL, Mamm Genome 1995 Dec;6(12):867-72	
SWXJ	6	11.28	D6Mit170	MGI:93602		S	S	S	J	S	S	J	J	S	J	S	S	S	S	J:30436	Svenson KL, Mamm Genome 1995 Dec;6(12):867-72	
SWXJ	6	11.5	D6Mit116	MGI:93542		S	S	S	J	S	S	J	J	S	J	S	S	S	S	J:30436	Svenson KL, Mamm Genome 1995 Dec;6(12):867-72	
SWXJ	6	30.89	Igk	MGI:96494		J	S	S	J	J	J	S	J	S	J	S	S	S	S	J:30436	Svenson KL, Mamm Genome 1995 Dec;6(12):867-72	
SWXJ	6	32.14	D6Mit17	MGI:93601		J	S	S	J	J	J	S	J	S	J	S	S	S	S	J:30436	Svenson KL, Mamm Genome 1995 Dec;6(12):867-72	
SWXJ	6	37.75	D6Mit29	MGI:93660		J	S	S	J	J	J	S	J	S	J	S	S	S	S	J:30436	Svenson KL, Mamm Genome 1995 Dec;6(12):867-72	
SWXJ	6	38.16	D6Mit213	MGI:93647		J	S	S	J	J	S	S	J	S	J	S	S	S	S	J:30436	Svenson KL, Mamm Genome 1995 Dec;6(12):867-72	
SWXJ	6	41.11	D6Mit284	MGI:100310		J	S	S	S	J	S	S	J	S	J	S	S	J	S	J:30436	Svenson KL, Mamm Genome 1995 Dec;6(12):867-72	
SWXJ	6	42.11	D6Mit102	MGI:93527		J	S	S	S	J	S	S	S	S	J	S	S	J	S	J:30436	Svenson KL, Mamm Genome 1995 Dec;6(12):867-72	
SWXJ	6	42.17	D6Mit177	MGI:93609		J	S	S	S	J	S	S	S	S	J	S	S	J	S	J:30436	Svenson KL, Mamm Genome 1995 Dec;6(12):867-72	
SWXJ	6	43.68	D6Mit101	MGI:93526		J	S	S	S	J	S	S	S	S	J	S	S	J	S	J:30436	Svenson KL, Mamm Genome 1995 Dec;6(12):867-72	
SWXJ	6	44.78	D6Mit132	MGI:93560		J	S	S	S	J	S	S	S	S	J	S	S	J	S	J:30436	Svenson KL, Mamm Genome 1995 Dec;6(12):867-72	
SWXJ	6	45.03	D6Mit67	MGI:93699		J	S	S	S	J	S	S	S	S	J	S	S	J	S	J:30436	Svenson KL, Mamm Genome 1995 Dec;6(12):867-72	
SWXJ	6	48.93	D6Mit36	MGI:93667		J	J	S	S	J	S	S	S	J	S	S	S	J	S	J:30436	Svenson KL, Mamm Genome 1995 Dec;6(12):867-72	
SWXJ	6	51.19	D6Mit148	MGI:93577		J	J	S	S	J	S	S	S	J	S	S	S	S	S	J:30436	Svenson KL, Mamm Genome 1995 Dec;6(12):867-72	
SWXJ	6	51.53	D6Mit104	MGI:93529		J	J	S	S	J	S	S	S	J	S	S	S	S	S	J:30436	Svenson KL, Mamm Genome 1995 Dec;6(12):867-72	
SWXJ	6	52.75	D6Mit10	MGI:93524		J	J	S	S	J	S	S	S	J	S	S	S	S	S	J:30436	Svenson KL, Mamm Genome 1995 Dec;6(12):867-72	
SWXJ	6	53.05	D6Mit55	MGI:93687		J	J	S	S	J	J	S	S	J	S	S	S	S	S	J:30436	Svenson KL, Mamm Genome 1995 Dec;6(12):867-72	
SWXJ	6	53.72	D6Mit44	MGI:93676		J	S	S	S	J	J	S	S	S	S	S	S	S	S	J:30436	Svenson KL, Mamm Genome 1995 Dec;6(12):867-72	
SWXJ	6	53.75	D6Mit150	MGI:93580		J	S	S	S	J	J	S	S	S	S	S	S	S	S	J:30436	Svenson KL, Mamm Genome 1995 Dec;6(12):867-72	
SWXJ	6	61.92	D6Mit218	MGI:93652		J	S	S	S	J	S	J	S	S	S	S	S	J	S	J:30436	Svenson KL, Mamm Genome 1995 Dec;6(12):867-72	
SWXJ	6	62.56	D6Mit52	MGI:93684		J	S	S	S	J	S	J	S	S	S	S	S	J	S	J:30436	Svenson KL, Mamm Genome 1995 Dec;6(12):867-72	
SWXJ	6	63.1	D6Mit135	MGI:93563		S	S	S	S	J	S	J	S	S	S	S	S	J	S	J:30436	Svenson KL, Mamm Genome 1995 Dec;6(12):867-72	
SWXJ	6	64.03	D6Mit111	MGI:93537		S	S	S	S	J	S	J	S	S	S	S	S	J	S	J:30436	Svenson KL, Mamm Genome 1995 Dec;6(12):867-72	
SWXJ	6	64.03	D6Mit13	MGI:93557		S	S	S	S	J	S	J	S	S	S	S	S	J	S	J:30436	Svenson KL, Mamm Genome 1995 Dec;6(12):867-72	
SWXJ	6	64.03	D6Mit219a	MGI:93653		S	S	S	S	J	S	J	S	S	S	S	S	J	S	J:30436	Svenson KL, Mamm Genome 1995 Dec;6(12):867-72	
SWXJ	6	64.03	Prh1	MGI:97773		S	S	S	S	J	S	J	S	S	S	S	S	J	S	J:30436	Svenson KL, Mamm Genome 1995 Dec;6(12):867-72	J:3774	Capeless CG, Behav Genet 1992 Nov;22(6):655-63	
SWXJ	6	73.11	D6Mit136	MGI:93564		J	S	J	S	J	S	J	S	S	S	S	S	S	J	J:30436	Svenson KL, Mamm Genome 1995 Dec;6(12):867-72	
SWXJ	6	73.86	D6Mit58	MGI:93689		J	S	J	S	J	S	J	S	S	S	S	S	S	J	J:30436	Svenson KL, Mamm Genome 1995 Dec;6(12):867-72	
SWXJ	6	74.64	D6Mit259	MGI:100335		J	S	J	S	J	S	J	S	S	S	S	S	S	J	J:30436	Svenson KL, Mamm Genome 1995 Dec;6(12):867-72	
SWXJ	6	77.64	D6Mit14	MGI:93568		J	S	J	S	J	S	J	S	S	S	S	J	S	J	J:30436	Svenson KL, Mamm Genome 1995 Dec;6(12):867-72	
SWXJ	6	77.7	D6Mit15	MGI:93579		J	S	J	S	J	S	J	S	S	S	S	J	S	J	J:30436	Svenson KL, Mamm Genome 1995 Dec;6(12):867-72	
SWXJ	7	-1.0	D7Mit18	MGI:94001		S	J	S	S	J	J	S	S	S	J	J	S	J	J	J:34480	Shultz KL, Mamm Genome 1996 Jul;7(7):526-32	
SWXJ	7	-1.0	D7Mit20	MGI:94023		J	J	S	S	S	S	S	S	S	J	J	S	J	J	J:34480	Shultz KL, Mamm Genome 1996 Jul;7(7):526-32	
SWXJ	7	-1.0	Prt5	MGI:97780		S	J	S	S	J	J	S	S	S	J	J	S	S	S	J:34480	Shultz KL, Mamm Genome 1996 Jul;7(7):526-32	
SWXJ	7	-1.0	Rrm2-ps2	MGI:98183		S	J	S	S	J	J	S	S	S	J	J	S	J	S	J:34480	Shultz KL, Mamm Genome 1996 Jul;7(7):526-32	
SWXJ	7	-1.0	Saa	MGI:98220		S	J	S	S	J	J	S	S	S	J	J	S	J	J	J:34480	Shultz KL, Mamm Genome 1996 Jul;7(7):526-32	J:14870	Knobler RL, Exp Clin Immunogenet 1984;1(4):217-22	
SWXJ	7	-1.0	Tam1	MGI:98482		S	J	S	S	J	J	S	S	S	J	J	S	J	J	J:7560	Taylor BA, Mol Gen Genet 1984;195(3):491-9	J:34480	Shultz KL, Mamm Genome 1996 Jul;7(7):526-32	J:8723	Lusis AJ, J Biol Chem 1987 Jun 5;262(16):7594-604	J:14870	Knobler RL, Exp Clin Immunogenet 1984;1(4):217-22	
SWXJ	7	3.81	D7Mit75	MGI:94097		J	S	S	S	J	S	J	S	S	J	S	S	J	J	J:34480	Shultz KL, Mamm Genome 1996 Jul;7(7):526-32	
SWXJ	7	9.46	D7Mit76	MGI:94098		J	J	S	S	J	S	J	S	S	J	S	S	J	J	J:34480	Shultz KL, Mamm Genome 1996 Jul;7(7):526-32	
SWXJ	7	9.94	Apoe	MGI:88057		J	J	S	S	S	S	S	S	S	J	S	S	J	.	J:8723	Lusis AJ, J Biol Chem 1987 Jun 5;262(16):7594-604	
SWXJ	7	9.94	D7Mit57	MGI:94080		J	J	S	S	S	S	S	S	S	J	S	S	J	J	J:34480	Shultz KL, Mamm Genome 1996 Jul;7(7):526-32	
SWXJ	7	13.84	Ceacam1	MGI:1347245		J	J	S	S	S	S	S	S	S	J	S	S	J	S	J:34480	Shultz KL, Mamm Genome 1996 Jul;7(7):526-32	J:14870	Knobler RL, Exp Clin Immunogenet 1984;1(4):217-22	
SWXJ	7	15.86	D7Mit294	MGI:100219		S	J	S	S	S	S	S	S	S	J	J	S	J	J	J:34480	Shultz KL, Mamm Genome 1996 Jul;7(7):526-32	
SWXJ	7	17.4	D7Mit246	MGI:100267		S	J	S	S	S	J	S	S	S	J	S	S	J	S	J:34480	Shultz KL, Mamm Genome 1996 Jul;7(7):526-32	
SWXJ	7	19.31	D7Mit155	MGI:93975		S	J	S	S	S	J	S	S	S	J	S	S	J	S	J:34480	Shultz KL, Mamm Genome 1996 Jul;7(7):526-32	
SWXJ	7	19.37	D7Mit308	MGI:102147		S	J	S	S	S	J	S	S	S	J	S	S	J	S	J:34480	Shultz KL, Mamm Genome 1996 Jul;7(7):526-32	
SWXJ	7	19.37	D7Mit55	MGI:94078		S	J	S	S	S	J	S	S	S	J	S	S	J	S	J:34480	Shultz KL, Mamm Genome 1996 Jul;7(7):526-32	
SWXJ	7	19.46	Gpi1	MGI:95797		S	J	S	S	S	J	S	S	S	J	S	S	J	S	J:7560	Taylor BA, Mol Gen Genet 1984;195(3):491-9	J:34480	Shultz KL, Mamm Genome 1996 Jul;7(7):526-32	J:8723	Lusis AJ, J Biol Chem 1987 Jun 5;262(16):7594-604	J:14870	Knobler RL, Exp Clin Immunogenet 1984;1(4):217-22	
SWXJ	7	28.71	D7Nds5	MGI:94194		S	J	S	S	J	J	S	S	S	J	J	S	J	J	J:34480	Shultz KL, Mamm Genome 1996 Jul;7(7):526-32	
SWXJ	7	29.34	D7Mit81	MGI:94104		S	J	S	S	J	J	S	S	S	J	J	S	J	J	J:34480	Shultz KL, Mamm Genome 1996 Jul;7(7):526-32	
SWXJ	7	30.1	Kcnc1	MGI:96667		S	J	S	S	J	J	S	S	S	J	J	S	J	J	J:16048	Haas M, Mamm Genome 1993 Dec;4(12):711-5	
SWXJ	7	30.54	Saa1	MGI:98221		S	J	S	S	J	J	S	S	S	J	J	S	J	J	J:7560	Taylor BA, Mol Gen Genet 1984;195(3):491-9	
SWXJ	7	31.44	D7Mit230	MGI:100283		S	J	S	S	J	J	S	S	S	J	J	S	J	J	J:34480	Shultz KL, Mamm Genome 1996 Jul;7(7):526-32	
SWXJ	7	33.44	Oca2	MGI:97454		S	!L	S	S	!L	!L	S	S	S	!L	!L	S	!L	!L	J:34480	Shultz KL, Mamm Genome 1996 Jul;7(7):526-32	J:14870	Knobler RL, Exp Clin Immunogenet 1984;1(4):217-22	
SWXJ	7	33.52	D7Mit159	MGI:93979		S	J	S	S	J	J	S	S	S	J	J	S	J	J	J:34480	Shultz KL, Mamm Genome 1996 Jul;7(7):526-32	
SWXJ	7	43.88	D7Mit279	MGI:100234		S	J	J	S	J	J	S	S	S	J	J	S	J	J	J:34480	Shultz KL, Mamm Genome 1996 Jul;7(7):526-32	
SWXJ	7	45.0	D7Mit250	MGI:100263		S	J	J	S	J	J	S	S	S	J	J	S	J	J	J:34480	Shultz KL, Mamm Genome 1996 Jul;7(7):526-32	
SWXJ	7	49.01	Tyr	MGI:98880		S	J	S	S	J	J	S	S	S	J	J	S	J	J	J:7560	Taylor BA, Mol Gen Genet 1984;195(3):491-9	
SWXJ	7	57.21	D7Mit17	MGI:93991		S	J	S	S	J	J	S	S	S	J	J	S	J	S	J:34480	Shultz KL, Mamm Genome 1996 Jul;7(7):526-32	
SWXJ	7	57.52	D7Mit130	MGI:93948		S	J	S	S	J	J	S	S	S	J	J	S	J	S	J:34480	Shultz KL, Mamm Genome 1996 Jul;7(7):526-32	
SWXJ	7	57.7	D7Mit328	MGI:102167		S	J	S	S	J	J	S	S	S	J	J	S	J	S	J:34480	Shultz KL, Mamm Genome 1996 Jul;7(7):526-32	
SWXJ	7	61.42	D7Mit237	MGI:100276		S	J	S	S	J	J	S	S	J	J	J	S	J	S	J:34480	Shultz KL, Mamm Genome 1996 Jul;7(7):526-32	
SWXJ	7	63.44	D7Mit282	MGI:100231		S	J	S	S	J	J	S	S	S	S	J	S	J	S	J:34480	Shultz KL, Mamm Genome 1996 Jul;7(7):526-32	
SWXJ	7	73.19	D7Mit135	MGI:93953		S	J	S	S	J	J	S	S	J	S	S	J	J	S	J:34480	Shultz KL, Mamm Genome 1996 Jul;7(7):526-32	
SWXJ	7	81.85	D7Mit12	MGI:93936		S	J	S	S	J	J	J	S	J	S	S	J	J	J	J:34480	Shultz KL, Mamm Genome 1996 Jul;7(7):526-32	
SWXJ	8	-1.0	D8Mit85	MGI:94454		S	S	J	S	S	S	S	J	J	S	S	S	J	S	J:34480	Shultz KL, Mamm Genome 1996 Jul;7(7):526-32	
SWXJ	8	-1.0	Hrt1	MGI:96229		S	S	J	S	J	S	S	J	J	S	S	S	J	J	J:34480	Shultz KL, Mamm Genome 1996 Jul;7(7):526-32	
SWXJ	8	11.42	D8Mit16	MGI:94342		J	S	J	S	S	S	J	J	J	S	S	S	S	J	J:34480	Shultz KL, Mamm Genome 1996 Jul;7(7):526-32	
SWXJ	8	21.16	D8Mit24	MGI:94390		S	S	J	S	S	J	S	J	S	S	J	S	J	J	J:34480	Shultz KL, Mamm Genome 1996 Jul;7(7):526-32	
SWXJ	8	39.33	D8Mit75	MGI:94443		S	S	J	S	J	S	S	J	S	S	J	S	J	J	J:34480	Shultz KL, Mamm Genome 1996 Jul;7(7):526-32	
SWXJ	8	40.98	D8Mit78	MGI:94446		S	S	J	S	J	S	S	J	S	S	J	S	J	J	J:34480	Shultz KL, Mamm Genome 1996 Jul;7(7):526-32	
SWXJ	8	43.06	D8Mit80	MGI:94449		S	S	J	S	J	S	S	J	J	S	S	S	J	J	J:34480	Shultz KL, Mamm Genome 1996 Jul;7(7):526-32	
SWXJ	8	45.94	D8Mit40	MGI:94405		S	S	J	S	J	S	S	J	J	S	S	S	J	J	J:34480	Shultz KL, Mamm Genome 1996 Jul;7(7):526-32	
SWXJ	8	47.79	Got2	MGI:95792		S	S	J	S	J	S	S	J	J	S	S	S	J	J	J:34480	Shultz KL, Mamm Genome 1996 Jul;7(7):526-32	
SWXJ	8	62.93	D8Mit89	MGI:94458		J	S	J	S	S	S	J	J	J	S	S	S	S	J	J:34480	Shultz KL, Mamm Genome 1996 Jul;7(7):526-32	
SWXJ	8	66.0	D8Mit120	MGI:94299		J	S	J	S	S	S	J	J	J	S	S	S	S	S	J:34480	Shultz KL, Mamm Genome 1996 Jul;7(7):526-32	
SWXJ	8	74.62	D8Mit92	MGI:94462		J	S	S	J	S	S	J	J	J	S	S	J	S	S	J:34480	Shultz KL, Mamm Genome 1996 Jul;7(7):526-32	
SWXJ	9	20.71	D9Mit67	MGI:94759		J	J	S	J	S	J	J	S	J	J	J	S	S	J	J:34480	Shultz KL, Mamm Genome 1996 Jul;7(7):526-32	
SWXJ	9	20.76	D9Mit2	MGI:94712		J	J	S	J	S	J	J	S	S	J	J	J	S	S	J:34480	Shultz KL, Mamm Genome 1996 Jul;7(7):526-32	
SWXJ	9	24.84	D9Mit68	MGI:94760		J	S	J	J	S	J	J	S	S	J	J	J	S	S	J:34480	Shultz KL, Mamm Genome 1996 Jul;7(7):526-32	
SWXJ	9	25.36	Apoa1	MGI:88049		J	S	J	J	S	J	J	S	S	J	J	J	S	S	J:34480	Shultz KL, Mamm Genome 1996 Jul;7(7):526-32	
SWXJ	9	25.91	D9Mit130	MGI:94637		J	S	J	J	S	J	J	S	J	J	J	J	S	S	J:34480	Shultz KL, Mamm Genome 1996 Jul;7(7):526-32	
SWXJ	9	26.42	D9Mit154	MGI:94663		J	S	J	J	S	J	J	S	J	J	J	J	S	S	J:34480	Shultz KL, Mamm Genome 1996 Jul;7(7):526-32	
SWXJ	9	26.9	D9Mit46	MGI:94737		J	S	J	J	J	J	J	S	S	J	J	J	S	S	J:34480	Shultz KL, Mamm Genome 1996 Jul;7(7):526-32	
SWXJ	9	27.07	D9Mit71	MGI:94763		J	S	J	J	J	J	J	S	S	J	J	J	S	S	J:34480	Shultz KL, Mamm Genome 1996 Jul;7(7):526-32	
SWXJ	9	27.75	D9Mit27	MGI:94722		J	S	J	J	J	J	J	S	S	J	J	J	S	S	J:34480	Shultz KL, Mamm Genome 1996 Jul;7(7):526-32	
SWXJ	9	27.75	D9Mit70	MGI:94762		J	S	J	J	J	J	J	S	S	J	J	J	S	S	J:34480	Shultz KL, Mamm Genome 1996 Jul;7(7):526-32	
SWXJ	9	31.31	D9Mit21	MGI:94716		J	S	J	J	J	J	J	S	S	J	J	J	S	S	J:34480	Shultz KL, Mamm Genome 1996 Jul;7(7):526-32	
SWXJ	9	67.33	D9Mit17	MGI:94680		J	S	J	S	S	S	J	J	J	S	J	Z	J	S	J:34480	Shultz KL, Mamm Genome 1996 Jul;7(7):526-32	
SWXJ	9	71.33	D9Mit216	MGI:100107		J	J	J	J	S	S	S	S	J	S	J	J	J	J	J:34480	Shultz KL, Mamm Genome 1996 Jul;7(7):526-32	
SWXJ	X	-1.0	DXMit16	MGI:95088		J	S	S	J	S	S	S	J	J	S	S	S	J	S	J:34480	Shultz KL, Mamm Genome 1996 Jul;7(7):526-32	J:49710	Beamer WG, Cancer Res 1998 Aug 15;58(16):3694-9	
SWXJ	X	-1.0	Gct4	MGI:98356		J	S	S	J	S	S	S	J	J	S	S	S	J	S	J:49710	Beamer WG, Cancer Res 1998 Aug 15;58(16):3694-9	
SWXJ	X	3.31	DXMit55	MGI:95130		J	J	J	S	S	J	S	S	S	S	S	S	J	J	J:34480	Shultz KL, Mamm Genome 1996 Jul;7(7):526-32	
SWXJ	X	29.31	DXMit22	MGI:95094		J	S	S	J	J	S	S	J	J	S	S	S	J	S	J:34480	Shultz KL, Mamm Genome 1996 Jul;7(7):526-32	J:49710	Beamer WG, Cancer Res 1998 Aug 15;58(16):3694-9	
SWXJ	X	34.69	DXMit46	MGI:95120		J	S	S	S	J	S	S	J	J	S	S	S	J	S	J:34480	Shultz KL, Mamm Genome 1996 Jul;7(7):526-32	
SWXJ	X	57.4	DXMit38	MGI:95111		S	S	S	J	S	S	S	J	J	S	J	S	J	S	J:34480	Shultz KL, Mamm Genome 1996 Jul;7(7):526-32	J:49710	Beamer WG, Cancer Res 1998 Aug 15;58(16):3694-9	
SWXJ	X	62.48	DXMit132	MGI:100016		S	S	S	S	S	S	J	J	S	S	J	S	J	S	J:34480	Shultz KL, Mamm Genome 1996 Jul;7(7):526-32	
SWXJ	X	64.12	DXMit35	MGI:95108		S	S	S	J	S	S	J	J	S	S	J	S	J	S	J:34480	Shultz KL, Mamm Genome 1996 Jul;7(7):526-32	
SWXJ	X	67.49	DXMit155	MGI:99993		S	S	S	J	S	S	J	J	S	S	J	S	J	S	J:34480	Shultz KL, Mamm Genome 1996 Jul;7(7):526-32	
SWXJ	X	68.46	DXMit197	MGI:102459		S	S	S	J	S	S	J	J	S	S	J	S	J	S	J:34480	Shultz KL, Mamm Genome 1996 Jul;7(7):526-32	
SWXJ	X	75.14	DXMit182	MGI:99966		S	S	S	J	S	S	J	S	S	S	S	S	J	S	J:34480	Shultz KL, Mamm Genome 1996 Jul;7(7):526-32	
